
Bookãƒ¢ãƒ‡ãƒ«ã®ãƒ†ã‚¹ãƒˆ
  ãƒãƒªãƒ‡ãƒ¼ã‚·ãƒ§ãƒ³ã®ãƒ†ã‚¹ãƒˆ
    titleã‚«ãƒ©ãƒ 
[32m      ç©ºæ¬„ã§ãªã„ã“ã¨[0m
    bodyã‚«ãƒ©ãƒ 
[32m      ç©ºæ¬„ã§ãªã„ã“ã¨[0m
[32m      200æ–‡å­—ä»¥ä¸‹ã§ã‚ã‚‹ã“ã¨: 200æ–‡å­—ã¯ã€‡[0m
[32m      200æ–‡å­—ä»¥ä¸‹ã§ã‚ã‚‹ã“ã¨: 201æ–‡å­—ã¯Ã—[0m
  ã‚¢ã‚½ã‚·ã‚¨ãƒ¼ã‚·ãƒ§ãƒ³ã®ãƒ†ã‚¹ãƒˆ
    Userãƒ¢ãƒ‡ãƒ«ã¨ã®é–¢ä¿‚
[32m      N:1ã¨ãªã£ã¦ã„ã‚‹[0m

Userãƒ¢ãƒ‡ãƒ«ã®ãƒ†ã‚¹ãƒˆ
  ãƒãƒªãƒ‡ãƒ¼ã‚·ãƒ§ãƒ³ã®ãƒ†ã‚¹ãƒˆ
    nameã‚«ãƒ©ãƒ 
[32m      ç©ºæ¬„ã§ãªã„ã“ã¨[0m
[32m      2æ–‡å­—ä»¥ä¸Šã§ã‚ã‚‹ã“ã¨: 1æ–‡å­—ã¯Ã—[0m
[32m      2æ–‡å­—ä»¥ä¸Šã§ã‚ã‚‹ã“ã¨: 2æ–‡å­—ã¯ã€‡[0m
[32m      20æ–‡å­—ä»¥ä¸‹ã§ã‚ã‚‹ã“ã¨: 20æ–‡å­—ã¯ã€‡[0m
[32m      20æ–‡å­—ä»¥ä¸‹ã§ã‚ã‚‹ã“ã¨: 21æ–‡å­—ã¯Ã—[0m
[32m      ä¸€æ„æ€§ãŒã‚ã‚‹ã“ã¨[0m
    introductionã‚«ãƒ©ãƒ 
[32m      50æ–‡å­—ä»¥ä¸‹ã§ã‚ã‚‹ã“ã¨: 50æ–‡å­—ã¯ã€‡[0m
[32m      50æ–‡å­—ä»¥ä¸‹ã§ã‚ã‚‹ã“ã¨: 51æ–‡å­—ã¯Ã—[0m
  ã‚¢ã‚½ã‚·ã‚¨ãƒ¼ã‚·ãƒ§ãƒ³ã®ãƒ†ã‚¹ãƒˆ
    Bookãƒ¢ãƒ‡ãƒ«ã¨ã®é–¢ä¿‚
[32m      1:Nã¨ãªã£ã¦ã„ã‚‹[0m

[STEP1] ãƒ¦ãƒ¼ã‚¶ãƒ­ã‚°ã‚¤ãƒ³å‰ã®ãƒ†ã‚¹ãƒˆ
  ãƒˆãƒƒãƒ—ç”»é¢ã®ãƒ†ã‚¹ãƒˆ
    è¡¨ç¤ºå†…å®¹ã®ç¢ºèª
[32m      URLãŒæ­£ã—ã„[0m
[32m      Log inãƒªãƒ³ã‚¯ãŒè¡¨ç¤ºã•ã‚Œã‚‹: å·¦ä¸Šã‹ã‚‰5ç•ªç›®ã®ãƒªãƒ³ã‚¯ãŒã€ŒLog inã€ã§ã‚ã‚‹[0m
[32m      Log inãƒªãƒ³ã‚¯ã®å†…å®¹ãŒæ­£ã—ã„[0m
[31m      Sign Upãƒªãƒ³ã‚¯ãŒè¡¨ç¤ºã•ã‚Œã‚‹: å·¦ä¸Šã‹ã‚‰6ç•ªç›®ã®ãƒªãƒ³ã‚¯ãŒã€ŒSign Upã€ã§ã‚ã‚‹ (FAILED - 1)[0m
[31m      Sign Upãƒªãƒ³ã‚¯ã®å†…å®¹ãŒæ­£ã—ã„ (FAILED - 2)[0m
  ã‚¢ãƒã‚¦ãƒˆç”»é¢ã®ãƒ†ã‚¹ãƒˆ
    è¡¨ç¤ºå†…å®¹ã®ç¢ºèª
[32m      URLãŒæ­£ã—ã„[0m
  ãƒ˜ãƒƒãƒ€ãƒ¼ã®ãƒ†ã‚¹ãƒˆ: ãƒ­ã‚°ã‚¤ãƒ³ã—ã¦ã„ãªã„å ´åˆ
    è¡¨ç¤ºå†…å®¹ã®ç¢ºèª
[32m      ã‚¿ã‚¤ãƒˆãƒ«ãŒè¡¨ç¤ºã•ã‚Œã‚‹[0m
[31m      Homeãƒªãƒ³ã‚¯ãŒè¡¨ç¤ºã•ã‚Œã‚‹: å·¦ä¸Šã‹ã‚‰1ç•ªç›®ã®ãƒªãƒ³ã‚¯ãŒã€ŒHomeã€ã§ã‚ã‚‹ (FAILED - 3)[0m
[31m      Aboutãƒªãƒ³ã‚¯ãŒè¡¨ç¤ºã•ã‚Œã‚‹: å·¦ä¸Šã‹ã‚‰2ç•ªç›®ã®ãƒªãƒ³ã‚¯ãŒã€ŒAboutã€ã§ã‚ã‚‹ (FAILED - 4)[0m
[31m      sign upãƒªãƒ³ã‚¯ãŒè¡¨ç¤ºã•ã‚Œã‚‹: å·¦ä¸Šã‹ã‚‰3ç•ªç›®ã®ãƒªãƒ³ã‚¯ãŒã€Œsign upã€ã§ã‚ã‚‹ (FAILED - 5)[0m
[31m      loginãƒªãƒ³ã‚¯ãŒè¡¨ç¤ºã•ã‚Œã‚‹: å·¦ä¸Šã‹ã‚‰4ç•ªç›®ã®ãƒªãƒ³ã‚¯ãŒã€Œloginã€ã§ã‚ã‚‹ (FAILED - 6)[0m
    ãƒªãƒ³ã‚¯ã®å†…å®¹ã‚’ç¢ºèª
[31m      Homeã‚’æŠ¼ã™ã¨ã€ãƒˆãƒƒãƒ—ç”»é¢ã«é·ç§»ã™ã‚‹ (FAILED - 7)[0m
[31m      Aboutã‚’æŠ¼ã™ã¨ã€ã‚¢ãƒã‚¦ãƒˆç”»é¢ã«é·ç§»ã™ã‚‹ (FAILED - 8)[0m
[31m      sign upã‚’æŠ¼ã™ã¨ã€æ–°è¦ç™»éŒ²ç”»é¢ã«é·ç§»ã™ã‚‹ (FAILED - 9)[0m
[31m      loginã‚’æŠ¼ã™ã¨ã€ãƒ­ã‚°ã‚¤ãƒ³ç”»é¢ã«é·ç§»ã™ã‚‹ (FAILED - 10)[0m
  ãƒ¦ãƒ¼ã‚¶æ–°è¦ç™»éŒ²ã®ãƒ†ã‚¹ãƒˆ
    è¡¨ç¤ºå†…å®¹ã®ç¢ºèª
[32m      URLãŒæ­£ã—ã„[0m
[32m      ã€ŒSign upã€ã¨è¡¨ç¤ºã•ã‚Œã‚‹[0m
[32m      nameãƒ•ã‚©ãƒ¼ãƒ ãŒè¡¨ç¤ºã•ã‚Œã‚‹[0m
[32m      emailãƒ•ã‚©ãƒ¼ãƒ ãŒè¡¨ç¤ºã•ã‚Œã‚‹[0m
[32m      passwordãƒ•ã‚©ãƒ¼ãƒ ãŒè¡¨ç¤ºã•ã‚Œã‚‹[0m
[32m      password_confirmationãƒ•ã‚©ãƒ¼ãƒ ãŒè¡¨ç¤ºã•ã‚Œã‚‹[0m
[32m      Sign upãƒœã‚¿ãƒ³ãŒè¡¨ç¤ºã•ã‚Œã‚‹[0m
    æ–°è¦ç™»éŒ²æˆåŠŸã®ãƒ†ã‚¹ãƒˆ
[32m      æ­£ã—ãæ–°è¦ç™»éŒ²ã•ã‚Œã‚‹[0m
[32m      æ–°è¦ç™»éŒ²å¾Œã®ãƒªãƒ€ã‚¤ãƒ¬ã‚¯ãƒˆå…ˆãŒã€æ–°è¦ç™»éŒ²ã§ããŸãƒ¦ãƒ¼ã‚¶ã®è©³ç´°ç”»é¢ã«ãªã£ã¦ã„ã‚‹[0m
  ãƒ¦ãƒ¼ã‚¶ãƒ­ã‚°ã‚¤ãƒ³
    è¡¨ç¤ºå†…å®¹ã®ç¢ºèª
[32m      URLãŒæ­£ã—ã„[0m
[32m      ã€ŒLog inã€ã¨è¡¨ç¤ºã•ã‚Œã‚‹[0m
[32m      nameãƒ•ã‚©ãƒ¼ãƒ ãŒè¡¨ç¤ºã•ã‚Œã‚‹[0m
[32m      passwordãƒ•ã‚©ãƒ¼ãƒ ãŒè¡¨ç¤ºã•ã‚Œã‚‹[0m
[32m      Sign upãƒœã‚¿ãƒ³ãŒè¡¨ç¤ºã•ã‚Œã‚‹[0m
[32m      emailãƒ•ã‚©ãƒ¼ãƒ ã¯è¡¨ç¤ºã•ã‚Œãªã„[0m
    ãƒ­ã‚°ã‚¤ãƒ³æˆåŠŸã®ãƒ†ã‚¹ãƒˆ
[32m      ãƒ­ã‚°ã‚¤ãƒ³å¾Œã®ãƒªãƒ€ã‚¤ãƒ¬ã‚¯ãƒˆå…ˆãŒã€ãƒ­ã‚°ã‚¤ãƒ³ã—ãŸãƒ¦ãƒ¼ã‚¶ã®è©³ç´°ç”»é¢ã«ãªã£ã¦ã„ã‚‹[0m
    ãƒ­ã‚°ã‚¤ãƒ³å¤±æ•—ã®ãƒ†ã‚¹ãƒˆ
[32m      ãƒ­ã‚°ã‚¤ãƒ³ã«å¤±æ•—ã—ã€ãƒ­ã‚°ã‚¤ãƒ³ç”»é¢ã«ãƒªãƒ€ã‚¤ãƒ¬ã‚¯ãƒˆã•ã‚Œã‚‹[0m
  ãƒ˜ãƒƒãƒ€ãƒ¼ã®ãƒ†ã‚¹ãƒˆ: ãƒ­ã‚°ã‚¤ãƒ³ã—ã¦ã„ã‚‹å ´åˆ
    ãƒ˜ãƒƒãƒ€ãƒ¼ã®è¡¨ç¤ºã‚’ç¢ºèª
[31m      ã‚¿ã‚¤ãƒˆãƒ«ãŒè¡¨ç¤ºã•ã‚Œã‚‹ (FAILED - 11)[0m
[31m      Homeãƒªãƒ³ã‚¯ãŒè¡¨ç¤ºã•ã‚Œã‚‹: å·¦ä¸Šã‹ã‚‰1ç•ªç›®ã®ãƒªãƒ³ã‚¯ãŒã€ŒHomeã€ã§ã‚ã‚‹ (FAILED - 12)[0m
[31m      Usersãƒªãƒ³ã‚¯ãŒè¡¨ç¤ºã•ã‚Œã‚‹: å·¦ä¸Šã‹ã‚‰2ç•ªç›®ã®ãƒªãƒ³ã‚¯ãŒã€ŒUsersã€ã§ã‚ã‚‹ (FAILED - 13)[0m
[31m      Booksãƒªãƒ³ã‚¯ãŒè¡¨ç¤ºã•ã‚Œã‚‹: å·¦ä¸Šã‹ã‚‰3ç•ªç›®ã®ãƒªãƒ³ã‚¯ãŒã€ŒBooksã€ã§ã‚ã‚‹ (FAILED - 14)[0m
[31m      log outãƒªãƒ³ã‚¯ãŒè¡¨ç¤ºã•ã‚Œã‚‹: å·¦ä¸Šã‹ã‚‰4ç•ªç›®ã®ãƒªãƒ³ã‚¯ãŒã€Œlogoutã€ã§ã‚ã‚‹ (FAILED - 15)[0m
  ãƒ¦ãƒ¼ã‚¶ãƒ­ã‚°ã‚¢ã‚¦ãƒˆã®ãƒ†ã‚¹ãƒˆ
    ãƒ­ã‚°ã‚¢ã‚¦ãƒˆæ©Ÿèƒ½ã®ãƒ†ã‚¹ãƒˆ
[31m      æ­£ã—ããƒ­ã‚°ã‚¢ã‚¦ãƒˆã§ãã¦ã„ã‚‹: ãƒ­ã‚°ã‚¢ã‚¦ãƒˆå¾Œã®ãƒªãƒ€ã‚¤ãƒ¬ã‚¯ãƒˆå…ˆã«ãŠã„ã¦Aboutç”»é¢ã¸ã®ãƒªãƒ³ã‚¯ãŒå­˜åœ¨ã™ã‚‹ (FAILED - 16)[0m
[31m      ãƒ­ã‚°ã‚¢ã‚¦ãƒˆå¾Œã®ãƒªãƒ€ã‚¤ãƒ¬ã‚¯ãƒˆå…ˆãŒã€ãƒˆãƒƒãƒ—ã«ãªã£ã¦ã„ã‚‹ (FAILED - 17)[0m

[STEP2] ãƒ¦ãƒ¼ã‚¶ãƒ­ã‚°ã‚¤ãƒ³å¾Œã®ãƒ†ã‚¹ãƒˆ
  ãƒ˜ãƒƒãƒ€ãƒ¼ã®ãƒ†ã‚¹ãƒˆ: ãƒ­ã‚°ã‚¤ãƒ³ã—ã¦ã„ã‚‹å ´åˆ
    ãƒªãƒ³ã‚¯ã®å†…å®¹ã‚’ç¢ºèª: â€»logoutã¯ã€ãƒ¦ãƒ¼ã‚¶ãƒ­ã‚°ã‚¢ã‚¦ãƒˆã®ãƒ†ã‚¹ãƒˆã€ã§ãƒ†ã‚¹ãƒˆæ¸ˆã¿ã«ãªã‚Šã¾ã™ã€‚
[31m      Homeã‚’æŠ¼ã™ã¨ã€è‡ªåˆ†ã®ãƒ¦ãƒ¼ã‚¶è©³ç´°ç”»é¢ã«é·ç§»ã™ã‚‹ (FAILED - 18)[0m
[31m      Usersã‚’æŠ¼ã™ã¨ã€ãƒ¦ãƒ¼ã‚¶ä¸€è¦§ç”»é¢ã«é·ç§»ã™ã‚‹ (FAILED - 19)[0m
[31m      Booksã‚’æŠ¼ã™ã¨ã€æŠ•ç¨¿ä¸€è¦§ç”»é¢ã«é·ç§»ã™ã‚‹ (FAILED - 20)[0m
  æŠ•ç¨¿ä¸€è¦§ç”»é¢ã®ãƒ†ã‚¹ãƒˆ
    è¡¨ç¤ºå†…å®¹ã®ç¢ºèª
[31m      URLãŒæ­£ã—ã„ (FAILED - 21)[0m
[31m      è‡ªåˆ†ã¨ä»–äººã®ç”»åƒã®ãƒªãƒ³ã‚¯å…ˆãŒæ­£ã—ã„ (FAILED - 22)[0m
[31m      è‡ªåˆ†ã®æŠ•ç¨¿ã¨ä»–äººã®æŠ•ç¨¿ã®ã‚¿ã‚¤ãƒˆãƒ«ã®ãƒªãƒ³ã‚¯å…ˆãŒãã‚Œãã‚Œæ­£ã—ã„ (FAILED - 23)[0m
[31m      è‡ªåˆ†ã®æŠ•ç¨¿ã¨ä»–äººã®æŠ•ç¨¿ã®ã‚ªãƒ”ãƒ‹ã‚ªãƒ³ãŒè¡¨ç¤ºã•ã‚Œã‚‹ (FAILED - 24)[0m
    ã‚µã‚¤ãƒ‰ãƒãƒ¼ã®ç¢ºèª
[31m      è‡ªåˆ†ã®åå‰ã¨ç´¹ä»‹æ–‡ãŒè¡¨ç¤ºã•ã‚Œã‚‹ (FAILED - 25)[0m
[31m      è‡ªåˆ†ã®ãƒ¦ãƒ¼ã‚¶ç·¨é›†ç”»é¢ã¸ã®ãƒªãƒ³ã‚¯ãŒå­˜åœ¨ã™ã‚‹ (FAILED - 26)[0m
[31m      ã€ŒNew bookã€ã¨è¡¨ç¤ºã•ã‚Œã‚‹ (FAILED - 27)[0m
[31m      titleãƒ•ã‚©ãƒ¼ãƒ ãŒè¡¨ç¤ºã•ã‚Œã‚‹ (FAILED - 28)[0m
[31m      titleãƒ•ã‚©ãƒ¼ãƒ ã«å€¤ãŒå…¥ã£ã¦ã„ãªã„ (FAILED - 29)[0m
[31m      opinionãƒ•ã‚©ãƒ¼ãƒ ãŒè¡¨ç¤ºã•ã‚Œã‚‹ (FAILED - 30)[0m
[31m      opinionãƒ•ã‚©ãƒ¼ãƒ ã«å€¤ãŒå…¥ã£ã¦ã„ãªã„ (FAILED - 31)[0m
[31m      Create Bookãƒœã‚¿ãƒ³ãŒè¡¨ç¤ºã•ã‚Œã‚‹ (FAILED - 32)[0m
    æŠ•ç¨¿æˆåŠŸã®ãƒ†ã‚¹ãƒˆ
[31m      è‡ªåˆ†ã®æ–°ã—ã„æŠ•ç¨¿ãŒæ­£ã—ãä¿å­˜ã•ã‚Œã‚‹ (FAILED - 33)[0m
[31m      ãƒªãƒ€ã‚¤ãƒ¬ã‚¯ãƒˆå…ˆãŒã€ä¿å­˜ã§ããŸæŠ•ç¨¿ã®è©³ç´°ç”»é¢ã«ãªã£ã¦ã„ã‚‹ (FAILED - 34)[0m
  è‡ªåˆ†ã®æŠ•ç¨¿è©³ç´°ç”»é¢ã®ãƒ†ã‚¹ãƒˆ
    è¡¨ç¤ºå†…å®¹ã®ç¢ºèª
[32m      URLãŒæ­£ã—ã„[0m
[31m      ã€ŒBook detailã€ã¨è¡¨ç¤ºã•ã‚Œã‚‹ (FAILED - 35)[0m
[32m      ãƒ¦ãƒ¼ã‚¶ç”»åƒãƒ»åå‰ã®ãƒªãƒ³ã‚¯å…ˆãŒæ­£ã—ã„[0m
[32m      æŠ•ç¨¿ã®titleãŒè¡¨ç¤ºã•ã‚Œã‚‹[0m
[32m      æŠ•ç¨¿ã®opinionãŒè¡¨ç¤ºã•ã‚Œã‚‹[0m
[32m      æŠ•ç¨¿ã®ç·¨é›†ãƒªãƒ³ã‚¯ãŒè¡¨ç¤ºã•ã‚Œã‚‹[0m
[32m      æŠ•ç¨¿ã®å‰Šé™¤ãƒªãƒ³ã‚¯ãŒè¡¨ç¤ºã•ã‚Œã‚‹[0m
    ã‚µã‚¤ãƒ‰ãƒãƒ¼ã®ç¢ºèª
[31m      è‡ªåˆ†ã®åå‰ã¨ç´¹ä»‹æ–‡ãŒè¡¨ç¤ºã•ã‚Œã‚‹ (FAILED - 36)[0m
[31m      è‡ªåˆ†ã®ãƒ¦ãƒ¼ã‚¶ç·¨é›†ç”»é¢ã¸ã®ãƒªãƒ³ã‚¯ãŒå­˜åœ¨ã™ã‚‹ (FAILED - 37)[0m
[31m      ã€ŒNew bookã€ã¨è¡¨ç¤ºã•ã‚Œã‚‹ (FAILED - 38)[0m
[31m      titleãƒ•ã‚©ãƒ¼ãƒ ãŒè¡¨ç¤ºã•ã‚Œã‚‹ (FAILED - 39)[0m
[31m      titleãƒ•ã‚©ãƒ¼ãƒ ã«å€¤ãŒå…¥ã£ã¦ã„ãªã„ (FAILED - 40)[0m
[31m      opinionãƒ•ã‚©ãƒ¼ãƒ ãŒè¡¨ç¤ºã•ã‚Œã‚‹ (FAILED - 41)[0m
[31m      opinionãƒ•ã‚©ãƒ¼ãƒ ã«å€¤ãŒå…¥ã£ã¦ã„ãªã„ (FAILED - 42)[0m
[31m      Create Bookãƒœã‚¿ãƒ³ãŒè¡¨ç¤ºã•ã‚Œã‚‹ (FAILED - 43)[0m
    æŠ•ç¨¿æˆåŠŸã®ãƒ†ã‚¹ãƒˆ
[31m      è‡ªåˆ†ã®æ–°ã—ã„æŠ•ç¨¿ãŒæ­£ã—ãä¿å­˜ã•ã‚Œã‚‹ (FAILED - 44)[0m
    ç·¨é›†ãƒªãƒ³ã‚¯ã®ãƒ†ã‚¹ãƒˆ
[32m      ç·¨é›†ç”»é¢ã«é·ç§»ã™ã‚‹[0m
    å‰Šé™¤ãƒªãƒ³ã‚¯ã®ãƒ†ã‚¹ãƒˆ
[31m      æ­£ã—ãå‰Šé™¤ã•ã‚Œã‚‹ (FAILED - 45)[0m
[31m      ãƒªãƒ€ã‚¤ãƒ¬ã‚¯ãƒˆå…ˆãŒã€æŠ•ç¨¿ä¸€è¦§ç”»é¢ã«ãªã£ã¦ã„ã‚‹ (FAILED - 46)[0m
  è‡ªåˆ†ã®æŠ•ç¨¿ç·¨é›†ç”»é¢ã®ãƒ†ã‚¹ãƒˆ
    è¡¨ç¤ºã®ç¢ºèª
[32m      URLãŒæ­£ã—ã„[0m
[31m      ã€ŒEditing Bookã€ã¨è¡¨ç¤ºã•ã‚Œã‚‹ (FAILED - 47)[0m
[32m      titleç·¨é›†ãƒ•ã‚©ãƒ¼ãƒ ãŒè¡¨ç¤ºã•ã‚Œã‚‹[0m
[32m      opinionç·¨é›†ãƒ•ã‚©ãƒ¼ãƒ ãŒè¡¨ç¤ºã•ã‚Œã‚‹[0m
[31m      Update Bookãƒœã‚¿ãƒ³ãŒè¡¨ç¤ºã•ã‚Œã‚‹ (FAILED - 48)[0m
[31m      Showãƒªãƒ³ã‚¯ãŒè¡¨ç¤ºã•ã‚Œã‚‹ (FAILED - 49)[0m
[31m      Backãƒªãƒ³ã‚¯ãŒè¡¨ç¤ºã•ã‚Œã‚‹ (FAILED - 50)[0m
    ç·¨é›†æˆåŠŸã®ãƒ†ã‚¹ãƒˆ
[31m      titleãŒæ­£ã—ãæ›´æ–°ã•ã‚Œã‚‹ (FAILED - 51)[0m
[31m      bodyãŒæ­£ã—ãæ›´æ–°ã•ã‚Œã‚‹ (FAILED - 52)[0m
[31m      ãƒªãƒ€ã‚¤ãƒ¬ã‚¯ãƒˆå…ˆãŒã€æ›´æ–°ã—ãŸæŠ•ç¨¿ã®è©³ç´°ç”»é¢ã«ãªã£ã¦ã„ã‚‹ (FAILED - 53)[0m
  ãƒ¦ãƒ¼ã‚¶ä¸€è¦§ç”»é¢ã®ãƒ†ã‚¹ãƒˆ
    è¡¨ç¤ºå†…å®¹ã®ç¢ºèª
[32m      URLãŒæ­£ã—ã„[0m
[32m      è‡ªåˆ†ã¨ä»–äººã®ç”»åƒãŒè¡¨ç¤ºã•ã‚Œã‚‹: fallbackã®ç”»åƒãŒã‚µã‚¤ãƒ‰ãƒãƒ¼ã®1ã¤ï¼‹ä¸€è¦§(2äºº)ã®2ã¤ã®è¨ˆ3ã¤å­˜åœ¨ã™ã‚‹[0m
[32m      è‡ªåˆ†ã¨ä»–äººã®åå‰ãŒãã‚Œãã‚Œè¡¨ç¤ºã•ã‚Œã‚‹[0m
[32m      è‡ªåˆ†ã¨ä»–äººã®showãƒªãƒ³ã‚¯ãŒãã‚Œãã‚Œè¡¨ç¤ºã•ã‚Œã‚‹[0m
    ã‚µã‚¤ãƒ‰ãƒãƒ¼ã®ç¢ºèª
[32m      è‡ªåˆ†ã®åå‰ã¨ç´¹ä»‹æ–‡ãŒè¡¨ç¤ºã•ã‚Œã‚‹[0m
[32m      è‡ªåˆ†ã®ãƒ¦ãƒ¼ã‚¶ç·¨é›†ç”»é¢ã¸ã®ãƒªãƒ³ã‚¯ãŒå­˜åœ¨ã™ã‚‹[0m
[31m      ã€ŒNew bookã€ã¨è¡¨ç¤ºã•ã‚Œã‚‹ (FAILED - 54)[0m
[32m      titleãƒ•ã‚©ãƒ¼ãƒ ãŒè¡¨ç¤ºã•ã‚Œã‚‹[0m
[32m      titleãƒ•ã‚©ãƒ¼ãƒ ã«å€¤ãŒå…¥ã£ã¦ã„ãªã„[0m
[32m      opinionãƒ•ã‚©ãƒ¼ãƒ ãŒè¡¨ç¤ºã•ã‚Œã‚‹[0m
[32m      opinionãƒ•ã‚©ãƒ¼ãƒ ã«å€¤ãŒå…¥ã£ã¦ã„ãªã„[0m
[32m      Create Bookãƒœã‚¿ãƒ³ãŒè¡¨ç¤ºã•ã‚Œã‚‹[0m
  è‡ªåˆ†ã®ãƒ¦ãƒ¼ã‚¶è©³ç´°ç”»é¢ã®ãƒ†ã‚¹ãƒˆ
    è¡¨ç¤ºã®ç¢ºèª
[32m      URLãŒæ­£ã—ã„[0m
[32m      æŠ•ç¨¿ä¸€è¦§ã®ãƒ¦ãƒ¼ã‚¶ç”»åƒã®ãƒªãƒ³ã‚¯å…ˆãŒæ­£ã—ã„[0m
[32m      æŠ•ç¨¿ä¸€è¦§ã«è‡ªåˆ†ã®æŠ•ç¨¿ã®titleãŒè¡¨ç¤ºã•ã‚Œã€ãƒªãƒ³ã‚¯ãŒæ­£ã—ã„[0m
[32m      æŠ•ç¨¿ä¸€è¦§ã«è‡ªåˆ†ã®æŠ•ç¨¿ã®opinionãŒè¡¨ç¤ºã•ã‚Œã‚‹[0m
[32m      ä»–äººã®æŠ•ç¨¿ã¯è¡¨ç¤ºã•ã‚Œãªã„[0m
    ã‚µã‚¤ãƒ‰ãƒãƒ¼ã®ç¢ºèª
[32m      è‡ªåˆ†ã®åå‰ã¨ç´¹ä»‹æ–‡ãŒè¡¨ç¤ºã•ã‚Œã‚‹[0m
[32m      è‡ªåˆ†ã®ãƒ¦ãƒ¼ã‚¶ç·¨é›†ç”»é¢ã¸ã®ãƒªãƒ³ã‚¯ãŒå­˜åœ¨ã™ã‚‹[0m
[31m      ã€ŒNew bookã€ã¨è¡¨ç¤ºã•ã‚Œã‚‹ (FAILED - 55)[0m
[32m      titleãƒ•ã‚©ãƒ¼ãƒ ãŒè¡¨ç¤ºã•ã‚Œã‚‹[0m
[32m      titleãƒ•ã‚©ãƒ¼ãƒ ã«å€¤ãŒå…¥ã£ã¦ã„ãªã„[0m
[32m      opinionãƒ•ã‚©ãƒ¼ãƒ ãŒè¡¨ç¤ºã•ã‚Œã‚‹[0m
[32m      opinionãƒ•ã‚©ãƒ¼ãƒ ã«å€¤ãŒå…¥ã£ã¦ã„ãªã„[0m
[32m      Create Bookãƒœã‚¿ãƒ³ãŒè¡¨ç¤ºã•ã‚Œã‚‹[0m
  è‡ªåˆ†ã®ãƒ¦ãƒ¼ã‚¶æƒ…å ±ç·¨é›†ç”»é¢ã®ãƒ†ã‚¹ãƒˆ
    è¡¨ç¤ºã®ç¢ºèª
[32m      URLãŒæ­£ã—ã„[0m
[32m      åå‰ç·¨é›†ãƒ•ã‚©ãƒ¼ãƒ ã«è‡ªåˆ†ã®åå‰ãŒè¡¨ç¤ºã•ã‚Œã‚‹[0m
[32m      ç”»åƒç·¨é›†ãƒ•ã‚©ãƒ¼ãƒ ãŒè¡¨ç¤ºã•ã‚Œã‚‹[0m
[32m      è‡ªå·±ç´¹ä»‹ç·¨é›†ãƒ•ã‚©ãƒ¼ãƒ ã«è‡ªåˆ†ã®è‡ªå·±ç´¹ä»‹æ–‡ãŒè¡¨ç¤ºã•ã‚Œã‚‹[0m
[31m      Update Userãƒœã‚¿ãƒ³ãŒè¡¨ç¤ºã•ã‚Œã‚‹ (FAILED - 56)[0m
    æ›´æ–°æˆåŠŸã®ãƒ†ã‚¹ãƒˆ
[31m      nameãŒæ­£ã—ãæ›´æ–°ã•ã‚Œã‚‹ (FAILED - 57)[0m
[31m      introductionãŒæ­£ã—ãæ›´æ–°ã•ã‚Œã‚‹ (FAILED - 58)[0m
[31m      ãƒªãƒ€ã‚¤ãƒ¬ã‚¯ãƒˆå…ˆãŒã€è‡ªåˆ†ã®ãƒ¦ãƒ¼ã‚¶è©³ç´°ç”»é¢ã«ãªã£ã¦ã„ã‚‹ (FAILED - 59)[0m

[STEP3] ä»•ä¸Šã’ã®ãƒ†ã‚¹ãƒˆ
  ã‚µã‚¯ã‚»ã‚¹ãƒ¡ãƒƒã‚»ãƒ¼ã‚¸ã®ãƒ†ã‚¹ãƒˆ
[32m    ãƒ¦ãƒ¼ã‚¶æ–°è¦ç™»éŒ²æˆåŠŸæ™‚[0m
[32m    ãƒ¦ãƒ¼ã‚¶ãƒ­ã‚°ã‚¤ãƒ³æˆåŠŸæ™‚[0m
[31m    ãƒ¦ãƒ¼ã‚¶ãƒ­ã‚°ã‚¢ã‚¦ãƒˆæˆåŠŸæ™‚ (FAILED - 60)[0m
[31m    ãƒ¦ãƒ¼ã‚¶ã®ãƒ—ãƒ­ãƒ•ã‚£ãƒ¼ãƒ«æƒ…å ±æ›´æ–°æˆåŠŸæ™‚ (FAILED - 61)[0m
[31m    æŠ•ç¨¿ãƒ‡ãƒ¼ã‚¿ã®æ–°è¦æŠ•ç¨¿æˆåŠŸæ™‚: æŠ•ç¨¿ä¸€è¦§ç”»é¢ã‹ã‚‰è¡Œã„ã¾ã™ã€‚ (FAILED - 62)[0m
[31m    æŠ•ç¨¿ãƒ‡ãƒ¼ã‚¿ã®æ›´æ–°æˆåŠŸæ™‚ (FAILED - 63)[0m
  å‡¦ç†å¤±æ•—æ™‚ã®ãƒ†ã‚¹ãƒˆ
    ãƒ¦ãƒ¼ã‚¶æ–°è¦ç™»éŒ²å¤±æ•—: nameã‚’1æ–‡å­—ã«ã™ã‚‹
[32m      æ–°è¦ç™»éŒ²ã•ã‚Œãªã„[0m
[32m      æ–°è¦ç™»éŒ²ç”»é¢ã‚’è¡¨ç¤ºã—ã¦ãŠã‚Šã€ãƒ•ã‚©ãƒ¼ãƒ ã®å†…å®¹ãŒæ­£ã—ã„[0m
[32m      ãƒãƒªãƒ‡ãƒ¼ã‚·ãƒ§ãƒ³ã‚¨ãƒ©ãƒ¼ãŒè¡¨ç¤ºã•ã‚Œã‚‹[0m
    ãƒ¦ãƒ¼ã‚¶ã®ãƒ—ãƒ­ãƒ•ã‚£ãƒ¼ãƒ«æƒ…å ±ç·¨é›†å¤±æ•—: nameã‚’1æ–‡å­—ã«ã™ã‚‹
[31m      æ›´æ–°ã•ã‚Œãªã„ (FAILED - 64)[0m
[31m      ãƒ¦ãƒ¼ã‚¶ç·¨é›†ç”»é¢ã‚’è¡¨ç¤ºã—ã¦ãŠã‚Šã€ãƒ•ã‚©ãƒ¼ãƒ ã®å†…å®¹ãŒæ­£ã—ã„ (FAILED - 65)[0m
[31m      ãƒãƒªãƒ‡ãƒ¼ã‚·ãƒ§ãƒ³ã‚¨ãƒ©ãƒ¼ãŒè¡¨ç¤ºã•ã‚Œã‚‹ (FAILED - 66)[0m
    æŠ•ç¨¿ãƒ‡ãƒ¼ã‚¿ã®æ–°è¦æŠ•ç¨¿å¤±æ•—: æŠ•ç¨¿ä¸€è¦§ç”»é¢ã‹ã‚‰è¡Œã„ã€titleã‚’ç©ºã«ã™ã‚‹
[31m      æŠ•ç¨¿ãŒä¿å­˜ã•ã‚Œãªã„ (FAILED - 67)[0m
[31m      æŠ•ç¨¿ä¸€è¦§ç”»é¢ã‚’è¡¨ç¤ºã—ã¦ã„ã‚‹ (FAILED - 68)[0m
[31m      æ–°è¦æŠ•ç¨¿ãƒ•ã‚©ãƒ¼ãƒ ã®å†…å®¹ãŒæ­£ã—ã„ (FAILED - 69)[0m
[31m      ãƒãƒªãƒ‡ãƒ¼ã‚·ãƒ§ãƒ³ã‚¨ãƒ©ãƒ¼ãŒè¡¨ç¤ºã•ã‚Œã‚‹ (FAILED - 70)[0m
    æŠ•ç¨¿ãƒ‡ãƒ¼ã‚¿ã®æ›´æ–°å¤±æ•—: titleã‚’ç©ºã«ã™ã‚‹
[31m      æŠ•ç¨¿ãŒæ›´æ–°ã•ã‚Œãªã„ (FAILED - 71)[0m
[31m      æŠ•ç¨¿ç·¨é›†ç”»é¢ã‚’è¡¨ç¤ºã—ã¦ãŠã‚Šã€ãƒ•ã‚©ãƒ¼ãƒ ã®å†…å®¹ãŒæ­£ã—ã„ (FAILED - 72)[0m
[31m      ã‚¨ãƒ©ãƒ¼ãƒ¡ãƒƒã‚»ãƒ¼ã‚¸ãŒè¡¨ç¤ºã•ã‚Œã‚‹ (FAILED - 73)[0m
  ãƒ­ã‚°ã‚¤ãƒ³ã—ã¦ã„ãªã„å ´åˆã®ã‚¢ã‚¯ã‚»ã‚¹åˆ¶é™ã®ãƒ†ã‚¹ãƒˆ: ã‚¢ã‚¯ã‚»ã‚¹ã§ããšã€ãƒ­ã‚°ã‚¤ãƒ³ç”»é¢ã«é·ç§»ã™ã‚‹
[32m    ãƒ¦ãƒ¼ã‚¶ä¸€è¦§ç”»é¢[0m
[32m    ãƒ¦ãƒ¼ã‚¶è©³ç´°ç”»é¢[0m
[32m    ãƒ¦ãƒ¼ã‚¶æƒ…å ±ç·¨é›†ç”»é¢[0m
[32m    æŠ•ç¨¿ä¸€è¦§ç”»é¢[0m
[32m    æŠ•ç¨¿è©³ç´°ç”»é¢[0m
[32m    æŠ•ç¨¿ç·¨é›†ç”»é¢[0m
  ä»–äººã®ç”»é¢ã®ãƒ†ã‚¹ãƒˆ
    ä»–äººã®æŠ•ç¨¿è©³ç´°ç”»é¢ã®ãƒ†ã‚¹ãƒˆ
      è¡¨ç¤ºå†…å®¹ã®ç¢ºèª
[32m        URLãŒæ­£ã—ã„[0m
[31m        ã€ŒBook detailã€ã¨è¡¨ç¤ºã•ã‚Œã‚‹ (FAILED - 74)[0m
[32m        ãƒ¦ãƒ¼ã‚¶ç”»åƒãƒ»åå‰ã®ãƒªãƒ³ã‚¯å…ˆãŒæ­£ã—ã„[0m
[32m        æŠ•ç¨¿ã®titleãŒè¡¨ç¤ºã•ã‚Œã‚‹[0m
[32m        æŠ•ç¨¿ã®opinionãŒè¡¨ç¤ºã•ã‚Œã‚‹[0m
[32m        æŠ•ç¨¿ã®ç·¨é›†ãƒªãƒ³ã‚¯ãŒè¡¨ç¤ºã•ã‚Œãªã„[0m
[32m        æŠ•ç¨¿ã®å‰Šé™¤ãƒªãƒ³ã‚¯ãŒè¡¨ç¤ºã•ã‚Œãªã„[0m
      ã‚µã‚¤ãƒ‰ãƒãƒ¼ã®ç¢ºèª
[31m        ä»–äººã®åå‰ã¨ç´¹ä»‹æ–‡ãŒè¡¨ç¤ºã•ã‚Œã‚‹ (FAILED - 75)[0m
[31m        ä»–äººã®ãƒ¦ãƒ¼ã‚¶ç·¨é›†ç”»é¢ã¸ã®ãƒªãƒ³ã‚¯ãŒå­˜åœ¨ã™ã‚‹ (FAILED - 76)[0m
[32m        è‡ªåˆ†ã®åå‰ã¨ç´¹ä»‹æ–‡ã¯è¡¨ç¤ºã•ã‚Œãªã„[0m
[32m        è‡ªåˆ†ã®ãƒ¦ãƒ¼ã‚¶ç·¨é›†ç”»é¢ã¸ã®ãƒªãƒ³ã‚¯ã¯å­˜åœ¨ã—ãªã„[0m
    ä»–äººã®æŠ•ç¨¿ç·¨é›†ç”»é¢
[31m      é·ç§»ã§ããšã€æŠ•ç¨¿ä¸€è¦§ç”»é¢ã«ãƒªãƒ€ã‚¤ãƒ¬ã‚¯ãƒˆã•ã‚Œã‚‹ (FAILED - 77)[0m
    ä»–äººã®ãƒ¦ãƒ¼ã‚¶è©³ç´°ç”»é¢ã®ãƒ†ã‚¹ãƒˆ
      è¡¨ç¤ºã®ç¢ºèª
[32m        URLãŒæ­£ã—ã„[0m
[31m        æŠ•ç¨¿ä¸€è¦§ã®ãƒ¦ãƒ¼ã‚¶ç”»åƒã®ãƒªãƒ³ã‚¯å…ˆãŒæ­£ã—ã„ (FAILED - 78)[0m
[32m        æŠ•ç¨¿ä¸€è¦§ã«ä»–äººã®æŠ•ç¨¿ã®titleãŒè¡¨ç¤ºã•ã‚Œã€ãƒªãƒ³ã‚¯ãŒæ­£ã—ã„[0m
[32m        æŠ•ç¨¿ä¸€è¦§ã«ä»–äººã®æŠ•ç¨¿ã®opinionãŒè¡¨ç¤ºã•ã‚Œã‚‹[0m
[32m        è‡ªåˆ†ã®æŠ•ç¨¿ã¯è¡¨ç¤ºã•ã‚Œãªã„[0m
      ã‚µã‚¤ãƒ‰ãƒãƒ¼ã®ç¢ºèª
[32m        ä»–äººã®åå‰ã¨ç´¹ä»‹æ–‡ãŒè¡¨ç¤ºã•ã‚Œã‚‹[0m
[31m        ä»–äººã®ãƒ¦ãƒ¼ã‚¶ç·¨é›†ç”»é¢ã¸ã®ãƒªãƒ³ã‚¯ãŒå­˜åœ¨ã™ã‚‹ (FAILED - 79)[0m
[32m        è‡ªåˆ†ã®åå‰ã¨ç´¹ä»‹æ–‡ã¯è¡¨ç¤ºã•ã‚Œãªã„[0m
[32m        è‡ªåˆ†ã®ãƒ¦ãƒ¼ã‚¶ç·¨é›†ç”»é¢ã¸ã®ãƒªãƒ³ã‚¯ã¯å­˜åœ¨ã—ãªã„[0m
    ä»–äººã®ãƒ¦ãƒ¼ã‚¶æƒ…å ±ç·¨é›†ç”»é¢
[32m      é·ç§»ã§ããšã€è‡ªåˆ†ã®ãƒ¦ãƒ¼ã‚¶è©³ç´°ç”»é¢ã«ãƒªãƒ€ã‚¤ãƒ¬ã‚¯ãƒˆã•ã‚Œã‚‹[0m
  ã‚°ãƒªãƒƒãƒ‰ã‚·ã‚¹ãƒ†ãƒ ã®ãƒ†ã‚¹ãƒˆ: container, row, col-md-ã€‡ã‚’æ­£ã—ãä½¿ãˆã¦ã„ã‚‹
[31m    ãƒ¦ãƒ¼ã‚¶ä¸€è¦§ç”»é¢ (FAILED - 80)[0m
[31m    ãƒ¦ãƒ¼ã‚¶è©³ç´°ç”»é¢ (FAILED - 81)[0m
[31m    æŠ•ç¨¿ä¸€è¦§ç”»é¢ (FAILED - 82)[0m
[31m    æŠ•ç¨¿è©³ç´°ç”»é¢ (FAILED - 83)[0m
  ã‚¢ã‚¤ã‚³ãƒ³ã®ãƒ†ã‚¹ãƒˆ
    ãƒˆãƒƒãƒ—ç”»é¢
[31m      æœ¬ã®ã‚¢ã‚¤ã‚³ãƒ³ãŒè¡¨ç¤ºã•ã‚Œã‚‹ (FAILED - 84)[0m
    ã‚¢ãƒã‚¦ãƒˆç”»é¢
[31m      æœ¬ã®ã‚¢ã‚¤ã‚³ãƒ³ãŒè¡¨ç¤ºã•ã‚Œã‚‹ (FAILED - 85)[0m
    ãƒ˜ãƒƒãƒ€ãƒ¼: ãƒ­ã‚°ã‚¤ãƒ³ã—ã¦ã„ãªã„å ´åˆ
[31m      Homeãƒªãƒ³ã‚¯ã®ã‚¢ã‚¤ã‚³ãƒ³ãŒè¡¨ç¤ºã•ã‚Œã‚‹ (FAILED - 86)[0m
[31m      Aboutãƒªãƒ³ã‚¯ã®ã‚¢ã‚¤ã‚³ãƒ³ãŒè¡¨ç¤ºã•ã‚Œã‚‹ (FAILED - 87)[0m
[31m      sign upãƒªãƒ³ã‚¯ã®ã‚¢ã‚¤ã‚³ãƒ³ãŒè¡¨ç¤ºã•ã‚Œã‚‹ (FAILED - 88)[0m
[31m      loginãƒªãƒ³ã‚¯ã®ã‚¢ã‚¤ã‚³ãƒ³ãŒè¡¨ç¤ºã•ã‚Œã‚‹ (FAILED - 89)[0m
    ãƒ˜ãƒƒãƒ€ãƒ¼: ãƒ­ã‚°ã‚¤ãƒ³ã—ã¦ã„ã‚‹å ´åˆ
[31m      Homeãƒªãƒ³ã‚¯ã®ã‚¢ã‚¤ã‚³ãƒ³ãŒè¡¨ç¤ºã•ã‚Œã‚‹ (FAILED - 90)[0m
[31m      Usersãƒªãƒ³ã‚¯ã®ã‚¢ã‚¤ã‚³ãƒ³ãŒè¡¨ç¤ºã•ã‚Œã‚‹ (FAILED - 91)[0m
[31m      Booksãƒªãƒ³ã‚¯ã®ã‚¢ã‚¤ã‚³ãƒ³ãŒè¡¨ç¤ºã•ã‚Œã‚‹ (FAILED - 92)[0m
[31m      log outãƒªãƒ³ã‚¯ã®ã‚¢ã‚¤ã‚³ãƒ³ãŒè¡¨ç¤ºã•ã‚Œã‚‹ (FAILED - 93)[0m
    ã‚µã‚¤ãƒ‰ãƒãƒ¼
[31m      ãƒ¦ãƒ¼ã‚¶ä¸€è¦§ç”»é¢ã§ãƒ¬ãƒ³ãƒã‚¢ã‚¤ã‚³ãƒ³ãŒè¡¨ç¤ºã•ã‚Œã‚‹ (FAILED - 94)[0m
[31m      ãƒ¦ãƒ¼ã‚¶è©³ç´°ç”»é¢ã§ãƒ¬ãƒ³ãƒã‚¢ã‚¤ã‚³ãƒ³ãŒè¡¨ç¤ºã•ã‚Œã‚‹ (FAILED - 95)[0m
[31m      æŠ•ç¨¿ä¸€è¦§ç”»é¢ã§ãƒ¬ãƒ³ãƒã‚¢ã‚¤ã‚³ãƒ³ãŒè¡¨ç¤ºã•ã‚Œã‚‹ (FAILED - 96)[0m
[31m      æŠ•ç¨¿è©³ç´°ç”»é¢ã§ãƒ¬ãƒ³ãƒã‚¢ã‚¤ã‚³ãƒ³ãŒè¡¨ç¤ºã•ã‚Œã‚‹ (FAILED - 97)[0m

Failures:

  1) [STEP1] ãƒ¦ãƒ¼ã‚¶ãƒ­ã‚°ã‚¤ãƒ³å‰ã®ãƒ†ã‚¹ãƒˆ ãƒˆãƒƒãƒ—ç”»é¢ã®ãƒ†ã‚¹ãƒˆ è¡¨ç¤ºå†…å®¹ã®ç¢ºèª Sign Upãƒªãƒ³ã‚¯ãŒè¡¨ç¤ºã•ã‚Œã‚‹: å·¦ä¸Šã‹ã‚‰6ç•ªç›®ã®ãƒªãƒ³ã‚¯ãŒã€ŒSign Upã€ã§ã‚ã‚‹
     [31mFailure/Error: sign_up_link = find_all('a')[6].native.inner_text[0m
     [31m[0m
     [31mNoMethodError:[0m
     [31m  undefined method `native' for nil:NilClass[0m
     [36m# ./spec/system/01_before_login_spec.rb:22:in `block (4 levels) in <main>'[0m

  2) [STEP1] ãƒ¦ãƒ¼ã‚¶ãƒ­ã‚°ã‚¤ãƒ³å‰ã®ãƒ†ã‚¹ãƒˆ ãƒˆãƒƒãƒ—ç”»é¢ã®ãƒ†ã‚¹ãƒˆ è¡¨ç¤ºå†…å®¹ã®ç¢ºèª Sign Upãƒªãƒ³ã‚¯ã®å†…å®¹ãŒæ­£ã—ã„
     [31mFailure/Error: sign_up_link = find_all('a')[6].native.inner_text[0m
     [31m[0m
     [31mNoMethodError:[0m
     [31m  undefined method `native' for nil:NilClass[0m
     [36m# ./spec/system/01_before_login_spec.rb:26:in `block (4 levels) in <main>'[0m

  3) [STEP1] ãƒ¦ãƒ¼ã‚¶ãƒ­ã‚°ã‚¤ãƒ³å‰ã®ãƒ†ã‚¹ãƒˆ ãƒ˜ãƒƒãƒ€ãƒ¼ã®ãƒ†ã‚¹ãƒˆ: ãƒ­ã‚°ã‚¤ãƒ³ã—ã¦ã„ãªã„å ´åˆ è¡¨ç¤ºå†…å®¹ã®ç¢ºèª Homeãƒªãƒ³ã‚¯ãŒè¡¨ç¤ºã•ã‚Œã‚‹: å·¦ä¸Šã‹ã‚‰1ç•ªç›®ã®ãƒªãƒ³ã‚¯ãŒã€ŒHomeã€ã§ã‚ã‚‹
     [31mFailure/Error: expect(home_link).to match(/home/i)[0m
     [31m[0m
     [31m  expected "About" to match /home/i[0m
     [31m  Diff:[0m[0m
     [31m  [0m[34m@@ -1 +1 @@[0m
     [31m  [0m[31m-/home/i[0m
     [31m  [0m[32m+"About"[0m
     [31m  [0m[0m
     [36m# ./spec/system/01_before_login_spec.rb:55:in `block (4 levels) in <main>'[0m

  4) [STEP1] ãƒ¦ãƒ¼ã‚¶ãƒ­ã‚°ã‚¤ãƒ³å‰ã®ãƒ†ã‚¹ãƒˆ ãƒ˜ãƒƒãƒ€ãƒ¼ã®ãƒ†ã‚¹ãƒˆ: ãƒ­ã‚°ã‚¤ãƒ³ã—ã¦ã„ãªã„å ´åˆ è¡¨ç¤ºå†…å®¹ã®ç¢ºèª Aboutãƒªãƒ³ã‚¯ãŒè¡¨ç¤ºã•ã‚Œã‚‹: å·¦ä¸Šã‹ã‚‰2ç•ªç›®ã®ãƒªãƒ³ã‚¯ãŒã€ŒAboutã€ã§ã‚ã‚‹
     [31mFailure/Error: expect(about_link).to match(/about/i)[0m
     [31m[0m
     [31m  expected "sign up" to match /about/i[0m
     [31m  Diff:[0m[0m
     [31m  [0m[34m@@ -1 +1 @@[0m
     [31m  [0m[31m-/about/i[0m
     [31m  [0m[32m+"sign up"[0m
     [31m  [0m[0m
     [36m# ./spec/system/01_before_login_spec.rb:59:in `block (4 levels) in <main>'[0m

  5) [STEP1] ãƒ¦ãƒ¼ã‚¶ãƒ­ã‚°ã‚¤ãƒ³å‰ã®ãƒ†ã‚¹ãƒˆ ãƒ˜ãƒƒãƒ€ãƒ¼ã®ãƒ†ã‚¹ãƒˆ: ãƒ­ã‚°ã‚¤ãƒ³ã—ã¦ã„ãªã„å ´åˆ è¡¨ç¤ºå†…å®¹ã®ç¢ºèª sign upãƒªãƒ³ã‚¯ãŒè¡¨ç¤ºã•ã‚Œã‚‹: å·¦ä¸Šã‹ã‚‰3ç•ªç›®ã®ãƒªãƒ³ã‚¯ãŒã€Œsign upã€ã§ã‚ã‚‹
     [31mFailure/Error: expect(signup_link).to match(/sign up/i)[0m
     [31m[0m
     [31m  expected "login" to match /sign up/i[0m
     [31m  Diff:[0m[0m
     [31m  [0m[34m@@ -1 +1 @@[0m
     [31m  [0m[31m-/sign up/i[0m
     [31m  [0m[32m+"login"[0m
     [31m  [0m[0m
     [36m# ./spec/system/01_before_login_spec.rb:63:in `block (4 levels) in <main>'[0m

  6) [STEP1] ãƒ¦ãƒ¼ã‚¶ãƒ­ã‚°ã‚¤ãƒ³å‰ã®ãƒ†ã‚¹ãƒˆ ãƒ˜ãƒƒãƒ€ãƒ¼ã®ãƒ†ã‚¹ãƒˆ: ãƒ­ã‚°ã‚¤ãƒ³ã—ã¦ã„ãªã„å ´åˆ è¡¨ç¤ºå†…å®¹ã®ç¢ºèª loginãƒªãƒ³ã‚¯ãŒè¡¨ç¤ºã•ã‚Œã‚‹: å·¦ä¸Šã‹ã‚‰4ç•ªç›®ã®ãƒªãƒ³ã‚¯ãŒã€Œloginã€ã§ã‚ã‚‹
     [31mFailure/Error: expect(login_link).to match(/login/i)[0m
     [31m[0m
     [31m  expected "Sign up" to match /login/i[0m
     [31m  Diff:[0m[0m
     [31m  [0m[34m@@ -1 +1 @@[0m
     [31m  [0m[31m-/login/i[0m
     [31m  [0m[32m+"Sign up"[0m
     [31m  [0m[0m
     [36m# ./spec/system/01_before_login_spec.rb:67:in `block (4 levels) in <main>'[0m

  7) [STEP1] ãƒ¦ãƒ¼ã‚¶ãƒ­ã‚°ã‚¤ãƒ³å‰ã®ãƒ†ã‚¹ãƒˆ ãƒ˜ãƒƒãƒ€ãƒ¼ã®ãƒ†ã‚¹ãƒˆ: ãƒ­ã‚°ã‚¤ãƒ³ã—ã¦ã„ãªã„å ´åˆ ãƒªãƒ³ã‚¯ã®å†…å®¹ã‚’ç¢ºèª Homeã‚’æŠ¼ã™ã¨ã€ãƒˆãƒƒãƒ—ç”»é¢ã«é·ç§»ã™ã‚‹
     [31mFailure/Error: is_expected.to eq '/'[0m
     [31m[0m
     [31m  expected: "/"[0m
     [31m       got: "/home/about"[0m
     [31m[0m
     [31m  (compared using ==)[0m
     [36m# ./spec/system/01_before_login_spec.rb:79:in `block (4 levels) in <main>'[0m

  8) [STEP1] ãƒ¦ãƒ¼ã‚¶ãƒ­ã‚°ã‚¤ãƒ³å‰ã®ãƒ†ã‚¹ãƒˆ ãƒ˜ãƒƒãƒ€ãƒ¼ã®ãƒ†ã‚¹ãƒˆ: ãƒ­ã‚°ã‚¤ãƒ³ã—ã¦ã„ãªã„å ´åˆ ãƒªãƒ³ã‚¯ã®å†…å®¹ã‚’ç¢ºèª Aboutã‚’æŠ¼ã™ã¨ã€ã‚¢ãƒã‚¦ãƒˆç”»é¢ã«é·ç§»ã™ã‚‹
     [31mFailure/Error: is_expected.to eq '/home/about'[0m
     [31m[0m
     [31m  expected: "/home/about"[0m
     [31m       got: "/users/sign_up"[0m
     [31m[0m
     [31m  (compared using ==)[0m
     [36m# ./spec/system/01_before_login_spec.rb:85:in `block (4 levels) in <main>'[0m

  9) [STEP1] ãƒ¦ãƒ¼ã‚¶ãƒ­ã‚°ã‚¤ãƒ³å‰ã®ãƒ†ã‚¹ãƒˆ ãƒ˜ãƒƒãƒ€ãƒ¼ã®ãƒ†ã‚¹ãƒˆ: ãƒ­ã‚°ã‚¤ãƒ³ã—ã¦ã„ãªã„å ´åˆ ãƒªãƒ³ã‚¯ã®å†…å®¹ã‚’ç¢ºèª sign upã‚’æŠ¼ã™ã¨ã€æ–°è¦ç™»éŒ²ç”»é¢ã«é·ç§»ã™ã‚‹
     [31mFailure/Error: is_expected.to eq '/users/sign_up'[0m
     [31m[0m
     [31m  expected: "/users/sign_up"[0m
     [31m       got: "/users/sign_in"[0m
     [31m[0m
     [31m  (compared using ==)[0m
     [36m# ./spec/system/01_before_login_spec.rb:91:in `block (4 levels) in <main>'[0m

  10) [STEP1] ãƒ¦ãƒ¼ã‚¶ãƒ­ã‚°ã‚¤ãƒ³å‰ã®ãƒ†ã‚¹ãƒˆ ãƒ˜ãƒƒãƒ€ãƒ¼ã®ãƒ†ã‚¹ãƒˆ: ãƒ­ã‚°ã‚¤ãƒ³ã—ã¦ã„ãªã„å ´åˆ ãƒªãƒ³ã‚¯ã®å†…å®¹ã‚’ç¢ºèª loginã‚’æŠ¼ã™ã¨ã€ãƒ­ã‚°ã‚¤ãƒ³ç”»é¢ã«é·ç§»ã™ã‚‹
      [31mFailure/Error: is_expected.to eq '/users/sign_in'[0m
      [31m[0m
      [31m  expected: "/users/sign_in"[0m
      [31m       got: "/users/sign_up"[0m
      [31m[0m
      [31m  (compared using ==)[0m
      [36m# ./spec/system/01_before_login_spec.rb:97:in `block (4 levels) in <main>'[0m

  11) [STEP1] ãƒ¦ãƒ¼ã‚¶ãƒ­ã‚°ã‚¤ãƒ³å‰ã®ãƒ†ã‚¹ãƒˆ ãƒ˜ãƒƒãƒ€ãƒ¼ã®ãƒ†ã‚¹ãƒˆ: ãƒ­ã‚°ã‚¤ãƒ³ã—ã¦ã„ã‚‹å ´åˆ ãƒ˜ãƒƒãƒ€ãƒ¼ã®è¡¨ç¤ºã‚’ç¢ºèª ã‚¿ã‚¤ãƒˆãƒ«ãŒè¡¨ç¤ºã•ã‚Œã‚‹
      [31mFailure/Error: expect(page).to have_content 'Bookers'[0m
      [31m  expected to find text "Bookers" in "Home Users Books logout\nSigned in successfully.\nUsers Info\nekhujgier8 rc34453xatajasg6epjt ç·¨é›†\nNew Book\ntitle opinion\nBooks". (However, it was found 1 time including non-visible text.)[0m
      [36m# ./spec/system/01_before_login_spec.rb:214:in `block (4 levels) in <main>'[0m

  12) [STEP1] ãƒ¦ãƒ¼ã‚¶ãƒ­ã‚°ã‚¤ãƒ³å‰ã®ãƒ†ã‚¹ãƒˆ ãƒ˜ãƒƒãƒ€ãƒ¼ã®ãƒ†ã‚¹ãƒˆ: ãƒ­ã‚°ã‚¤ãƒ³ã—ã¦ã„ã‚‹å ´åˆ ãƒ˜ãƒƒãƒ€ãƒ¼ã®è¡¨ç¤ºã‚’ç¢ºèª Homeãƒªãƒ³ã‚¯ãŒè¡¨ç¤ºã•ã‚Œã‚‹: å·¦ä¸Šã‹ã‚‰1ç•ªç›®ã®ãƒªãƒ³ã‚¯ãŒã€ŒHomeã€ã§ã‚ã‚‹
      [31mFailure/Error: expect(home_link).to match(/home/i)[0m
      [31m[0m
      [31m  expected "Users" to match /home/i[0m
      [31m  Diff:[0m[0m
      [31m  [0m[34m@@ -1 +1 @@[0m
      [31m  [0m[31m-/home/i[0m
      [31m  [0m[32m+"Users"[0m
      [31m  [0m[0m
      [36m# ./spec/system/01_before_login_spec.rb:218:in `block (4 levels) in <main>'[0m

  13) [STEP1] ãƒ¦ãƒ¼ã‚¶ãƒ­ã‚°ã‚¤ãƒ³å‰ã®ãƒ†ã‚¹ãƒˆ ãƒ˜ãƒƒãƒ€ãƒ¼ã®ãƒ†ã‚¹ãƒˆ: ãƒ­ã‚°ã‚¤ãƒ³ã—ã¦ã„ã‚‹å ´åˆ ãƒ˜ãƒƒãƒ€ãƒ¼ã®è¡¨ç¤ºã‚’ç¢ºèª Usersãƒªãƒ³ã‚¯ãŒè¡¨ç¤ºã•ã‚Œã‚‹: å·¦ä¸Šã‹ã‚‰2ç•ªç›®ã®ãƒªãƒ³ã‚¯ãŒã€ŒUsersã€ã§ã‚ã‚‹
      [31mFailure/Error: expect(users_link).to match(/users/i)[0m
      [31m[0m
      [31m  expected "Books" to match /users/i[0m
      [31m  Diff:[0m[0m
      [31m  [0m[34m@@ -1 +1 @@[0m
      [31m  [0m[31m-/users/i[0m
      [31m  [0m[32m+"Books"[0m
      [31m  [0m[0m
      [36m# ./spec/system/01_before_login_spec.rb:222:in `block (4 levels) in <main>'[0m

  14) [STEP1] ãƒ¦ãƒ¼ã‚¶ãƒ­ã‚°ã‚¤ãƒ³å‰ã®ãƒ†ã‚¹ãƒˆ ãƒ˜ãƒƒãƒ€ãƒ¼ã®ãƒ†ã‚¹ãƒˆ: ãƒ­ã‚°ã‚¤ãƒ³ã—ã¦ã„ã‚‹å ´åˆ ãƒ˜ãƒƒãƒ€ãƒ¼ã®è¡¨ç¤ºã‚’ç¢ºèª Booksãƒªãƒ³ã‚¯ãŒè¡¨ç¤ºã•ã‚Œã‚‹: å·¦ä¸Šã‹ã‚‰3ç•ªç›®ã®ãƒªãƒ³ã‚¯ãŒã€ŒBooksã€ã§ã‚ã‚‹
      [31mFailure/Error: expect(books_link).to match(/books/i)[0m
      [31m[0m
      [31m  expected "logout" to match /books/i[0m
      [31m  Diff:[0m[0m
      [31m  [0m[34m@@ -1 +1 @@[0m
      [31m  [0m[31m-/books/i[0m
      [31m  [0m[32m+"logout"[0m
      [31m  [0m[0m
      [36m# ./spec/system/01_before_login_spec.rb:226:in `block (4 levels) in <main>'[0m

  15) [STEP1] ãƒ¦ãƒ¼ã‚¶ãƒ­ã‚°ã‚¤ãƒ³å‰ã®ãƒ†ã‚¹ãƒˆ ãƒ˜ãƒƒãƒ€ãƒ¼ã®ãƒ†ã‚¹ãƒˆ: ãƒ­ã‚°ã‚¤ãƒ³ã—ã¦ã„ã‚‹å ´åˆ ãƒ˜ãƒƒãƒ€ãƒ¼ã®è¡¨ç¤ºã‚’ç¢ºèª log outãƒªãƒ³ã‚¯ãŒè¡¨ç¤ºã•ã‚Œã‚‹: å·¦ä¸Šã‹ã‚‰4ç•ªç›®ã®ãƒªãƒ³ã‚¯ãŒã€Œlogoutã€ã§ã‚ã‚‹
      [31mFailure/Error: expect(logout_link).to match(/logout/i)[0m
      [31m[0m
      [31m  expected "ç·¨é›†" to match /logout/i[0m
      [31m  Diff:[0m[0m
      [31m  [0m[34m@@ -1 +1 @@[0m
      [31m  [0m[31m-/logout/i[0m
      [31m  [0m[32m+"ç·¨é›†"[0m
      [31m  [0m[0m
      [36m# ./spec/system/01_before_login_spec.rb:230:in `block (4 levels) in <main>'[0m

  16) [STEP1] ãƒ¦ãƒ¼ã‚¶ãƒ­ã‚°ã‚¤ãƒ³å‰ã®ãƒ†ã‚¹ãƒˆ ãƒ¦ãƒ¼ã‚¶ãƒ­ã‚°ã‚¢ã‚¦ãƒˆã®ãƒ†ã‚¹ãƒˆ ãƒ­ã‚°ã‚¢ã‚¦ãƒˆæ©Ÿèƒ½ã®ãƒ†ã‚¹ãƒˆ æ­£ã—ããƒ­ã‚°ã‚¢ã‚¦ãƒˆã§ãã¦ã„ã‚‹: ãƒ­ã‚°ã‚¢ã‚¦ãƒˆå¾Œã®ãƒªãƒ€ã‚¤ãƒ¬ã‚¯ãƒˆå…ˆã«ãŠã„ã¦Aboutç”»é¢ã¸ã®ãƒªãƒ³ã‚¯ãŒå­˜åœ¨ã™ã‚‹
      [31mFailure/Error: expect(page).to have_link '', href: '/home/about'[0m
      [31m  expected to find link "" with href "/home/about" but there were no matches[0m
      [36m# ./spec/system/01_before_login_spec.rb:250:in `block (4 levels) in <main>'[0m

  17) [STEP1] ãƒ¦ãƒ¼ã‚¶ãƒ­ã‚°ã‚¤ãƒ³å‰ã®ãƒ†ã‚¹ãƒˆ ãƒ¦ãƒ¼ã‚¶ãƒ­ã‚°ã‚¢ã‚¦ãƒˆã®ãƒ†ã‚¹ãƒˆ ãƒ­ã‚°ã‚¢ã‚¦ãƒˆæ©Ÿèƒ½ã®ãƒ†ã‚¹ãƒˆ ãƒ­ã‚°ã‚¢ã‚¦ãƒˆå¾Œã®ãƒªãƒ€ã‚¤ãƒ¬ã‚¯ãƒˆå…ˆãŒã€ãƒˆãƒƒãƒ—ã«ãªã£ã¦ã„ã‚‹
      [31mFailure/Error: expect(current_path).to eq '/'[0m
      [31m[0m
      [31m  expected: "/"[0m
      [31m       got: "/users/1/edit"[0m
      [31m[0m
      [31m  (compared using ==)[0m
      [36m# ./spec/system/01_before_login_spec.rb:253:in `block (4 levels) in <main>'[0m

  18) [STEP2] ãƒ¦ãƒ¼ã‚¶ãƒ­ã‚°ã‚¤ãƒ³å¾Œã®ãƒ†ã‚¹ãƒˆ ãƒ˜ãƒƒãƒ€ãƒ¼ã®ãƒ†ã‚¹ãƒˆ: ãƒ­ã‚°ã‚¤ãƒ³ã—ã¦ã„ã‚‹å ´åˆ ãƒªãƒ³ã‚¯ã®å†…å®¹ã‚’ç¢ºèª: â€»logoutã¯ã€ãƒ¦ãƒ¼ã‚¶ãƒ­ã‚°ã‚¢ã‚¦ãƒˆã®ãƒ†ã‚¹ãƒˆã€ã§ãƒ†ã‚¹ãƒˆæ¸ˆã¿ã«ãªã‚Šã¾ã™ã€‚ Homeã‚’æŠ¼ã™ã¨ã€è‡ªåˆ†ã®ãƒ¦ãƒ¼ã‚¶è©³ç´°ç”»é¢ã«é·ç§»ã™ã‚‹
      [31mFailure/Error: is_expected.to eq '/users/' + user.id.to_s[0m
      [31m[0m
      [31m  expected: "/users/2"[0m
      [31m       got: "/users"[0m
      [31m[0m
      [31m  (compared using ==)[0m
      [36m# ./spec/system/02_after_login_spec.rb:24:in `block (4 levels) in <main>'[0m

  19) [STEP2] ãƒ¦ãƒ¼ã‚¶ãƒ­ã‚°ã‚¤ãƒ³å¾Œã®ãƒ†ã‚¹ãƒˆ ãƒ˜ãƒƒãƒ€ãƒ¼ã®ãƒ†ã‚¹ãƒˆ: ãƒ­ã‚°ã‚¤ãƒ³ã—ã¦ã„ã‚‹å ´åˆ ãƒªãƒ³ã‚¯ã®å†…å®¹ã‚’ç¢ºèª: â€»logoutã¯ã€ãƒ¦ãƒ¼ã‚¶ãƒ­ã‚°ã‚¢ã‚¦ãƒˆã®ãƒ†ã‚¹ãƒˆã€ã§ãƒ†ã‚¹ãƒˆæ¸ˆã¿ã«ãªã‚Šã¾ã™ã€‚ Usersã‚’æŠ¼ã™ã¨ã€ãƒ¦ãƒ¼ã‚¶ä¸€è¦§ç”»é¢ã«é·ç§»ã™ã‚‹
      [31mFailure/Error: @user = User.find(params[:id])[0m
      [31m[0m
      [31mActiveRecord::RecordNotFound:[0m
      [31m  Couldn't find User without an ID[0m
      [36m# ./app/controllers/books_controller.rb:25:in `index'[0m
      [36m# /home/ec2-user/.rvm/gems/ruby-2.6.3/gems/warden-1.2.9/lib/warden/manager.rb:36:in `block in call'[0m
      [36m# /home/ec2-user/.rvm/gems/ruby-2.6.3/gems/warden-1.2.9/lib/warden/manager.rb:34:in `catch'[0m
      [36m# /home/ec2-user/.rvm/gems/ruby-2.6.3/gems/warden-1.2.9/lib/warden/manager.rb:34:in `call'[0m
      [36m# /home/ec2-user/.rvm/gems/ruby-2.6.3/gems/rack-2.2.3/lib/rack/tempfile_reaper.rb:15:in `call'[0m
      [36m# /home/ec2-user/.rvm/gems/ruby-2.6.3/gems/rack-2.2.3/lib/rack/etag.rb:27:in `call'[0m
      [36m# /home/ec2-user/.rvm/gems/ruby-2.6.3/gems/rack-2.2.3/lib/rack/conditional_get.rb:27:in `call'[0m
      [36m# /home/ec2-user/.rvm/gems/ruby-2.6.3/gems/rack-2.2.3/lib/rack/head.rb:12:in `call'[0m
      [36m# /home/ec2-user/.rvm/gems/ruby-2.6.3/gems/rack-2.2.3/lib/rack/session/abstract/id.rb:266:in `context'[0m
      [36m# /home/ec2-user/.rvm/gems/ruby-2.6.3/gems/rack-2.2.3/lib/rack/session/abstract/id.rb:260:in `call'[0m
      [36m# /home/ec2-user/.rvm/gems/ruby-2.6.3/gems/railties-5.2.4.4/lib/rails/rack/logger.rb:38:in `call_app'[0m
      [36m# /home/ec2-user/.rvm/gems/ruby-2.6.3/gems/railties-5.2.4.4/lib/rails/rack/logger.rb:26:in `block in call'[0m
      [36m# /home/ec2-user/.rvm/gems/ruby-2.6.3/gems/railties-5.2.4.4/lib/rails/rack/logger.rb:26:in `call'[0m
      [36m# /home/ec2-user/.rvm/gems/ruby-2.6.3/gems/rack-2.2.3/lib/rack/method_override.rb:24:in `call'[0m
      [36m# /home/ec2-user/.rvm/gems/ruby-2.6.3/gems/rack-2.2.3/lib/rack/runtime.rb:22:in `call'[0m
      [36m# /home/ec2-user/.rvm/gems/ruby-2.6.3/gems/rack-2.2.3/lib/rack/sendfile.rb:110:in `call'[0m
      [36m# /home/ec2-user/.rvm/gems/ruby-2.6.3/gems/railties-5.2.4.4/lib/rails/engine.rb:524:in `call'[0m
      [36m# /home/ec2-user/.rvm/gems/ruby-2.6.3/gems/rack-2.2.3/lib/rack/urlmap.rb:74:in `block in call'[0m
      [36m# /home/ec2-user/.rvm/gems/ruby-2.6.3/gems/rack-2.2.3/lib/rack/urlmap.rb:58:in `each'[0m
      [36m# /home/ec2-user/.rvm/gems/ruby-2.6.3/gems/rack-2.2.3/lib/rack/urlmap.rb:58:in `call'[0m
      [36m# /home/ec2-user/.rvm/gems/ruby-2.6.3/gems/rack-2.2.3/lib/rack/builder.rb:244:in `call'[0m
      [36m# /home/ec2-user/.rvm/gems/ruby-2.6.3/gems/rack-test-1.1.0/lib/rack/mock_session.rb:29:in `request'[0m
      [36m# /home/ec2-user/.rvm/gems/ruby-2.6.3/gems/rack-test-1.1.0/lib/rack/test.rb:266:in `process_request'[0m
      [36m# /home/ec2-user/.rvm/gems/ruby-2.6.3/gems/rack-test-1.1.0/lib/rack/test.rb:129:in `custom_request'[0m
      [36m# /home/ec2-user/.rvm/gems/ruby-2.6.3/gems/rack-test-1.1.0/lib/rack/test.rb:58:in `get'[0m
      [36m# /home/ec2-user/.rvm/gems/ruby-2.6.3/gems/capybara-3.35.3/lib/capybara/rack_test/browser.rb:72:in `process'[0m
      [36m# /home/ec2-user/.rvm/gems/ruby-2.6.3/gems/capybara-3.35.3/lib/capybara/rack_test/browser.rb:47:in `process_and_follow_redirects'[0m
      [36m# /home/ec2-user/.rvm/gems/ruby-2.6.3/gems/capybara-3.35.3/lib/capybara/rack_test/browser.rb:42:in `follow'[0m
      [36m# /home/ec2-user/.rvm/gems/ruby-2.6.3/gems/capybara-3.35.3/lib/capybara/rack_test/node.rb:246:in `follow_link'[0m
      [36m# /home/ec2-user/.rvm/gems/ruby-2.6.3/gems/capybara-3.35.3/lib/capybara/rack_test/node.rb:72:in `click'[0m
      [36m# /home/ec2-user/.rvm/gems/ruby-2.6.3/gems/capybara-3.35.3/lib/capybara/rack_test/node.rb:137:in `block (2 levels) in <class:Node>'[0m
      [36m# /home/ec2-user/.rvm/gems/ruby-2.6.3/gems/capybara-3.35.3/lib/capybara/node/element.rb:172:in `block in click'[0m
      [36m# /home/ec2-user/.rvm/gems/ruby-2.6.3/gems/capybara-3.35.3/lib/capybara/node/element.rb:597:in `block in perform_click_action'[0m
      [36m# /home/ec2-user/.rvm/gems/ruby-2.6.3/gems/capybara-3.35.3/lib/capybara/node/base.rb:83:in `synchronize'[0m
      [36m# /home/ec2-user/.rvm/gems/ruby-2.6.3/gems/capybara-3.35.3/lib/capybara/node/element.rb:597:in `perform_click_action'[0m
      [36m# /home/ec2-user/.rvm/gems/ruby-2.6.3/gems/capybara-3.35.3/lib/capybara/node/element.rb:171:in `click'[0m
      [36m# /home/ec2-user/.rvm/gems/ruby-2.6.3/gems/capybara-3.35.3/lib/capybara/node/actions.rb:42:in `click_link'[0m
      [36m# /home/ec2-user/.rvm/gems/ruby-2.6.3/gems/capybara-3.35.3/lib/capybara/session.rb:768:in `block (2 levels) in <class:Session>'[0m
      [36m# /home/ec2-user/.rvm/gems/ruby-2.6.3/gems/capybara-3.35.3/lib/capybara/dsl.rb:58:in `block (2 levels) in <module:DSL>'[0m
      [36m# ./spec/system/02_after_login_spec.rb:29:in `block (4 levels) in <main>'[0m

  20) [STEP2] ãƒ¦ãƒ¼ã‚¶ãƒ­ã‚°ã‚¤ãƒ³å¾Œã®ãƒ†ã‚¹ãƒˆ ãƒ˜ãƒƒãƒ€ãƒ¼ã®ãƒ†ã‚¹ãƒˆ: ãƒ­ã‚°ã‚¤ãƒ³ã—ã¦ã„ã‚‹å ´åˆ ãƒªãƒ³ã‚¯ã®å†…å®¹ã‚’ç¢ºèª: â€»logoutã¯ã€ãƒ¦ãƒ¼ã‚¶ãƒ­ã‚°ã‚¢ã‚¦ãƒˆã®ãƒ†ã‚¹ãƒˆã€ã§ãƒ†ã‚¹ãƒˆæ¸ˆã¿ã«ãªã‚Šã¾ã™ã€‚ Booksã‚’æŠ¼ã™ã¨ã€æŠ•ç¨¿ä¸€è¦§ç”»é¢ã«é·ç§»ã™ã‚‹
      [31mFailure/Error: is_expected.to eq '/books'[0m
      [31m[0m
      [31m  expected: "/books"[0m
      [31m       got: "/"[0m
      [31m[0m
      [31m  (compared using ==)[0m
      [36m# ./spec/system/02_after_login_spec.rb:36:in `block (4 levels) in <main>'[0m

  21) [STEP2] ãƒ¦ãƒ¼ã‚¶ãƒ­ã‚°ã‚¤ãƒ³å¾Œã®ãƒ†ã‚¹ãƒˆ æŠ•ç¨¿ä¸€è¦§ç”»é¢ã®ãƒ†ã‚¹ãƒˆ è¡¨ç¤ºå†…å®¹ã®ç¢ºèª URLãŒæ­£ã—ã„
      [31mFailure/Error: @user = User.find(params[:id])[0m
      [31m[0m
      [31mActiveRecord::RecordNotFound:[0m
      [31m  Couldn't find User without an ID[0m
      [36m# ./app/controllers/books_controller.rb:25:in `index'[0m
      [36m# /home/ec2-user/.rvm/gems/ruby-2.6.3/gems/warden-1.2.9/lib/warden/manager.rb:36:in `block in call'[0m
      [36m# /home/ec2-user/.rvm/gems/ruby-2.6.3/gems/warden-1.2.9/lib/warden/manager.rb:34:in `catch'[0m
      [36m# /home/ec2-user/.rvm/gems/ruby-2.6.3/gems/warden-1.2.9/lib/warden/manager.rb:34:in `call'[0m
      [36m# /home/ec2-user/.rvm/gems/ruby-2.6.3/gems/rack-2.2.3/lib/rack/tempfile_reaper.rb:15:in `call'[0m
      [36m# /home/ec2-user/.rvm/gems/ruby-2.6.3/gems/rack-2.2.3/lib/rack/etag.rb:27:in `call'[0m
      [36m# /home/ec2-user/.rvm/gems/ruby-2.6.3/gems/rack-2.2.3/lib/rack/conditional_get.rb:27:in `call'[0m
      [36m# /home/ec2-user/.rvm/gems/ruby-2.6.3/gems/rack-2.2.3/lib/rack/head.rb:12:in `call'[0m
      [36m# /home/ec2-user/.rvm/gems/ruby-2.6.3/gems/rack-2.2.3/lib/rack/session/abstract/id.rb:266:in `context'[0m
      [36m# /home/ec2-user/.rvm/gems/ruby-2.6.3/gems/rack-2.2.3/lib/rack/session/abstract/id.rb:260:in `call'[0m
      [36m# /home/ec2-user/.rvm/gems/ruby-2.6.3/gems/railties-5.2.4.4/lib/rails/rack/logger.rb:38:in `call_app'[0m
      [36m# /home/ec2-user/.rvm/gems/ruby-2.6.3/gems/railties-5.2.4.4/lib/rails/rack/logger.rb:26:in `block in call'[0m
      [36m# /home/ec2-user/.rvm/gems/ruby-2.6.3/gems/railties-5.2.4.4/lib/rails/rack/logger.rb:26:in `call'[0m
      [36m# /home/ec2-user/.rvm/gems/ruby-2.6.3/gems/rack-2.2.3/lib/rack/method_override.rb:24:in `call'[0m
      [36m# /home/ec2-user/.rvm/gems/ruby-2.6.3/gems/rack-2.2.3/lib/rack/runtime.rb:22:in `call'[0m
      [36m# /home/ec2-user/.rvm/gems/ruby-2.6.3/gems/rack-2.2.3/lib/rack/sendfile.rb:110:in `call'[0m
      [36m# /home/ec2-user/.rvm/gems/ruby-2.6.3/gems/railties-5.2.4.4/lib/rails/engine.rb:524:in `call'[0m
      [36m# /home/ec2-user/.rvm/gems/ruby-2.6.3/gems/rack-2.2.3/lib/rack/urlmap.rb:74:in `block in call'[0m
      [36m# /home/ec2-user/.rvm/gems/ruby-2.6.3/gems/rack-2.2.3/lib/rack/urlmap.rb:58:in `each'[0m
      [36m# /home/ec2-user/.rvm/gems/ruby-2.6.3/gems/rack-2.2.3/lib/rack/urlmap.rb:58:in `call'[0m
      [36m# /home/ec2-user/.rvm/gems/ruby-2.6.3/gems/rack-2.2.3/lib/rack/builder.rb:244:in `call'[0m
      [36m# /home/ec2-user/.rvm/gems/ruby-2.6.3/gems/rack-test-1.1.0/lib/rack/mock_session.rb:29:in `request'[0m
      [36m# /home/ec2-user/.rvm/gems/ruby-2.6.3/gems/rack-test-1.1.0/lib/rack/test.rb:266:in `process_request'[0m
      [36m# /home/ec2-user/.rvm/gems/ruby-2.6.3/gems/rack-test-1.1.0/lib/rack/test.rb:129:in `custom_request'[0m
      [36m# /home/ec2-user/.rvm/gems/ruby-2.6.3/gems/rack-test-1.1.0/lib/rack/test.rb:58:in `get'[0m
      [36m# /home/ec2-user/.rvm/gems/ruby-2.6.3/gems/capybara-3.35.3/lib/capybara/rack_test/browser.rb:72:in `process'[0m
      [36m# /home/ec2-user/.rvm/gems/ruby-2.6.3/gems/capybara-3.35.3/lib/capybara/rack_test/browser.rb:47:in `process_and_follow_redirects'[0m
      [36m# /home/ec2-user/.rvm/gems/ruby-2.6.3/gems/capybara-3.35.3/lib/capybara/rack_test/browser.rb:24:in `visit'[0m
      [36m# /home/ec2-user/.rvm/gems/ruby-2.6.3/gems/capybara-3.35.3/lib/capybara/rack_test/driver.rb:46:in `visit'[0m
      [36m# /home/ec2-user/.rvm/gems/ruby-2.6.3/gems/capybara-3.35.3/lib/capybara/session.rb:278:in `visit'[0m
      [36m# /home/ec2-user/.rvm/gems/ruby-2.6.3/gems/capybara-3.35.3/lib/capybara/dsl.rb:58:in `block (2 levels) in <module:DSL>'[0m
      [36m# ./spec/system/02_after_login_spec.rb:43:in `block (3 levels) in <main>'[0m

  22) [STEP2] ãƒ¦ãƒ¼ã‚¶ãƒ­ã‚°ã‚¤ãƒ³å¾Œã®ãƒ†ã‚¹ãƒˆ æŠ•ç¨¿ä¸€è¦§ç”»é¢ã®ãƒ†ã‚¹ãƒˆ è¡¨ç¤ºå†…å®¹ã®ç¢ºèª è‡ªåˆ†ã¨ä»–äººã®ç”»åƒã®ãƒªãƒ³ã‚¯å…ˆãŒæ­£ã—ã„
      [31mFailure/Error: @user = User.find(params[:id])[0m
      [31m[0m
      [31mActiveRecord::RecordNotFound:[0m
      [31m  Couldn't find User without an ID[0m
      [36m# ./app/controllers/books_controller.rb:25:in `index'[0m
      [36m# /home/ec2-user/.rvm/gems/ruby-2.6.3/gems/warden-1.2.9/lib/warden/manager.rb:36:in `block in call'[0m
      [36m# /home/ec2-user/.rvm/gems/ruby-2.6.3/gems/warden-1.2.9/lib/warden/manager.rb:34:in `catch'[0m
      [36m# /home/ec2-user/.rvm/gems/ruby-2.6.3/gems/warden-1.2.9/lib/warden/manager.rb:34:in `call'[0m
      [36m# /home/ec2-user/.rvm/gems/ruby-2.6.3/gems/rack-2.2.3/lib/rack/tempfile_reaper.rb:15:in `call'[0m
      [36m# /home/ec2-user/.rvm/gems/ruby-2.6.3/gems/rack-2.2.3/lib/rack/etag.rb:27:in `call'[0m
      [36m# /home/ec2-user/.rvm/gems/ruby-2.6.3/gems/rack-2.2.3/lib/rack/conditional_get.rb:27:in `call'[0m
      [36m# /home/ec2-user/.rvm/gems/ruby-2.6.3/gems/rack-2.2.3/lib/rack/head.rb:12:in `call'[0m
      [36m# /home/ec2-user/.rvm/gems/ruby-2.6.3/gems/rack-2.2.3/lib/rack/session/abstract/id.rb:266:in `context'[0m
      [36m# /home/ec2-user/.rvm/gems/ruby-2.6.3/gems/rack-2.2.3/lib/rack/session/abstract/id.rb:260:in `call'[0m
      [36m# /home/ec2-user/.rvm/gems/ruby-2.6.3/gems/railties-5.2.4.4/lib/rails/rack/logger.rb:38:in `call_app'[0m
      [36m# /home/ec2-user/.rvm/gems/ruby-2.6.3/gems/railties-5.2.4.4/lib/rails/rack/logger.rb:26:in `block in call'[0m
      [36m# /home/ec2-user/.rvm/gems/ruby-2.6.3/gems/railties-5.2.4.4/lib/rails/rack/logger.rb:26:in `call'[0m
      [36m# /home/ec2-user/.rvm/gems/ruby-2.6.3/gems/rack-2.2.3/lib/rack/method_override.rb:24:in `call'[0m
      [36m# /home/ec2-user/.rvm/gems/ruby-2.6.3/gems/rack-2.2.3/lib/rack/runtime.rb:22:in `call'[0m
      [36m# /home/ec2-user/.rvm/gems/ruby-2.6.3/gems/rack-2.2.3/lib/rack/sendfile.rb:110:in `call'[0m
      [36m# /home/ec2-user/.rvm/gems/ruby-2.6.3/gems/railties-5.2.4.4/lib/rails/engine.rb:524:in `call'[0m
      [36m# /home/ec2-user/.rvm/gems/ruby-2.6.3/gems/rack-2.2.3/lib/rack/urlmap.rb:74:in `block in call'[0m
      [36m# /home/ec2-user/.rvm/gems/ruby-2.6.3/gems/rack-2.2.3/lib/rack/urlmap.rb:58:in `each'[0m
      [36m# /home/ec2-user/.rvm/gems/ruby-2.6.3/gems/rack-2.2.3/lib/rack/urlmap.rb:58:in `call'[0m
      [36m# /home/ec2-user/.rvm/gems/ruby-2.6.3/gems/rack-2.2.3/lib/rack/builder.rb:244:in `call'[0m
      [36m# /home/ec2-user/.rvm/gems/ruby-2.6.3/gems/rack-test-1.1.0/lib/rack/mock_session.rb:29:in `request'[0m
      [36m# /home/ec2-user/.rvm/gems/ruby-2.6.3/gems/rack-test-1.1.0/lib/rack/test.rb:266:in `process_request'[0m
      [36m# /home/ec2-user/.rvm/gems/ruby-2.6.3/gems/rack-test-1.1.0/lib/rack/test.rb:129:in `custom_request'[0m
      [36m# /home/ec2-user/.rvm/gems/ruby-2.6.3/gems/rack-test-1.1.0/lib/rack/test.rb:58:in `get'[0m
      [36m# /home/ec2-user/.rvm/gems/ruby-2.6.3/gems/capybara-3.35.3/lib/capybara/rack_test/browser.rb:72:in `process'[0m
      [36m# /home/ec2-user/.rvm/gems/ruby-2.6.3/gems/capybara-3.35.3/lib/capybara/rack_test/browser.rb:47:in `process_and_follow_redirects'[0m
      [36m# /home/ec2-user/.rvm/gems/ruby-2.6.3/gems/capybara-3.35.3/lib/capybara/rack_test/browser.rb:24:in `visit'[0m
      [36m# /home/ec2-user/.rvm/gems/ruby-2.6.3/gems/capybara-3.35.3/lib/capybara/rack_test/driver.rb:46:in `visit'[0m
      [36m# /home/ec2-user/.rvm/gems/ruby-2.6.3/gems/capybara-3.35.3/lib/capybara/session.rb:278:in `visit'[0m
      [36m# /home/ec2-user/.rvm/gems/ruby-2.6.3/gems/capybara-3.35.3/lib/capybara/dsl.rb:58:in `block (2 levels) in <module:DSL>'[0m
      [36m# ./spec/system/02_after_login_spec.rb:43:in `block (3 levels) in <main>'[0m

  23) [STEP2] ãƒ¦ãƒ¼ã‚¶ãƒ­ã‚°ã‚¤ãƒ³å¾Œã®ãƒ†ã‚¹ãƒˆ æŠ•ç¨¿ä¸€è¦§ç”»é¢ã®ãƒ†ã‚¹ãƒˆ è¡¨ç¤ºå†…å®¹ã®ç¢ºèª è‡ªåˆ†ã®æŠ•ç¨¿ã¨ä»–äººã®æŠ•ç¨¿ã®ã‚¿ã‚¤ãƒˆãƒ«ã®ãƒªãƒ³ã‚¯å…ˆãŒãã‚Œãã‚Œæ­£ã—ã„
      [31mFailure/Error: @user = User.find(params[:id])[0m
      [31m[0m
      [31mActiveRecord::RecordNotFound:[0m
      [31m  Couldn't find User without an ID[0m
      [36m# ./app/controllers/books_controller.rb:25:in `index'[0m
      [36m# /home/ec2-user/.rvm/gems/ruby-2.6.3/gems/warden-1.2.9/lib/warden/manager.rb:36:in `block in call'[0m
      [36m# /home/ec2-user/.rvm/gems/ruby-2.6.3/gems/warden-1.2.9/lib/warden/manager.rb:34:in `catch'[0m
      [36m# /home/ec2-user/.rvm/gems/ruby-2.6.3/gems/warden-1.2.9/lib/warden/manager.rb:34:in `call'[0m
      [36m# /home/ec2-user/.rvm/gems/ruby-2.6.3/gems/rack-2.2.3/lib/rack/tempfile_reaper.rb:15:in `call'[0m
      [36m# /home/ec2-user/.rvm/gems/ruby-2.6.3/gems/rack-2.2.3/lib/rack/etag.rb:27:in `call'[0m
      [36m# /home/ec2-user/.rvm/gems/ruby-2.6.3/gems/rack-2.2.3/lib/rack/conditional_get.rb:27:in `call'[0m
      [36m# /home/ec2-user/.rvm/gems/ruby-2.6.3/gems/rack-2.2.3/lib/rack/head.rb:12:in `call'[0m
      [36m# /home/ec2-user/.rvm/gems/ruby-2.6.3/gems/rack-2.2.3/lib/rack/session/abstract/id.rb:266:in `context'[0m
      [36m# /home/ec2-user/.rvm/gems/ruby-2.6.3/gems/rack-2.2.3/lib/rack/session/abstract/id.rb:260:in `call'[0m
      [36m# /home/ec2-user/.rvm/gems/ruby-2.6.3/gems/railties-5.2.4.4/lib/rails/rack/logger.rb:38:in `call_app'[0m
      [36m# /home/ec2-user/.rvm/gems/ruby-2.6.3/gems/railties-5.2.4.4/lib/rails/rack/logger.rb:26:in `block in call'[0m
      [36m# /home/ec2-user/.rvm/gems/ruby-2.6.3/gems/railties-5.2.4.4/lib/rails/rack/logger.rb:26:in `call'[0m
      [36m# /home/ec2-user/.rvm/gems/ruby-2.6.3/gems/rack-2.2.3/lib/rack/method_override.rb:24:in `call'[0m
      [36m# /home/ec2-user/.rvm/gems/ruby-2.6.3/gems/rack-2.2.3/lib/rack/runtime.rb:22:in `call'[0m
      [36m# /home/ec2-user/.rvm/gems/ruby-2.6.3/gems/rack-2.2.3/lib/rack/sendfile.rb:110:in `call'[0m
      [36m# /home/ec2-user/.rvm/gems/ruby-2.6.3/gems/railties-5.2.4.4/lib/rails/engine.rb:524:in `call'[0m
      [36m# /home/ec2-user/.rvm/gems/ruby-2.6.3/gems/rack-2.2.3/lib/rack/urlmap.rb:74:in `block in call'[0m
      [36m# /home/ec2-user/.rvm/gems/ruby-2.6.3/gems/rack-2.2.3/lib/rack/urlmap.rb:58:in `each'[0m
      [36m# /home/ec2-user/.rvm/gems/ruby-2.6.3/gems/rack-2.2.3/lib/rack/urlmap.rb:58:in `call'[0m
      [36m# /home/ec2-user/.rvm/gems/ruby-2.6.3/gems/rack-2.2.3/lib/rack/builder.rb:244:in `call'[0m
      [36m# /home/ec2-user/.rvm/gems/ruby-2.6.3/gems/rack-test-1.1.0/lib/rack/mock_session.rb:29:in `request'[0m
      [36m# /home/ec2-user/.rvm/gems/ruby-2.6.3/gems/rack-test-1.1.0/lib/rack/test.rb:266:in `process_request'[0m
      [36m# /home/ec2-user/.rvm/gems/ruby-2.6.3/gems/rack-test-1.1.0/lib/rack/test.rb:129:in `custom_request'[0m
      [36m# /home/ec2-user/.rvm/gems/ruby-2.6.3/gems/rack-test-1.1.0/lib/rack/test.rb:58:in `get'[0m
      [36m# /home/ec2-user/.rvm/gems/ruby-2.6.3/gems/capybara-3.35.3/lib/capybara/rack_test/browser.rb:72:in `process'[0m
      [36m# /home/ec2-user/.rvm/gems/ruby-2.6.3/gems/capybara-3.35.3/lib/capybara/rack_test/browser.rb:47:in `process_and_follow_redirects'[0m
      [36m# /home/ec2-user/.rvm/gems/ruby-2.6.3/gems/capybara-3.35.3/lib/capybara/rack_test/browser.rb:24:in `visit'[0m
      [36m# /home/ec2-user/.rvm/gems/ruby-2.6.3/gems/capybara-3.35.3/lib/capybara/rack_test/driver.rb:46:in `visit'[0m
      [36m# /home/ec2-user/.rvm/gems/ruby-2.6.3/gems/capybara-3.35.3/lib/capybara/session.rb:278:in `visit'[0m
      [36m# /home/ec2-user/.rvm/gems/ruby-2.6.3/gems/capybara-3.35.3/lib/capybara/dsl.rb:58:in `block (2 levels) in <module:DSL>'[0m
      [36m# ./spec/system/02_after_login_spec.rb:43:in `block (3 levels) in <main>'[0m

  24) [STEP2] ãƒ¦ãƒ¼ã‚¶ãƒ­ã‚°ã‚¤ãƒ³å¾Œã®ãƒ†ã‚¹ãƒˆ æŠ•ç¨¿ä¸€è¦§ç”»é¢ã®ãƒ†ã‚¹ãƒˆ è¡¨ç¤ºå†…å®¹ã®ç¢ºèª è‡ªåˆ†ã®æŠ•ç¨¿ã¨ä»–äººã®æŠ•ç¨¿ã®ã‚ªãƒ”ãƒ‹ã‚ªãƒ³ãŒè¡¨ç¤ºã•ã‚Œã‚‹
      [31mFailure/Error: @user = User.find(params[:id])[0m
      [31m[0m
      [31mActiveRecord::RecordNotFound:[0m
      [31m  Couldn't find User without an ID[0m
      [36m# ./app/controllers/books_controller.rb:25:in `index'[0m
      [36m# /home/ec2-user/.rvm/gems/ruby-2.6.3/gems/warden-1.2.9/lib/warden/manager.rb:36:in `block in call'[0m
      [36m# /home/ec2-user/.rvm/gems/ruby-2.6.3/gems/warden-1.2.9/lib/warden/manager.rb:34:in `catch'[0m
      [36m# /home/ec2-user/.rvm/gems/ruby-2.6.3/gems/warden-1.2.9/lib/warden/manager.rb:34:in `call'[0m
      [36m# /home/ec2-user/.rvm/gems/ruby-2.6.3/gems/rack-2.2.3/lib/rack/tempfile_reaper.rb:15:in `call'[0m
      [36m# /home/ec2-user/.rvm/gems/ruby-2.6.3/gems/rack-2.2.3/lib/rack/etag.rb:27:in `call'[0m
      [36m# /home/ec2-user/.rvm/gems/ruby-2.6.3/gems/rack-2.2.3/lib/rack/conditional_get.rb:27:in `call'[0m
      [36m# /home/ec2-user/.rvm/gems/ruby-2.6.3/gems/rack-2.2.3/lib/rack/head.rb:12:in `call'[0m
      [36m# /home/ec2-user/.rvm/gems/ruby-2.6.3/gems/rack-2.2.3/lib/rack/session/abstract/id.rb:266:in `context'[0m
      [36m# /home/ec2-user/.rvm/gems/ruby-2.6.3/gems/rack-2.2.3/lib/rack/session/abstract/id.rb:260:in `call'[0m
      [36m# /home/ec2-user/.rvm/gems/ruby-2.6.3/gems/railties-5.2.4.4/lib/rails/rack/logger.rb:38:in `call_app'[0m
      [36m# /home/ec2-user/.rvm/gems/ruby-2.6.3/gems/railties-5.2.4.4/lib/rails/rack/logger.rb:26:in `block in call'[0m
      [36m# /home/ec2-user/.rvm/gems/ruby-2.6.3/gems/railties-5.2.4.4/lib/rails/rack/logger.rb:26:in `call'[0m
      [36m# /home/ec2-user/.rvm/gems/ruby-2.6.3/gems/rack-2.2.3/lib/rack/method_override.rb:24:in `call'[0m
      [36m# /home/ec2-user/.rvm/gems/ruby-2.6.3/gems/rack-2.2.3/lib/rack/runtime.rb:22:in `call'[0m
      [36m# /home/ec2-user/.rvm/gems/ruby-2.6.3/gems/rack-2.2.3/lib/rack/sendfile.rb:110:in `call'[0m
      [36m# /home/ec2-user/.rvm/gems/ruby-2.6.3/gems/railties-5.2.4.4/lib/rails/engine.rb:524:in `call'[0m
      [36m# /home/ec2-user/.rvm/gems/ruby-2.6.3/gems/rack-2.2.3/lib/rack/urlmap.rb:74:in `block in call'[0m
      [36m# /home/ec2-user/.rvm/gems/ruby-2.6.3/gems/rack-2.2.3/lib/rack/urlmap.rb:58:in `each'[0m
      [36m# /home/ec2-user/.rvm/gems/ruby-2.6.3/gems/rack-2.2.3/lib/rack/urlmap.rb:58:in `call'[0m
      [36m# /home/ec2-user/.rvm/gems/ruby-2.6.3/gems/rack-2.2.3/lib/rack/builder.rb:244:in `call'[0m
      [36m# /home/ec2-user/.rvm/gems/ruby-2.6.3/gems/rack-test-1.1.0/lib/rack/mock_session.rb:29:in `request'[0m
      [36m# /home/ec2-user/.rvm/gems/ruby-2.6.3/gems/rack-test-1.1.0/lib/rack/test.rb:266:in `process_request'[0m
      [36m# /home/ec2-user/.rvm/gems/ruby-2.6.3/gems/rack-test-1.1.0/lib/rack/test.rb:129:in `custom_request'[0m
      [36m# /home/ec2-user/.rvm/gems/ruby-2.6.3/gems/rack-test-1.1.0/lib/rack/test.rb:58:in `get'[0m
      [36m# /home/ec2-user/.rvm/gems/ruby-2.6.3/gems/capybara-3.35.3/lib/capybara/rack_test/browser.rb:72:in `process'[0m
      [36m# /home/ec2-user/.rvm/gems/ruby-2.6.3/gems/capybara-3.35.3/lib/capybara/rack_test/browser.rb:47:in `process_and_follow_redirects'[0m
      [36m# /home/ec2-user/.rvm/gems/ruby-2.6.3/gems/capybara-3.35.3/lib/capybara/rack_test/browser.rb:24:in `visit'[0m
      [36m# /home/ec2-user/.rvm/gems/ruby-2.6.3/gems/capybara-3.35.3/lib/capybara/rack_test/driver.rb:46:in `visit'[0m
      [36m# /home/ec2-user/.rvm/gems/ruby-2.6.3/gems/capybara-3.35.3/lib/capybara/session.rb:278:in `visit'[0m
      [36m# /home/ec2-user/.rvm/gems/ruby-2.6.3/gems/capybara-3.35.3/lib/capybara/dsl.rb:58:in `block (2 levels) in <module:DSL>'[0m
      [36m# ./spec/system/02_after_login_spec.rb:43:in `block (3 levels) in <main>'[0m

  25) [STEP2] ãƒ¦ãƒ¼ã‚¶ãƒ­ã‚°ã‚¤ãƒ³å¾Œã®ãƒ†ã‚¹ãƒˆ æŠ•ç¨¿ä¸€è¦§ç”»é¢ã®ãƒ†ã‚¹ãƒˆ ã‚µã‚¤ãƒ‰ãƒãƒ¼ã®ç¢ºèª è‡ªåˆ†ã®åå‰ã¨ç´¹ä»‹æ–‡ãŒè¡¨ç¤ºã•ã‚Œã‚‹
      [31mFailure/Error: @user = User.find(params[:id])[0m
      [31m[0m
      [31mActiveRecord::RecordNotFound:[0m
      [31m  Couldn't find User without an ID[0m
      [36m# ./app/controllers/books_controller.rb:25:in `index'[0m
      [36m# /home/ec2-user/.rvm/gems/ruby-2.6.3/gems/warden-1.2.9/lib/warden/manager.rb:36:in `block in call'[0m
      [36m# /home/ec2-user/.rvm/gems/ruby-2.6.3/gems/warden-1.2.9/lib/warden/manager.rb:34:in `catch'[0m
      [36m# /home/ec2-user/.rvm/gems/ruby-2.6.3/gems/warden-1.2.9/lib/warden/manager.rb:34:in `call'[0m
      [36m# /home/ec2-user/.rvm/gems/ruby-2.6.3/gems/rack-2.2.3/lib/rack/tempfile_reaper.rb:15:in `call'[0m
      [36m# /home/ec2-user/.rvm/gems/ruby-2.6.3/gems/rack-2.2.3/lib/rack/etag.rb:27:in `call'[0m
      [36m# /home/ec2-user/.rvm/gems/ruby-2.6.3/gems/rack-2.2.3/lib/rack/conditional_get.rb:27:in `call'[0m
      [36m# /home/ec2-user/.rvm/gems/ruby-2.6.3/gems/rack-2.2.3/lib/rack/head.rb:12:in `call'[0m
      [36m# /home/ec2-user/.rvm/gems/ruby-2.6.3/gems/rack-2.2.3/lib/rack/session/abstract/id.rb:266:in `context'[0m
      [36m# /home/ec2-user/.rvm/gems/ruby-2.6.3/gems/rack-2.2.3/lib/rack/session/abstract/id.rb:260:in `call'[0m
      [36m# /home/ec2-user/.rvm/gems/ruby-2.6.3/gems/railties-5.2.4.4/lib/rails/rack/logger.rb:38:in `call_app'[0m
      [36m# /home/ec2-user/.rvm/gems/ruby-2.6.3/gems/railties-5.2.4.4/lib/rails/rack/logger.rb:26:in `block in call'[0m
      [36m# /home/ec2-user/.rvm/gems/ruby-2.6.3/gems/railties-5.2.4.4/lib/rails/rack/logger.rb:26:in `call'[0m
      [36m# /home/ec2-user/.rvm/gems/ruby-2.6.3/gems/rack-2.2.3/lib/rack/method_override.rb:24:in `call'[0m
      [36m# /home/ec2-user/.rvm/gems/ruby-2.6.3/gems/rack-2.2.3/lib/rack/runtime.rb:22:in `call'[0m
      [36m# /home/ec2-user/.rvm/gems/ruby-2.6.3/gems/rack-2.2.3/lib/rack/sendfile.rb:110:in `call'[0m
      [36m# /home/ec2-user/.rvm/gems/ruby-2.6.3/gems/railties-5.2.4.4/lib/rails/engine.rb:524:in `call'[0m
      [36m# /home/ec2-user/.rvm/gems/ruby-2.6.3/gems/rack-2.2.3/lib/rack/urlmap.rb:74:in `block in call'[0m
      [36m# /home/ec2-user/.rvm/gems/ruby-2.6.3/gems/rack-2.2.3/lib/rack/urlmap.rb:58:in `each'[0m
      [36m# /home/ec2-user/.rvm/gems/ruby-2.6.3/gems/rack-2.2.3/lib/rack/urlmap.rb:58:in `call'[0m
      [36m# /home/ec2-user/.rvm/gems/ruby-2.6.3/gems/rack-2.2.3/lib/rack/builder.rb:244:in `call'[0m
      [36m# /home/ec2-user/.rvm/gems/ruby-2.6.3/gems/rack-test-1.1.0/lib/rack/mock_session.rb:29:in `request'[0m
      [36m# /home/ec2-user/.rvm/gems/ruby-2.6.3/gems/rack-test-1.1.0/lib/rack/test.rb:266:in `process_request'[0m
      [36m# /home/ec2-user/.rvm/gems/ruby-2.6.3/gems/rack-test-1.1.0/lib/rack/test.rb:129:in `custom_request'[0m
      [36m# /home/ec2-user/.rvm/gems/ruby-2.6.3/gems/rack-test-1.1.0/lib/rack/test.rb:58:in `get'[0m
      [36m# /home/ec2-user/.rvm/gems/ruby-2.6.3/gems/capybara-3.35.3/lib/capybara/rack_test/browser.rb:72:in `process'[0m
      [36m# /home/ec2-user/.rvm/gems/ruby-2.6.3/gems/capybara-3.35.3/lib/capybara/rack_test/browser.rb:47:in `process_and_follow_redirects'[0m
      [36m# /home/ec2-user/.rvm/gems/ruby-2.6.3/gems/capybara-3.35.3/lib/capybara/rack_test/browser.rb:24:in `visit'[0m
      [36m# /home/ec2-user/.rvm/gems/ruby-2.6.3/gems/capybara-3.35.3/lib/capybara/rack_test/driver.rb:46:in `visit'[0m
      [36m# /home/ec2-user/.rvm/gems/ruby-2.6.3/gems/capybara-3.35.3/lib/capybara/session.rb:278:in `visit'[0m
      [36m# /home/ec2-user/.rvm/gems/ruby-2.6.3/gems/capybara-3.35.3/lib/capybara/dsl.rb:58:in `block (2 levels) in <module:DSL>'[0m
      [36m# ./spec/system/02_after_login_spec.rb:43:in `block (3 levels) in <main>'[0m

  26) [STEP2] ãƒ¦ãƒ¼ã‚¶ãƒ­ã‚°ã‚¤ãƒ³å¾Œã®ãƒ†ã‚¹ãƒˆ æŠ•ç¨¿ä¸€è¦§ç”»é¢ã®ãƒ†ã‚¹ãƒˆ ã‚µã‚¤ãƒ‰ãƒãƒ¼ã®ç¢ºèª è‡ªåˆ†ã®ãƒ¦ãƒ¼ã‚¶ç·¨é›†ç”»é¢ã¸ã®ãƒªãƒ³ã‚¯ãŒå­˜åœ¨ã™ã‚‹
      [31mFailure/Error: @user = User.find(params[:id])[0m
      [31m[0m
      [31mActiveRecord::RecordNotFound:[0m
      [31m  Couldn't find User without an ID[0m
      [36m# ./app/controllers/books_controller.rb:25:in `index'[0m
      [36m# /home/ec2-user/.rvm/gems/ruby-2.6.3/gems/warden-1.2.9/lib/warden/manager.rb:36:in `block in call'[0m
      [36m# /home/ec2-user/.rvm/gems/ruby-2.6.3/gems/warden-1.2.9/lib/warden/manager.rb:34:in `catch'[0m
      [36m# /home/ec2-user/.rvm/gems/ruby-2.6.3/gems/warden-1.2.9/lib/warden/manager.rb:34:in `call'[0m
      [36m# /home/ec2-user/.rvm/gems/ruby-2.6.3/gems/rack-2.2.3/lib/rack/tempfile_reaper.rb:15:in `call'[0m
      [36m# /home/ec2-user/.rvm/gems/ruby-2.6.3/gems/rack-2.2.3/lib/rack/etag.rb:27:in `call'[0m
      [36m# /home/ec2-user/.rvm/gems/ruby-2.6.3/gems/rack-2.2.3/lib/rack/conditional_get.rb:27:in `call'[0m
      [36m# /home/ec2-user/.rvm/gems/ruby-2.6.3/gems/rack-2.2.3/lib/rack/head.rb:12:in `call'[0m
      [36m# /home/ec2-user/.rvm/gems/ruby-2.6.3/gems/rack-2.2.3/lib/rack/session/abstract/id.rb:266:in `context'[0m
      [36m# /home/ec2-user/.rvm/gems/ruby-2.6.3/gems/rack-2.2.3/lib/rack/session/abstract/id.rb:260:in `call'[0m
      [36m# /home/ec2-user/.rvm/gems/ruby-2.6.3/gems/railties-5.2.4.4/lib/rails/rack/logger.rb:38:in `call_app'[0m
      [36m# /home/ec2-user/.rvm/gems/ruby-2.6.3/gems/railties-5.2.4.4/lib/rails/rack/logger.rb:26:in `block in call'[0m
      [36m# /home/ec2-user/.rvm/gems/ruby-2.6.3/gems/railties-5.2.4.4/lib/rails/rack/logger.rb:26:in `call'[0m
      [36m# /home/ec2-user/.rvm/gems/ruby-2.6.3/gems/rack-2.2.3/lib/rack/method_override.rb:24:in `call'[0m
      [36m# /home/ec2-user/.rvm/gems/ruby-2.6.3/gems/rack-2.2.3/lib/rack/runtime.rb:22:in `call'[0m
      [36m# /home/ec2-user/.rvm/gems/ruby-2.6.3/gems/rack-2.2.3/lib/rack/sendfile.rb:110:in `call'[0m
      [36m# /home/ec2-user/.rvm/gems/ruby-2.6.3/gems/railties-5.2.4.4/lib/rails/engine.rb:524:in `call'[0m
      [36m# /home/ec2-user/.rvm/gems/ruby-2.6.3/gems/rack-2.2.3/lib/rack/urlmap.rb:74:in `block in call'[0m
      [36m# /home/ec2-user/.rvm/gems/ruby-2.6.3/gems/rack-2.2.3/lib/rack/urlmap.rb:58:in `each'[0m
      [36m# /home/ec2-user/.rvm/gems/ruby-2.6.3/gems/rack-2.2.3/lib/rack/urlmap.rb:58:in `call'[0m
      [36m# /home/ec2-user/.rvm/gems/ruby-2.6.3/gems/rack-2.2.3/lib/rack/builder.rb:244:in `call'[0m
      [36m# /home/ec2-user/.rvm/gems/ruby-2.6.3/gems/rack-test-1.1.0/lib/rack/mock_session.rb:29:in `request'[0m
      [36m# /home/ec2-user/.rvm/gems/ruby-2.6.3/gems/rack-test-1.1.0/lib/rack/test.rb:266:in `process_request'[0m
      [36m# /home/ec2-user/.rvm/gems/ruby-2.6.3/gems/rack-test-1.1.0/lib/rack/test.rb:129:in `custom_request'[0m
      [36m# /home/ec2-user/.rvm/gems/ruby-2.6.3/gems/rack-test-1.1.0/lib/rack/test.rb:58:in `get'[0m
      [36m# /home/ec2-user/.rvm/gems/ruby-2.6.3/gems/capybara-3.35.3/lib/capybara/rack_test/browser.rb:72:in `process'[0m
      [36m# /home/ec2-user/.rvm/gems/ruby-2.6.3/gems/capybara-3.35.3/lib/capybara/rack_test/browser.rb:47:in `process_and_follow_redirects'[0m
      [36m# /home/ec2-user/.rvm/gems/ruby-2.6.3/gems/capybara-3.35.3/lib/capybara/rack_test/browser.rb:24:in `visit'[0m
      [36m# /home/ec2-user/.rvm/gems/ruby-2.6.3/gems/capybara-3.35.3/lib/capybara/rack_test/driver.rb:46:in `visit'[0m
      [36m# /home/ec2-user/.rvm/gems/ruby-2.6.3/gems/capybara-3.35.3/lib/capybara/session.rb:278:in `visit'[0m
      [36m# /home/ec2-user/.rvm/gems/ruby-2.6.3/gems/capybara-3.35.3/lib/capybara/dsl.rb:58:in `block (2 levels) in <module:DSL>'[0m
      [36m# ./spec/system/02_after_login_spec.rb:43:in `block (3 levels) in <main>'[0m

  27) [STEP2] ãƒ¦ãƒ¼ã‚¶ãƒ­ã‚°ã‚¤ãƒ³å¾Œã®ãƒ†ã‚¹ãƒˆ æŠ•ç¨¿ä¸€è¦§ç”»é¢ã®ãƒ†ã‚¹ãƒˆ ã‚µã‚¤ãƒ‰ãƒãƒ¼ã®ç¢ºèª ã€ŒNew bookã€ã¨è¡¨ç¤ºã•ã‚Œã‚‹
      [31mFailure/Error: @user = User.find(params[:id])[0m
      [31m[0m
      [31mActiveRecord::RecordNotFound:[0m
      [31m  Couldn't find User without an ID[0m
      [36m# ./app/controllers/books_controller.rb:25:in `index'[0m
      [36m# /home/ec2-user/.rvm/gems/ruby-2.6.3/gems/warden-1.2.9/lib/warden/manager.rb:36:in `block in call'[0m
      [36m# /home/ec2-user/.rvm/gems/ruby-2.6.3/gems/warden-1.2.9/lib/warden/manager.rb:34:in `catch'[0m
      [36m# /home/ec2-user/.rvm/gems/ruby-2.6.3/gems/warden-1.2.9/lib/warden/manager.rb:34:in `call'[0m
      [36m# /home/ec2-user/.rvm/gems/ruby-2.6.3/gems/rack-2.2.3/lib/rack/tempfile_reaper.rb:15:in `call'[0m
      [36m# /home/ec2-user/.rvm/gems/ruby-2.6.3/gems/rack-2.2.3/lib/rack/etag.rb:27:in `call'[0m
      [36m# /home/ec2-user/.rvm/gems/ruby-2.6.3/gems/rack-2.2.3/lib/rack/conditional_get.rb:27:in `call'[0m
      [36m# /home/ec2-user/.rvm/gems/ruby-2.6.3/gems/rack-2.2.3/lib/rack/head.rb:12:in `call'[0m
      [36m# /home/ec2-user/.rvm/gems/ruby-2.6.3/gems/rack-2.2.3/lib/rack/session/abstract/id.rb:266:in `context'[0m
      [36m# /home/ec2-user/.rvm/gems/ruby-2.6.3/gems/rack-2.2.3/lib/rack/session/abstract/id.rb:260:in `call'[0m
      [36m# /home/ec2-user/.rvm/gems/ruby-2.6.3/gems/railties-5.2.4.4/lib/rails/rack/logger.rb:38:in `call_app'[0m
      [36m# /home/ec2-user/.rvm/gems/ruby-2.6.3/gems/railties-5.2.4.4/lib/rails/rack/logger.rb:26:in `block in call'[0m
      [36m# /home/ec2-user/.rvm/gems/ruby-2.6.3/gems/railties-5.2.4.4/lib/rails/rack/logger.rb:26:in `call'[0m
      [36m# /home/ec2-user/.rvm/gems/ruby-2.6.3/gems/rack-2.2.3/lib/rack/method_override.rb:24:in `call'[0m
      [36m# /home/ec2-user/.rvm/gems/ruby-2.6.3/gems/rack-2.2.3/lib/rack/runtime.rb:22:in `call'[0m
      [36m# /home/ec2-user/.rvm/gems/ruby-2.6.3/gems/rack-2.2.3/lib/rack/sendfile.rb:110:in `call'[0m
      [36m# /home/ec2-user/.rvm/gems/ruby-2.6.3/gems/railties-5.2.4.4/lib/rails/engine.rb:524:in `call'[0m
      [36m# /home/ec2-user/.rvm/gems/ruby-2.6.3/gems/rack-2.2.3/lib/rack/urlmap.rb:74:in `block in call'[0m
      [36m# /home/ec2-user/.rvm/gems/ruby-2.6.3/gems/rack-2.2.3/lib/rack/urlmap.rb:58:in `each'[0m
      [36m# /home/ec2-user/.rvm/gems/ruby-2.6.3/gems/rack-2.2.3/lib/rack/urlmap.rb:58:in `call'[0m
      [36m# /home/ec2-user/.rvm/gems/ruby-2.6.3/gems/rack-2.2.3/lib/rack/builder.rb:244:in `call'[0m
      [36m# /home/ec2-user/.rvm/gems/ruby-2.6.3/gems/rack-test-1.1.0/lib/rack/mock_session.rb:29:in `request'[0m
      [36m# /home/ec2-user/.rvm/gems/ruby-2.6.3/gems/rack-test-1.1.0/lib/rack/test.rb:266:in `process_request'[0m
      [36m# /home/ec2-user/.rvm/gems/ruby-2.6.3/gems/rack-test-1.1.0/lib/rack/test.rb:129:in `custom_request'[0m
      [36m# /home/ec2-user/.rvm/gems/ruby-2.6.3/gems/rack-test-1.1.0/lib/rack/test.rb:58:in `get'[0m
      [36m# /home/ec2-user/.rvm/gems/ruby-2.6.3/gems/capybara-3.35.3/lib/capybara/rack_test/browser.rb:72:in `process'[0m
      [36m# /home/ec2-user/.rvm/gems/ruby-2.6.3/gems/capybara-3.35.3/lib/capybara/rack_test/browser.rb:47:in `process_and_follow_redirects'[0m
      [36m# /home/ec2-user/.rvm/gems/ruby-2.6.3/gems/capybara-3.35.3/lib/capybara/rack_test/browser.rb:24:in `visit'[0m
      [36m# /home/ec2-user/.rvm/gems/ruby-2.6.3/gems/capybara-3.35.3/lib/capybara/rack_test/driver.rb:46:in `visit'[0m
      [36m# /home/ec2-user/.rvm/gems/ruby-2.6.3/gems/capybara-3.35.3/lib/capybara/session.rb:278:in `visit'[0m
      [36m# /home/ec2-user/.rvm/gems/ruby-2.6.3/gems/capybara-3.35.3/lib/capybara/dsl.rb:58:in `block (2 levels) in <module:DSL>'[0m
      [36m# ./spec/system/02_after_login_spec.rb:43:in `block (3 levels) in <main>'[0m

  28) [STEP2] ãƒ¦ãƒ¼ã‚¶ãƒ­ã‚°ã‚¤ãƒ³å¾Œã®ãƒ†ã‚¹ãƒˆ æŠ•ç¨¿ä¸€è¦§ç”»é¢ã®ãƒ†ã‚¹ãƒˆ ã‚µã‚¤ãƒ‰ãƒãƒ¼ã®ç¢ºèª titleãƒ•ã‚©ãƒ¼ãƒ ãŒè¡¨ç¤ºã•ã‚Œã‚‹
      [31mFailure/Error: @user = User.find(params[:id])[0m
      [31m[0m
      [31mActiveRecord::RecordNotFound:[0m
      [31m  Couldn't find User without an ID[0m
      [36m# ./app/controllers/books_controller.rb:25:in `index'[0m
      [36m# /home/ec2-user/.rvm/gems/ruby-2.6.3/gems/warden-1.2.9/lib/warden/manager.rb:36:in `block in call'[0m
      [36m# /home/ec2-user/.rvm/gems/ruby-2.6.3/gems/warden-1.2.9/lib/warden/manager.rb:34:in `catch'[0m
      [36m# /home/ec2-user/.rvm/gems/ruby-2.6.3/gems/warden-1.2.9/lib/warden/manager.rb:34:in `call'[0m
      [36m# /home/ec2-user/.rvm/gems/ruby-2.6.3/gems/rack-2.2.3/lib/rack/tempfile_reaper.rb:15:in `call'[0m
      [36m# /home/ec2-user/.rvm/gems/ruby-2.6.3/gems/rack-2.2.3/lib/rack/etag.rb:27:in `call'[0m
      [36m# /home/ec2-user/.rvm/gems/ruby-2.6.3/gems/rack-2.2.3/lib/rack/conditional_get.rb:27:in `call'[0m
      [36m# /home/ec2-user/.rvm/gems/ruby-2.6.3/gems/rack-2.2.3/lib/rack/head.rb:12:in `call'[0m
      [36m# /home/ec2-user/.rvm/gems/ruby-2.6.3/gems/rack-2.2.3/lib/rack/session/abstract/id.rb:266:in `context'[0m
      [36m# /home/ec2-user/.rvm/gems/ruby-2.6.3/gems/rack-2.2.3/lib/rack/session/abstract/id.rb:260:in `call'[0m
      [36m# /home/ec2-user/.rvm/gems/ruby-2.6.3/gems/railties-5.2.4.4/lib/rails/rack/logger.rb:38:in `call_app'[0m
      [36m# /home/ec2-user/.rvm/gems/ruby-2.6.3/gems/railties-5.2.4.4/lib/rails/rack/logger.rb:26:in `block in call'[0m
      [36m# /home/ec2-user/.rvm/gems/ruby-2.6.3/gems/railties-5.2.4.4/lib/rails/rack/logger.rb:26:in `call'[0m
      [36m# /home/ec2-user/.rvm/gems/ruby-2.6.3/gems/rack-2.2.3/lib/rack/method_override.rb:24:in `call'[0m
      [36m# /home/ec2-user/.rvm/gems/ruby-2.6.3/gems/rack-2.2.3/lib/rack/runtime.rb:22:in `call'[0m
      [36m# /home/ec2-user/.rvm/gems/ruby-2.6.3/gems/rack-2.2.3/lib/rack/sendfile.rb:110:in `call'[0m
      [36m# /home/ec2-user/.rvm/gems/ruby-2.6.3/gems/railties-5.2.4.4/lib/rails/engine.rb:524:in `call'[0m
      [36m# /home/ec2-user/.rvm/gems/ruby-2.6.3/gems/rack-2.2.3/lib/rack/urlmap.rb:74:in `block in call'[0m
      [36m# /home/ec2-user/.rvm/gems/ruby-2.6.3/gems/rack-2.2.3/lib/rack/urlmap.rb:58:in `each'[0m
      [36m# /home/ec2-user/.rvm/gems/ruby-2.6.3/gems/rack-2.2.3/lib/rack/urlmap.rb:58:in `call'[0m
      [36m# /home/ec2-user/.rvm/gems/ruby-2.6.3/gems/rack-2.2.3/lib/rack/builder.rb:244:in `call'[0m
      [36m# /home/ec2-user/.rvm/gems/ruby-2.6.3/gems/rack-test-1.1.0/lib/rack/mock_session.rb:29:in `request'[0m
      [36m# /home/ec2-user/.rvm/gems/ruby-2.6.3/gems/rack-test-1.1.0/lib/rack/test.rb:266:in `process_request'[0m
      [36m# /home/ec2-user/.rvm/gems/ruby-2.6.3/gems/rack-test-1.1.0/lib/rack/test.rb:129:in `custom_request'[0m
      [36m# /home/ec2-user/.rvm/gems/ruby-2.6.3/gems/rack-test-1.1.0/lib/rack/test.rb:58:in `get'[0m
      [36m# /home/ec2-user/.rvm/gems/ruby-2.6.3/gems/capybara-3.35.3/lib/capybara/rack_test/browser.rb:72:in `process'[0m
      [36m# /home/ec2-user/.rvm/gems/ruby-2.6.3/gems/capybara-3.35.3/lib/capybara/rack_test/browser.rb:47:in `process_and_follow_redirects'[0m
      [36m# /home/ec2-user/.rvm/gems/ruby-2.6.3/gems/capybara-3.35.3/lib/capybara/rack_test/browser.rb:24:in `visit'[0m
      [36m# /home/ec2-user/.rvm/gems/ruby-2.6.3/gems/capybara-3.35.3/lib/capybara/rack_test/driver.rb:46:in `visit'[0m
      [36m# /home/ec2-user/.rvm/gems/ruby-2.6.3/gems/capybara-3.35.3/lib/capybara/session.rb:278:in `visit'[0m
      [36m# /home/ec2-user/.rvm/gems/ruby-2.6.3/gems/capybara-3.35.3/lib/capybara/dsl.rb:58:in `block (2 levels) in <module:DSL>'[0m
      [36m# ./spec/system/02_after_login_spec.rb:43:in `block (3 levels) in <main>'[0m

  29) [STEP2] ãƒ¦ãƒ¼ã‚¶ãƒ­ã‚°ã‚¤ãƒ³å¾Œã®ãƒ†ã‚¹ãƒˆ æŠ•ç¨¿ä¸€è¦§ç”»é¢ã®ãƒ†ã‚¹ãƒˆ ã‚µã‚¤ãƒ‰ãƒãƒ¼ã®ç¢ºèª titleãƒ•ã‚©ãƒ¼ãƒ ã«å€¤ãŒå…¥ã£ã¦ã„ãªã„
      [31mFailure/Error: @user = User.find(params[:id])[0m
      [31m[0m
      [31mActiveRecord::RecordNotFound:[0m
      [31m  Couldn't find User without an ID[0m
      [36m# ./app/controllers/books_controller.rb:25:in `index'[0m
      [36m# /home/ec2-user/.rvm/gems/ruby-2.6.3/gems/warden-1.2.9/lib/warden/manager.rb:36:in `block in call'[0m
      [36m# /home/ec2-user/.rvm/gems/ruby-2.6.3/gems/warden-1.2.9/lib/warden/manager.rb:34:in `catch'[0m
      [36m# /home/ec2-user/.rvm/gems/ruby-2.6.3/gems/warden-1.2.9/lib/warden/manager.rb:34:in `call'[0m
      [36m# /home/ec2-user/.rvm/gems/ruby-2.6.3/gems/rack-2.2.3/lib/rack/tempfile_reaper.rb:15:in `call'[0m
      [36m# /home/ec2-user/.rvm/gems/ruby-2.6.3/gems/rack-2.2.3/lib/rack/etag.rb:27:in `call'[0m
      [36m# /home/ec2-user/.rvm/gems/ruby-2.6.3/gems/rack-2.2.3/lib/rack/conditional_get.rb:27:in `call'[0m
      [36m# /home/ec2-user/.rvm/gems/ruby-2.6.3/gems/rack-2.2.3/lib/rack/head.rb:12:in `call'[0m
      [36m# /home/ec2-user/.rvm/gems/ruby-2.6.3/gems/rack-2.2.3/lib/rack/session/abstract/id.rb:266:in `context'[0m
      [36m# /home/ec2-user/.rvm/gems/ruby-2.6.3/gems/rack-2.2.3/lib/rack/session/abstract/id.rb:260:in `call'[0m
      [36m# /home/ec2-user/.rvm/gems/ruby-2.6.3/gems/railties-5.2.4.4/lib/rails/rack/logger.rb:38:in `call_app'[0m
      [36m# /home/ec2-user/.rvm/gems/ruby-2.6.3/gems/railties-5.2.4.4/lib/rails/rack/logger.rb:26:in `block in call'[0m
      [36m# /home/ec2-user/.rvm/gems/ruby-2.6.3/gems/railties-5.2.4.4/lib/rails/rack/logger.rb:26:in `call'[0m
      [36m# /home/ec2-user/.rvm/gems/ruby-2.6.3/gems/rack-2.2.3/lib/rack/method_override.rb:24:in `call'[0m
      [36m# /home/ec2-user/.rvm/gems/ruby-2.6.3/gems/rack-2.2.3/lib/rack/runtime.rb:22:in `call'[0m
      [36m# /home/ec2-user/.rvm/gems/ruby-2.6.3/gems/rack-2.2.3/lib/rack/sendfile.rb:110:in `call'[0m
      [36m# /home/ec2-user/.rvm/gems/ruby-2.6.3/gems/railties-5.2.4.4/lib/rails/engine.rb:524:in `call'[0m
      [36m# /home/ec2-user/.rvm/gems/ruby-2.6.3/gems/rack-2.2.3/lib/rack/urlmap.rb:74:in `block in call'[0m
      [36m# /home/ec2-user/.rvm/gems/ruby-2.6.3/gems/rack-2.2.3/lib/rack/urlmap.rb:58:in `each'[0m
      [36m# /home/ec2-user/.rvm/gems/ruby-2.6.3/gems/rack-2.2.3/lib/rack/urlmap.rb:58:in `call'[0m
      [36m# /home/ec2-user/.rvm/gems/ruby-2.6.3/gems/rack-2.2.3/lib/rack/builder.rb:244:in `call'[0m
      [36m# /home/ec2-user/.rvm/gems/ruby-2.6.3/gems/rack-test-1.1.0/lib/rack/mock_session.rb:29:in `request'[0m
      [36m# /home/ec2-user/.rvm/gems/ruby-2.6.3/gems/rack-test-1.1.0/lib/rack/test.rb:266:in `process_request'[0m
      [36m# /home/ec2-user/.rvm/gems/ruby-2.6.3/gems/rack-test-1.1.0/lib/rack/test.rb:129:in `custom_request'[0m
      [36m# /home/ec2-user/.rvm/gems/ruby-2.6.3/gems/rack-test-1.1.0/lib/rack/test.rb:58:in `get'[0m
      [36m# /home/ec2-user/.rvm/gems/ruby-2.6.3/gems/capybara-3.35.3/lib/capybara/rack_test/browser.rb:72:in `process'[0m
      [36m# /home/ec2-user/.rvm/gems/ruby-2.6.3/gems/capybara-3.35.3/lib/capybara/rack_test/browser.rb:47:in `process_and_follow_redirects'[0m
      [36m# /home/ec2-user/.rvm/gems/ruby-2.6.3/gems/capybara-3.35.3/lib/capybara/rack_test/browser.rb:24:in `visit'[0m
      [36m# /home/ec2-user/.rvm/gems/ruby-2.6.3/gems/capybara-3.35.3/lib/capybara/rack_test/driver.rb:46:in `visit'[0m
      [36m# /home/ec2-user/.rvm/gems/ruby-2.6.3/gems/capybara-3.35.3/lib/capybara/session.rb:278:in `visit'[0m
      [36m# /home/ec2-user/.rvm/gems/ruby-2.6.3/gems/capybara-3.35.3/lib/capybara/dsl.rb:58:in `block (2 levels) in <module:DSL>'[0m
      [36m# ./spec/system/02_after_login_spec.rb:43:in `block (3 levels) in <main>'[0m

  30) [STEP2] ãƒ¦ãƒ¼ã‚¶ãƒ­ã‚°ã‚¤ãƒ³å¾Œã®ãƒ†ã‚¹ãƒˆ æŠ•ç¨¿ä¸€è¦§ç”»é¢ã®ãƒ†ã‚¹ãƒˆ ã‚µã‚¤ãƒ‰ãƒãƒ¼ã®ç¢ºèª opinionãƒ•ã‚©ãƒ¼ãƒ ãŒè¡¨ç¤ºã•ã‚Œã‚‹
      [31mFailure/Error: @user = User.find(params[:id])[0m
      [31m[0m
      [31mActiveRecord::RecordNotFound:[0m
      [31m  Couldn't find User without an ID[0m
      [36m# ./app/controllers/books_controller.rb:25:in `index'[0m
      [36m# /home/ec2-user/.rvm/gems/ruby-2.6.3/gems/warden-1.2.9/lib/warden/manager.rb:36:in `block in call'[0m
      [36m# /home/ec2-user/.rvm/gems/ruby-2.6.3/gems/warden-1.2.9/lib/warden/manager.rb:34:in `catch'[0m
      [36m# /home/ec2-user/.rvm/gems/ruby-2.6.3/gems/warden-1.2.9/lib/warden/manager.rb:34:in `call'[0m
      [36m# /home/ec2-user/.rvm/gems/ruby-2.6.3/gems/rack-2.2.3/lib/rack/tempfile_reaper.rb:15:in `call'[0m
      [36m# /home/ec2-user/.rvm/gems/ruby-2.6.3/gems/rack-2.2.3/lib/rack/etag.rb:27:in `call'[0m
      [36m# /home/ec2-user/.rvm/gems/ruby-2.6.3/gems/rack-2.2.3/lib/rack/conditional_get.rb:27:in `call'[0m
      [36m# /home/ec2-user/.rvm/gems/ruby-2.6.3/gems/rack-2.2.3/lib/rack/head.rb:12:in `call'[0m
      [36m# /home/ec2-user/.rvm/gems/ruby-2.6.3/gems/rack-2.2.3/lib/rack/session/abstract/id.rb:266:in `context'[0m
      [36m# /home/ec2-user/.rvm/gems/ruby-2.6.3/gems/rack-2.2.3/lib/rack/session/abstract/id.rb:260:in `call'[0m
      [36m# /home/ec2-user/.rvm/gems/ruby-2.6.3/gems/railties-5.2.4.4/lib/rails/rack/logger.rb:38:in `call_app'[0m
      [36m# /home/ec2-user/.rvm/gems/ruby-2.6.3/gems/railties-5.2.4.4/lib/rails/rack/logger.rb:26:in `block in call'[0m
      [36m# /home/ec2-user/.rvm/gems/ruby-2.6.3/gems/railties-5.2.4.4/lib/rails/rack/logger.rb:26:in `call'[0m
      [36m# /home/ec2-user/.rvm/gems/ruby-2.6.3/gems/rack-2.2.3/lib/rack/method_override.rb:24:in `call'[0m
      [36m# /home/ec2-user/.rvm/gems/ruby-2.6.3/gems/rack-2.2.3/lib/rack/runtime.rb:22:in `call'[0m
      [36m# /home/ec2-user/.rvm/gems/ruby-2.6.3/gems/rack-2.2.3/lib/rack/sendfile.rb:110:in `call'[0m
      [36m# /home/ec2-user/.rvm/gems/ruby-2.6.3/gems/railties-5.2.4.4/lib/rails/engine.rb:524:in `call'[0m
      [36m# /home/ec2-user/.rvm/gems/ruby-2.6.3/gems/rack-2.2.3/lib/rack/urlmap.rb:74:in `block in call'[0m
      [36m# /home/ec2-user/.rvm/gems/ruby-2.6.3/gems/rack-2.2.3/lib/rack/urlmap.rb:58:in `each'[0m
      [36m# /home/ec2-user/.rvm/gems/ruby-2.6.3/gems/rack-2.2.3/lib/rack/urlmap.rb:58:in `call'[0m
      [36m# /home/ec2-user/.rvm/gems/ruby-2.6.3/gems/rack-2.2.3/lib/rack/builder.rb:244:in `call'[0m
      [36m# /home/ec2-user/.rvm/gems/ruby-2.6.3/gems/rack-test-1.1.0/lib/rack/mock_session.rb:29:in `request'[0m
      [36m# /home/ec2-user/.rvm/gems/ruby-2.6.3/gems/rack-test-1.1.0/lib/rack/test.rb:266:in `process_request'[0m
      [36m# /home/ec2-user/.rvm/gems/ruby-2.6.3/gems/rack-test-1.1.0/lib/rack/test.rb:129:in `custom_request'[0m
      [36m# /home/ec2-user/.rvm/gems/ruby-2.6.3/gems/rack-test-1.1.0/lib/rack/test.rb:58:in `get'[0m
      [36m# /home/ec2-user/.rvm/gems/ruby-2.6.3/gems/capybara-3.35.3/lib/capybara/rack_test/browser.rb:72:in `process'[0m
      [36m# /home/ec2-user/.rvm/gems/ruby-2.6.3/gems/capybara-3.35.3/lib/capybara/rack_test/browser.rb:47:in `process_and_follow_redirects'[0m
      [36m# /home/ec2-user/.rvm/gems/ruby-2.6.3/gems/capybara-3.35.3/lib/capybara/rack_test/browser.rb:24:in `visit'[0m
      [36m# /home/ec2-user/.rvm/gems/ruby-2.6.3/gems/capybara-3.35.3/lib/capybara/rack_test/driver.rb:46:in `visit'[0m
      [36m# /home/ec2-user/.rvm/gems/ruby-2.6.3/gems/capybara-3.35.3/lib/capybara/session.rb:278:in `visit'[0m
      [36m# /home/ec2-user/.rvm/gems/ruby-2.6.3/gems/capybara-3.35.3/lib/capybara/dsl.rb:58:in `block (2 levels) in <module:DSL>'[0m
      [36m# ./spec/system/02_after_login_spec.rb:43:in `block (3 levels) in <main>'[0m

  31) [STEP2] ãƒ¦ãƒ¼ã‚¶ãƒ­ã‚°ã‚¤ãƒ³å¾Œã®ãƒ†ã‚¹ãƒˆ æŠ•ç¨¿ä¸€è¦§ç”»é¢ã®ãƒ†ã‚¹ãƒˆ ã‚µã‚¤ãƒ‰ãƒãƒ¼ã®ç¢ºèª opinionãƒ•ã‚©ãƒ¼ãƒ ã«å€¤ãŒå…¥ã£ã¦ã„ãªã„
      [31mFailure/Error: @user = User.find(params[:id])[0m
      [31m[0m
      [31mActiveRecord::RecordNotFound:[0m
      [31m  Couldn't find User without an ID[0m
      [36m# ./app/controllers/books_controller.rb:25:in `index'[0m
      [36m# /home/ec2-user/.rvm/gems/ruby-2.6.3/gems/warden-1.2.9/lib/warden/manager.rb:36:in `block in call'[0m
      [36m# /home/ec2-user/.rvm/gems/ruby-2.6.3/gems/warden-1.2.9/lib/warden/manager.rb:34:in `catch'[0m
      [36m# /home/ec2-user/.rvm/gems/ruby-2.6.3/gems/warden-1.2.9/lib/warden/manager.rb:34:in `call'[0m
      [36m# /home/ec2-user/.rvm/gems/ruby-2.6.3/gems/rack-2.2.3/lib/rack/tempfile_reaper.rb:15:in `call'[0m
      [36m# /home/ec2-user/.rvm/gems/ruby-2.6.3/gems/rack-2.2.3/lib/rack/etag.rb:27:in `call'[0m
      [36m# /home/ec2-user/.rvm/gems/ruby-2.6.3/gems/rack-2.2.3/lib/rack/conditional_get.rb:27:in `call'[0m
      [36m# /home/ec2-user/.rvm/gems/ruby-2.6.3/gems/rack-2.2.3/lib/rack/head.rb:12:in `call'[0m
      [36m# /home/ec2-user/.rvm/gems/ruby-2.6.3/gems/rack-2.2.3/lib/rack/session/abstract/id.rb:266:in `context'[0m
      [36m# /home/ec2-user/.rvm/gems/ruby-2.6.3/gems/rack-2.2.3/lib/rack/session/abstract/id.rb:260:in `call'[0m
      [36m# /home/ec2-user/.rvm/gems/ruby-2.6.3/gems/railties-5.2.4.4/lib/rails/rack/logger.rb:38:in `call_app'[0m
      [36m# /home/ec2-user/.rvm/gems/ruby-2.6.3/gems/railties-5.2.4.4/lib/rails/rack/logger.rb:26:in `block in call'[0m
      [36m# /home/ec2-user/.rvm/gems/ruby-2.6.3/gems/railties-5.2.4.4/lib/rails/rack/logger.rb:26:in `call'[0m
      [36m# /home/ec2-user/.rvm/gems/ruby-2.6.3/gems/rack-2.2.3/lib/rack/method_override.rb:24:in `call'[0m
      [36m# /home/ec2-user/.rvm/gems/ruby-2.6.3/gems/rack-2.2.3/lib/rack/runtime.rb:22:in `call'[0m
      [36m# /home/ec2-user/.rvm/gems/ruby-2.6.3/gems/rack-2.2.3/lib/rack/sendfile.rb:110:in `call'[0m
      [36m# /home/ec2-user/.rvm/gems/ruby-2.6.3/gems/railties-5.2.4.4/lib/rails/engine.rb:524:in `call'[0m
      [36m# /home/ec2-user/.rvm/gems/ruby-2.6.3/gems/rack-2.2.3/lib/rack/urlmap.rb:74:in `block in call'[0m
      [36m# /home/ec2-user/.rvm/gems/ruby-2.6.3/gems/rack-2.2.3/lib/rack/urlmap.rb:58:in `each'[0m
      [36m# /home/ec2-user/.rvm/gems/ruby-2.6.3/gems/rack-2.2.3/lib/rack/urlmap.rb:58:in `call'[0m
      [36m# /home/ec2-user/.rvm/gems/ruby-2.6.3/gems/rack-2.2.3/lib/rack/builder.rb:244:in `call'[0m
      [36m# /home/ec2-user/.rvm/gems/ruby-2.6.3/gems/rack-test-1.1.0/lib/rack/mock_session.rb:29:in `request'[0m
      [36m# /home/ec2-user/.rvm/gems/ruby-2.6.3/gems/rack-test-1.1.0/lib/rack/test.rb:266:in `process_request'[0m
      [36m# /home/ec2-user/.rvm/gems/ruby-2.6.3/gems/rack-test-1.1.0/lib/rack/test.rb:129:in `custom_request'[0m
      [36m# /home/ec2-user/.rvm/gems/ruby-2.6.3/gems/rack-test-1.1.0/lib/rack/test.rb:58:in `get'[0m
      [36m# /home/ec2-user/.rvm/gems/ruby-2.6.3/gems/capybara-3.35.3/lib/capybara/rack_test/browser.rb:72:in `process'[0m
      [36m# /home/ec2-user/.rvm/gems/ruby-2.6.3/gems/capybara-3.35.3/lib/capybara/rack_test/browser.rb:47:in `process_and_follow_redirects'[0m
      [36m# /home/ec2-user/.rvm/gems/ruby-2.6.3/gems/capybara-3.35.3/lib/capybara/rack_test/browser.rb:24:in `visit'[0m
      [36m# /home/ec2-user/.rvm/gems/ruby-2.6.3/gems/capybara-3.35.3/lib/capybara/rack_test/driver.rb:46:in `visit'[0m
      [36m# /home/ec2-user/.rvm/gems/ruby-2.6.3/gems/capybara-3.35.3/lib/capybara/session.rb:278:in `visit'[0m
      [36m# /home/ec2-user/.rvm/gems/ruby-2.6.3/gems/capybara-3.35.3/lib/capybara/dsl.rb:58:in `block (2 levels) in <module:DSL>'[0m
      [36m# ./spec/system/02_after_login_spec.rb:43:in `block (3 levels) in <main>'[0m

  32) [STEP2] ãƒ¦ãƒ¼ã‚¶ãƒ­ã‚°ã‚¤ãƒ³å¾Œã®ãƒ†ã‚¹ãƒˆ æŠ•ç¨¿ä¸€è¦§ç”»é¢ã®ãƒ†ã‚¹ãƒˆ ã‚µã‚¤ãƒ‰ãƒãƒ¼ã®ç¢ºèª Create Bookãƒœã‚¿ãƒ³ãŒè¡¨ç¤ºã•ã‚Œã‚‹
      [31mFailure/Error: @user = User.find(params[:id])[0m
      [31m[0m
      [31mActiveRecord::RecordNotFound:[0m
      [31m  Couldn't find User without an ID[0m
      [36m# ./app/controllers/books_controller.rb:25:in `index'[0m
      [36m# /home/ec2-user/.rvm/gems/ruby-2.6.3/gems/warden-1.2.9/lib/warden/manager.rb:36:in `block in call'[0m
      [36m# /home/ec2-user/.rvm/gems/ruby-2.6.3/gems/warden-1.2.9/lib/warden/manager.rb:34:in `catch'[0m
      [36m# /home/ec2-user/.rvm/gems/ruby-2.6.3/gems/warden-1.2.9/lib/warden/manager.rb:34:in `call'[0m
      [36m# /home/ec2-user/.rvm/gems/ruby-2.6.3/gems/rack-2.2.3/lib/rack/tempfile_reaper.rb:15:in `call'[0m
      [36m# /home/ec2-user/.rvm/gems/ruby-2.6.3/gems/rack-2.2.3/lib/rack/etag.rb:27:in `call'[0m
      [36m# /home/ec2-user/.rvm/gems/ruby-2.6.3/gems/rack-2.2.3/lib/rack/conditional_get.rb:27:in `call'[0m
      [36m# /home/ec2-user/.rvm/gems/ruby-2.6.3/gems/rack-2.2.3/lib/rack/head.rb:12:in `call'[0m
      [36m# /home/ec2-user/.rvm/gems/ruby-2.6.3/gems/rack-2.2.3/lib/rack/session/abstract/id.rb:266:in `context'[0m
      [36m# /home/ec2-user/.rvm/gems/ruby-2.6.3/gems/rack-2.2.3/lib/rack/session/abstract/id.rb:260:in `call'[0m
      [36m# /home/ec2-user/.rvm/gems/ruby-2.6.3/gems/railties-5.2.4.4/lib/rails/rack/logger.rb:38:in `call_app'[0m
      [36m# /home/ec2-user/.rvm/gems/ruby-2.6.3/gems/railties-5.2.4.4/lib/rails/rack/logger.rb:26:in `block in call'[0m
      [36m# /home/ec2-user/.rvm/gems/ruby-2.6.3/gems/railties-5.2.4.4/lib/rails/rack/logger.rb:26:in `call'[0m
      [36m# /home/ec2-user/.rvm/gems/ruby-2.6.3/gems/rack-2.2.3/lib/rack/method_override.rb:24:in `call'[0m
      [36m# /home/ec2-user/.rvm/gems/ruby-2.6.3/gems/rack-2.2.3/lib/rack/runtime.rb:22:in `call'[0m
      [36m# /home/ec2-user/.rvm/gems/ruby-2.6.3/gems/rack-2.2.3/lib/rack/sendfile.rb:110:in `call'[0m
      [36m# /home/ec2-user/.rvm/gems/ruby-2.6.3/gems/railties-5.2.4.4/lib/rails/engine.rb:524:in `call'[0m
      [36m# /home/ec2-user/.rvm/gems/ruby-2.6.3/gems/rack-2.2.3/lib/rack/urlmap.rb:74:in `block in call'[0m
      [36m# /home/ec2-user/.rvm/gems/ruby-2.6.3/gems/rack-2.2.3/lib/rack/urlmap.rb:58:in `each'[0m
      [36m# /home/ec2-user/.rvm/gems/ruby-2.6.3/gems/rack-2.2.3/lib/rack/urlmap.rb:58:in `call'[0m
      [36m# /home/ec2-user/.rvm/gems/ruby-2.6.3/gems/rack-2.2.3/lib/rack/builder.rb:244:in `call'[0m
      [36m# /home/ec2-user/.rvm/gems/ruby-2.6.3/gems/rack-test-1.1.0/lib/rack/mock_session.rb:29:in `request'[0m
      [36m# /home/ec2-user/.rvm/gems/ruby-2.6.3/gems/rack-test-1.1.0/lib/rack/test.rb:266:in `process_request'[0m
      [36m# /home/ec2-user/.rvm/gems/ruby-2.6.3/gems/rack-test-1.1.0/lib/rack/test.rb:129:in `custom_request'[0m
      [36m# /home/ec2-user/.rvm/gems/ruby-2.6.3/gems/rack-test-1.1.0/lib/rack/test.rb:58:in `get'[0m
      [36m# /home/ec2-user/.rvm/gems/ruby-2.6.3/gems/capybara-3.35.3/lib/capybara/rack_test/browser.rb:72:in `process'[0m
      [36m# /home/ec2-user/.rvm/gems/ruby-2.6.3/gems/capybara-3.35.3/lib/capybara/rack_test/browser.rb:47:in `process_and_follow_redirects'[0m
      [36m# /home/ec2-user/.rvm/gems/ruby-2.6.3/gems/capybara-3.35.3/lib/capybara/rack_test/browser.rb:24:in `visit'[0m
      [36m# /home/ec2-user/.rvm/gems/ruby-2.6.3/gems/capybara-3.35.3/lib/capybara/rack_test/driver.rb:46:in `visit'[0m
      [36m# /home/ec2-user/.rvm/gems/ruby-2.6.3/gems/capybara-3.35.3/lib/capybara/session.rb:278:in `visit'[0m
      [36m# /home/ec2-user/.rvm/gems/ruby-2.6.3/gems/capybara-3.35.3/lib/capybara/dsl.rb:58:in `block (2 levels) in <module:DSL>'[0m
      [36m# ./spec/system/02_after_login_spec.rb:43:in `block (3 levels) in <main>'[0m

  33) [STEP2] ãƒ¦ãƒ¼ã‚¶ãƒ­ã‚°ã‚¤ãƒ³å¾Œã®ãƒ†ã‚¹ãƒˆ æŠ•ç¨¿ä¸€è¦§ç”»é¢ã®ãƒ†ã‚¹ãƒˆ æŠ•ç¨¿æˆåŠŸã®ãƒ†ã‚¹ãƒˆ è‡ªåˆ†ã®æ–°ã—ã„æŠ•ç¨¿ãŒæ­£ã—ãä¿å­˜ã•ã‚Œã‚‹
      [31mFailure/Error: @user = User.find(params[:id])[0m
      [31m[0m
      [31mActiveRecord::RecordNotFound:[0m
      [31m  Couldn't find User without an ID[0m
      [36m# ./app/controllers/books_controller.rb:25:in `index'[0m
      [36m# /home/ec2-user/.rvm/gems/ruby-2.6.3/gems/warden-1.2.9/lib/warden/manager.rb:36:in `block in call'[0m
      [36m# /home/ec2-user/.rvm/gems/ruby-2.6.3/gems/warden-1.2.9/lib/warden/manager.rb:34:in `catch'[0m
      [36m# /home/ec2-user/.rvm/gems/ruby-2.6.3/gems/warden-1.2.9/lib/warden/manager.rb:34:in `call'[0m
      [36m# /home/ec2-user/.rvm/gems/ruby-2.6.3/gems/rack-2.2.3/lib/rack/tempfile_reaper.rb:15:in `call'[0m
      [36m# /home/ec2-user/.rvm/gems/ruby-2.6.3/gems/rack-2.2.3/lib/rack/etag.rb:27:in `call'[0m
      [36m# /home/ec2-user/.rvm/gems/ruby-2.6.3/gems/rack-2.2.3/lib/rack/conditional_get.rb:27:in `call'[0m
      [36m# /home/ec2-user/.rvm/gems/ruby-2.6.3/gems/rack-2.2.3/lib/rack/head.rb:12:in `call'[0m
      [36m# /home/ec2-user/.rvm/gems/ruby-2.6.3/gems/rack-2.2.3/lib/rack/session/abstract/id.rb:266:in `context'[0m
      [36m# /home/ec2-user/.rvm/gems/ruby-2.6.3/gems/rack-2.2.3/lib/rack/session/abstract/id.rb:260:in `call'[0m
      [36m# /home/ec2-user/.rvm/gems/ruby-2.6.3/gems/railties-5.2.4.4/lib/rails/rack/logger.rb:38:in `call_app'[0m
      [36m# /home/ec2-user/.rvm/gems/ruby-2.6.3/gems/railties-5.2.4.4/lib/rails/rack/logger.rb:26:in `block in call'[0m
      [36m# /home/ec2-user/.rvm/gems/ruby-2.6.3/gems/railties-5.2.4.4/lib/rails/rack/logger.rb:26:in `call'[0m
      [36m# /home/ec2-user/.rvm/gems/ruby-2.6.3/gems/rack-2.2.3/lib/rack/method_override.rb:24:in `call'[0m
      [36m# /home/ec2-user/.rvm/gems/ruby-2.6.3/gems/rack-2.2.3/lib/rack/runtime.rb:22:in `call'[0m
      [36m# /home/ec2-user/.rvm/gems/ruby-2.6.3/gems/rack-2.2.3/lib/rack/sendfile.rb:110:in `call'[0m
      [36m# /home/ec2-user/.rvm/gems/ruby-2.6.3/gems/railties-5.2.4.4/lib/rails/engine.rb:524:in `call'[0m
      [36m# /home/ec2-user/.rvm/gems/ruby-2.6.3/gems/rack-2.2.3/lib/rack/urlmap.rb:74:in `block in call'[0m
      [36m# /home/ec2-user/.rvm/gems/ruby-2.6.3/gems/rack-2.2.3/lib/rack/urlmap.rb:58:in `each'[0m
      [36m# /home/ec2-user/.rvm/gems/ruby-2.6.3/gems/rack-2.2.3/lib/rack/urlmap.rb:58:in `call'[0m
      [36m# /home/ec2-user/.rvm/gems/ruby-2.6.3/gems/rack-2.2.3/lib/rack/builder.rb:244:in `call'[0m
      [36m# /home/ec2-user/.rvm/gems/ruby-2.6.3/gems/rack-test-1.1.0/lib/rack/mock_session.rb:29:in `request'[0m
      [36m# /home/ec2-user/.rvm/gems/ruby-2.6.3/gems/rack-test-1.1.0/lib/rack/test.rb:266:in `process_request'[0m
      [36m# /home/ec2-user/.rvm/gems/ruby-2.6.3/gems/rack-test-1.1.0/lib/rack/test.rb:129:in `custom_request'[0m
      [36m# /home/ec2-user/.rvm/gems/ruby-2.6.3/gems/rack-test-1.1.0/lib/rack/test.rb:58:in `get'[0m
      [36m# /home/ec2-user/.rvm/gems/ruby-2.6.3/gems/capybara-3.35.3/lib/capybara/rack_test/browser.rb:72:in `process'[0m
      [36m# /home/ec2-user/.rvm/gems/ruby-2.6.3/gems/capybara-3.35.3/lib/capybara/rack_test/browser.rb:47:in `process_and_follow_redirects'[0m
      [36m# /home/ec2-user/.rvm/gems/ruby-2.6.3/gems/capybara-3.35.3/lib/capybara/rack_test/browser.rb:24:in `visit'[0m
      [36m# /home/ec2-user/.rvm/gems/ruby-2.6.3/gems/capybara-3.35.3/lib/capybara/rack_test/driver.rb:46:in `visit'[0m
      [36m# /home/ec2-user/.rvm/gems/ruby-2.6.3/gems/capybara-3.35.3/lib/capybara/session.rb:278:in `visit'[0m
      [36m# /home/ec2-user/.rvm/gems/ruby-2.6.3/gems/capybara-3.35.3/lib/capybara/dsl.rb:58:in `block (2 levels) in <module:DSL>'[0m
      [36m# ./spec/system/02_after_login_spec.rb:43:in `block (3 levels) in <main>'[0m

  34) [STEP2] ãƒ¦ãƒ¼ã‚¶ãƒ­ã‚°ã‚¤ãƒ³å¾Œã®ãƒ†ã‚¹ãƒˆ æŠ•ç¨¿ä¸€è¦§ç”»é¢ã®ãƒ†ã‚¹ãƒˆ æŠ•ç¨¿æˆåŠŸã®ãƒ†ã‚¹ãƒˆ ãƒªãƒ€ã‚¤ãƒ¬ã‚¯ãƒˆå…ˆãŒã€ä¿å­˜ã§ããŸæŠ•ç¨¿ã®è©³ç´°ç”»é¢ã«ãªã£ã¦ã„ã‚‹
      [31mFailure/Error: @user = User.find(params[:id])[0m
      [31m[0m
      [31mActiveRecord::RecordNotFound:[0m
      [31m  Couldn't find User without an ID[0m
      [36m# ./app/controllers/books_controller.rb:25:in `index'[0m
      [36m# /home/ec2-user/.rvm/gems/ruby-2.6.3/gems/warden-1.2.9/lib/warden/manager.rb:36:in `block in call'[0m
      [36m# /home/ec2-user/.rvm/gems/ruby-2.6.3/gems/warden-1.2.9/lib/warden/manager.rb:34:in `catch'[0m
      [36m# /home/ec2-user/.rvm/gems/ruby-2.6.3/gems/warden-1.2.9/lib/warden/manager.rb:34:in `call'[0m
      [36m# /home/ec2-user/.rvm/gems/ruby-2.6.3/gems/rack-2.2.3/lib/rack/tempfile_reaper.rb:15:in `call'[0m
      [36m# /home/ec2-user/.rvm/gems/ruby-2.6.3/gems/rack-2.2.3/lib/rack/etag.rb:27:in `call'[0m
      [36m# /home/ec2-user/.rvm/gems/ruby-2.6.3/gems/rack-2.2.3/lib/rack/conditional_get.rb:27:in `call'[0m
      [36m# /home/ec2-user/.rvm/gems/ruby-2.6.3/gems/rack-2.2.3/lib/rack/head.rb:12:in `call'[0m
      [36m# /home/ec2-user/.rvm/gems/ruby-2.6.3/gems/rack-2.2.3/lib/rack/session/abstract/id.rb:266:in `context'[0m
      [36m# /home/ec2-user/.rvm/gems/ruby-2.6.3/gems/rack-2.2.3/lib/rack/session/abstract/id.rb:260:in `call'[0m
      [36m# /home/ec2-user/.rvm/gems/ruby-2.6.3/gems/railties-5.2.4.4/lib/rails/rack/logger.rb:38:in `call_app'[0m
      [36m# /home/ec2-user/.rvm/gems/ruby-2.6.3/gems/railties-5.2.4.4/lib/rails/rack/logger.rb:26:in `block in call'[0m
      [36m# /home/ec2-user/.rvm/gems/ruby-2.6.3/gems/railties-5.2.4.4/lib/rails/rack/logger.rb:26:in `call'[0m
      [36m# /home/ec2-user/.rvm/gems/ruby-2.6.3/gems/rack-2.2.3/lib/rack/method_override.rb:24:in `call'[0m
      [36m# /home/ec2-user/.rvm/gems/ruby-2.6.3/gems/rack-2.2.3/lib/rack/runtime.rb:22:in `call'[0m
      [36m# /home/ec2-user/.rvm/gems/ruby-2.6.3/gems/rack-2.2.3/lib/rack/sendfile.rb:110:in `call'[0m
      [36m# /home/ec2-user/.rvm/gems/ruby-2.6.3/gems/railties-5.2.4.4/lib/rails/engine.rb:524:in `call'[0m
      [36m# /home/ec2-user/.rvm/gems/ruby-2.6.3/gems/rack-2.2.3/lib/rack/urlmap.rb:74:in `block in call'[0m
      [36m# /home/ec2-user/.rvm/gems/ruby-2.6.3/gems/rack-2.2.3/lib/rack/urlmap.rb:58:in `each'[0m
      [36m# /home/ec2-user/.rvm/gems/ruby-2.6.3/gems/rack-2.2.3/lib/rack/urlmap.rb:58:in `call'[0m
      [36m# /home/ec2-user/.rvm/gems/ruby-2.6.3/gems/rack-2.2.3/lib/rack/builder.rb:244:in `call'[0m
      [36m# /home/ec2-user/.rvm/gems/ruby-2.6.3/gems/rack-test-1.1.0/lib/rack/mock_session.rb:29:in `request'[0m
      [36m# /home/ec2-user/.rvm/gems/ruby-2.6.3/gems/rack-test-1.1.0/lib/rack/test.rb:266:in `process_request'[0m
      [36m# /home/ec2-user/.rvm/gems/ruby-2.6.3/gems/rack-test-1.1.0/lib/rack/test.rb:129:in `custom_request'[0m
      [36m# /home/ec2-user/.rvm/gems/ruby-2.6.3/gems/rack-test-1.1.0/lib/rack/test.rb:58:in `get'[0m
      [36m# /home/ec2-user/.rvm/gems/ruby-2.6.3/gems/capybara-3.35.3/lib/capybara/rack_test/browser.rb:72:in `process'[0m
      [36m# /home/ec2-user/.rvm/gems/ruby-2.6.3/gems/capybara-3.35.3/lib/capybara/rack_test/browser.rb:47:in `process_and_follow_redirects'[0m
      [36m# /home/ec2-user/.rvm/gems/ruby-2.6.3/gems/capybara-3.35.3/lib/capybara/rack_test/browser.rb:24:in `visit'[0m
      [36m# /home/ec2-user/.rvm/gems/ruby-2.6.3/gems/capybara-3.35.3/lib/capybara/rack_test/driver.rb:46:in `visit'[0m
      [36m# /home/ec2-user/.rvm/gems/ruby-2.6.3/gems/capybara-3.35.3/lib/capybara/session.rb:278:in `visit'[0m
      [36m# /home/ec2-user/.rvm/gems/ruby-2.6.3/gems/capybara-3.35.3/lib/capybara/dsl.rb:58:in `block (2 levels) in <module:DSL>'[0m
      [36m# ./spec/system/02_after_login_spec.rb:43:in `block (3 levels) in <main>'[0m

  35) [STEP2] ãƒ¦ãƒ¼ã‚¶ãƒ­ã‚°ã‚¤ãƒ³å¾Œã®ãƒ†ã‚¹ãƒˆ è‡ªåˆ†ã®æŠ•ç¨¿è©³ç´°ç”»é¢ã®ãƒ†ã‚¹ãƒˆ è¡¨ç¤ºå†…å®¹ã®ç¢ºèª ã€ŒBook detailã€ã¨è¡¨ç¤ºã•ã‚Œã‚‹
      [31mFailure/Error: expect(page).to have_content 'Book detail'[0m
      [31m  expected to find text "Book detail" in "Home Users Books logout cjigg20ntb 0h5t5 wleu74jo78ygneb7j9n7 Edit Destroy"[0m
      [36m# ./spec/system/02_after_login_spec.rb:118:in `block (4 levels) in <main>'[0m

  36) [STEP2] ãƒ¦ãƒ¼ã‚¶ãƒ­ã‚°ã‚¤ãƒ³å¾Œã®ãƒ†ã‚¹ãƒˆ è‡ªåˆ†ã®æŠ•ç¨¿è©³ç´°ç”»é¢ã®ãƒ†ã‚¹ãƒˆ ã‚µã‚¤ãƒ‰ãƒãƒ¼ã®ç¢ºèª è‡ªåˆ†ã®åå‰ã¨ç´¹ä»‹æ–‡ãŒè¡¨ç¤ºã•ã‚Œã‚‹
      [31mFailure/Error: expect(page).to have_content user.introduction[0m
      [31m  expected to find text "24vbpekzweh84nygtv7w" in "Home Users Books logout s4dhc0u31r ll176 f6n613ndyl06gfma6zsb Edit Destroy"[0m
      [36m# ./spec/system/02_after_login_spec.rb:140:in `block (4 levels) in <main>'[0m

  37) [STEP2] ãƒ¦ãƒ¼ã‚¶ãƒ­ã‚°ã‚¤ãƒ³å¾Œã®ãƒ†ã‚¹ãƒˆ è‡ªåˆ†ã®æŠ•ç¨¿è©³ç´°ç”»é¢ã®ãƒ†ã‚¹ãƒˆ ã‚µã‚¤ãƒ‰ãƒãƒ¼ã®ç¢ºèª è‡ªåˆ†ã®ãƒ¦ãƒ¼ã‚¶ç·¨é›†ç”»é¢ã¸ã®ãƒªãƒ³ã‚¯ãŒå­˜åœ¨ã™ã‚‹
      [31mFailure/Error: expect(page).to have_link '', href: edit_user_path(user)[0m
      [31m  expected to find link "" with href "/users/2/edit" but there were no matches[0m
      [36m# ./spec/system/02_after_login_spec.rb:143:in `block (4 levels) in <main>'[0m

  38) [STEP2] ãƒ¦ãƒ¼ã‚¶ãƒ­ã‚°ã‚¤ãƒ³å¾Œã®ãƒ†ã‚¹ãƒˆ è‡ªåˆ†ã®æŠ•ç¨¿è©³ç´°ç”»é¢ã®ãƒ†ã‚¹ãƒˆ ã‚µã‚¤ãƒ‰ãƒãƒ¼ã®ç¢ºèª ã€ŒNew bookã€ã¨è¡¨ç¤ºã•ã‚Œã‚‹
      [31mFailure/Error: expect(page).to have_content 'New book'[0m
      [31m  expected to find text "New book" in "Home Users Books logout 4f3dly0ued farzf zwpq3pdndu9c3zp9kmob Edit Destroy"[0m
      [36m# ./spec/system/02_after_login_spec.rb:146:in `block (4 levels) in <main>'[0m

  39) [STEP2] ãƒ¦ãƒ¼ã‚¶ãƒ­ã‚°ã‚¤ãƒ³å¾Œã®ãƒ†ã‚¹ãƒˆ è‡ªåˆ†ã®æŠ•ç¨¿è©³ç´°ç”»é¢ã®ãƒ†ã‚¹ãƒˆ ã‚µã‚¤ãƒ‰ãƒãƒ¼ã®ç¢ºèª titleãƒ•ã‚©ãƒ¼ãƒ ãŒè¡¨ç¤ºã•ã‚Œã‚‹
      [31mFailure/Error: expect(page).to have_field 'book[title]'[0m
      [31m  expected to find field "book[title]" that is not disabled but there were no matches[0m
      [36m# ./spec/system/02_after_login_spec.rb:149:in `block (4 levels) in <main>'[0m

  40) [STEP2] ãƒ¦ãƒ¼ã‚¶ãƒ­ã‚°ã‚¤ãƒ³å¾Œã®ãƒ†ã‚¹ãƒˆ è‡ªåˆ†ã®æŠ•ç¨¿è©³ç´°ç”»é¢ã®ãƒ†ã‚¹ãƒˆ ã‚µã‚¤ãƒ‰ãƒãƒ¼ã®ç¢ºèª titleãƒ•ã‚©ãƒ¼ãƒ ã«å€¤ãŒå…¥ã£ã¦ã„ãªã„
      [31mFailure/Error: expect(find_field('book[title]').text).to be_blank[0m
      [31m[0m
      [31mCapybara::ElementNotFound:[0m
      [31m  Unable to find field "book[title]" that is not disabled[0m
      [36m# /home/ec2-user/.rvm/gems/ruby-2.6.3/gems/capybara-3.35.3/lib/capybara/node/finders.rb:303:in `block in synced_resolve'[0m
      [36m# /home/ec2-user/.rvm/gems/ruby-2.6.3/gems/capybara-3.35.3/lib/capybara/node/base.rb:83:in `synchronize'[0m
      [36m# /home/ec2-user/.rvm/gems/ruby-2.6.3/gems/capybara-3.35.3/lib/capybara/node/finders.rb:292:in `synced_resolve'[0m
      [36m# /home/ec2-user/.rvm/gems/ruby-2.6.3/gems/capybara-3.35.3/lib/capybara/node/finders.rb:53:in `find'[0m
      [36m# /home/ec2-user/.rvm/gems/ruby-2.6.3/gems/capybara-3.35.3/lib/capybara/node/finders.rb:129:in `find_field'[0m
      [36m# /home/ec2-user/.rvm/gems/ruby-2.6.3/gems/capybara-3.35.3/lib/capybara/session.rb:768:in `block (2 levels) in <class:Session>'[0m
      [36m# /home/ec2-user/.rvm/gems/ruby-2.6.3/gems/capybara-3.35.3/lib/capybara/dsl.rb:58:in `block (2 levels) in <module:DSL>'[0m
      [36m# ./spec/system/02_after_login_spec.rb:152:in `block (4 levels) in <main>'[0m

  41) [STEP2] ãƒ¦ãƒ¼ã‚¶ãƒ­ã‚°ã‚¤ãƒ³å¾Œã®ãƒ†ã‚¹ãƒˆ è‡ªåˆ†ã®æŠ•ç¨¿è©³ç´°ç”»é¢ã®ãƒ†ã‚¹ãƒˆ ã‚µã‚¤ãƒ‰ãƒãƒ¼ã®ç¢ºèª opinionãƒ•ã‚©ãƒ¼ãƒ ãŒè¡¨ç¤ºã•ã‚Œã‚‹
      [31mFailure/Error: expect(page).to have_field 'book[body]'[0m
      [31m  expected to find field "book[body]" that is not disabled but there were no matches[0m
      [36m# ./spec/system/02_after_login_spec.rb:155:in `block (4 levels) in <main>'[0m

  42) [STEP2] ãƒ¦ãƒ¼ã‚¶ãƒ­ã‚°ã‚¤ãƒ³å¾Œã®ãƒ†ã‚¹ãƒˆ è‡ªåˆ†ã®æŠ•ç¨¿è©³ç´°ç”»é¢ã®ãƒ†ã‚¹ãƒˆ ã‚µã‚¤ãƒ‰ãƒãƒ¼ã®ç¢ºèª opinionãƒ•ã‚©ãƒ¼ãƒ ã«å€¤ãŒå…¥ã£ã¦ã„ãªã„
      [31mFailure/Error: expect(find_field('book[body]').text).to be_blank[0m
      [31m[0m
      [31mCapybara::ElementNotFound:[0m
      [31m  Unable to find field "book[body]" that is not disabled[0m
      [36m# /home/ec2-user/.rvm/gems/ruby-2.6.3/gems/capybara-3.35.3/lib/capybara/node/finders.rb:303:in `block in synced_resolve'[0m
      [36m# /home/ec2-user/.rvm/gems/ruby-2.6.3/gems/capybara-3.35.3/lib/capybara/node/base.rb:83:in `synchronize'[0m
      [36m# /home/ec2-user/.rvm/gems/ruby-2.6.3/gems/capybara-3.35.3/lib/capybara/node/finders.rb:292:in `synced_resolve'[0m
      [36m# /home/ec2-user/.rvm/gems/ruby-2.6.3/gems/capybara-3.35.3/lib/capybara/node/finders.rb:53:in `find'[0m
      [36m# /home/ec2-user/.rvm/gems/ruby-2.6.3/gems/capybara-3.35.3/lib/capybara/node/finders.rb:129:in `find_field'[0m
      [36m# /home/ec2-user/.rvm/gems/ruby-2.6.3/gems/capybara-3.35.3/lib/capybara/session.rb:768:in `block (2 levels) in <class:Session>'[0m
      [36m# /home/ec2-user/.rvm/gems/ruby-2.6.3/gems/capybara-3.35.3/lib/capybara/dsl.rb:58:in `block (2 levels) in <module:DSL>'[0m
      [36m# ./spec/system/02_after_login_spec.rb:158:in `block (4 levels) in <main>'[0m

  43) [STEP2] ãƒ¦ãƒ¼ã‚¶ãƒ­ã‚°ã‚¤ãƒ³å¾Œã®ãƒ†ã‚¹ãƒˆ è‡ªåˆ†ã®æŠ•ç¨¿è©³ç´°ç”»é¢ã®ãƒ†ã‚¹ãƒˆ ã‚µã‚¤ãƒ‰ãƒãƒ¼ã®ç¢ºèª Create Bookãƒœã‚¿ãƒ³ãŒè¡¨ç¤ºã•ã‚Œã‚‹
      [31mFailure/Error: expect(page).to have_button 'Create Book'[0m
      [31m  expected to find button "Create Book" that is not disabled but there were no matches[0m
      [36m# ./spec/system/02_after_login_spec.rb:161:in `block (4 levels) in <main>'[0m

  44) [STEP2] ãƒ¦ãƒ¼ã‚¶ãƒ­ã‚°ã‚¤ãƒ³å¾Œã®ãƒ†ã‚¹ãƒˆ è‡ªåˆ†ã®æŠ•ç¨¿è©³ç´°ç”»é¢ã®ãƒ†ã‚¹ãƒˆ æŠ•ç¨¿æˆåŠŸã®ãƒ†ã‚¹ãƒˆ è‡ªåˆ†ã®æ–°ã—ã„æŠ•ç¨¿ãŒæ­£ã—ãä¿å­˜ã•ã‚Œã‚‹
      [31mFailure/Error: fill_in 'book[title]', with: Faker::Lorem.characters(number: 5)[0m
      [31m[0m
      [31mCapybara::ElementNotFound:[0m
      [31m  Unable to find field "book[title]" that is not disabled[0m
      [36m# /home/ec2-user/.rvm/gems/ruby-2.6.3/gems/capybara-3.35.3/lib/capybara/node/finders.rb:303:in `block in synced_resolve'[0m
      [36m# /home/ec2-user/.rvm/gems/ruby-2.6.3/gems/capybara-3.35.3/lib/capybara/node/base.rb:83:in `synchronize'[0m
      [36m# /home/ec2-user/.rvm/gems/ruby-2.6.3/gems/capybara-3.35.3/lib/capybara/node/finders.rb:292:in `synced_resolve'[0m
      [36m# /home/ec2-user/.rvm/gems/ruby-2.6.3/gems/capybara-3.35.3/lib/capybara/node/finders.rb:53:in `find'[0m
      [36m# /home/ec2-user/.rvm/gems/ruby-2.6.3/gems/capybara-3.35.3/lib/capybara/node/actions.rb:91:in `fill_in'[0m
      [36m# /home/ec2-user/.rvm/gems/ruby-2.6.3/gems/capybara-3.35.3/lib/capybara/session.rb:768:in `block (2 levels) in <class:Session>'[0m
      [36m# /home/ec2-user/.rvm/gems/ruby-2.6.3/gems/capybara-3.35.3/lib/capybara/dsl.rb:58:in `block (2 levels) in <module:DSL>'[0m
      [36m# ./spec/system/02_after_login_spec.rb:167:in `block (4 levels) in <main>'[0m

  45) [STEP2] ãƒ¦ãƒ¼ã‚¶ãƒ­ã‚°ã‚¤ãƒ³å¾Œã®ãƒ†ã‚¹ãƒˆ è‡ªåˆ†ã®æŠ•ç¨¿è©³ç´°ç”»é¢ã®ãƒ†ã‚¹ãƒˆ å‰Šé™¤ãƒªãƒ³ã‚¯ã®ãƒ†ã‚¹ãƒˆ æ­£ã—ãå‰Šé™¤ã•ã‚Œã‚‹
      [31mFailure/Error: @user = User.find(params[:id])[0m
      [31m[0m
      [31mActiveRecord::RecordNotFound:[0m
      [31m  Couldn't find User without an ID[0m
      [36m# ./app/controllers/users_controller.rb:6:in `show'[0m
      [36m# /home/ec2-user/.rvm/gems/ruby-2.6.3/gems/warden-1.2.9/lib/warden/manager.rb:36:in `block in call'[0m
      [36m# /home/ec2-user/.rvm/gems/ruby-2.6.3/gems/warden-1.2.9/lib/warden/manager.rb:34:in `catch'[0m
      [36m# /home/ec2-user/.rvm/gems/ruby-2.6.3/gems/warden-1.2.9/lib/warden/manager.rb:34:in `call'[0m
      [36m# /home/ec2-user/.rvm/gems/ruby-2.6.3/gems/rack-2.2.3/lib/rack/tempfile_reaper.rb:15:in `call'[0m
      [36m# /home/ec2-user/.rvm/gems/ruby-2.6.3/gems/rack-2.2.3/lib/rack/etag.rb:27:in `call'[0m
      [36m# /home/ec2-user/.rvm/gems/ruby-2.6.3/gems/rack-2.2.3/lib/rack/conditional_get.rb:27:in `call'[0m
      [36m# /home/ec2-user/.rvm/gems/ruby-2.6.3/gems/rack-2.2.3/lib/rack/head.rb:12:in `call'[0m
      [36m# /home/ec2-user/.rvm/gems/ruby-2.6.3/gems/rack-2.2.3/lib/rack/session/abstract/id.rb:266:in `context'[0m
      [36m# /home/ec2-user/.rvm/gems/ruby-2.6.3/gems/rack-2.2.3/lib/rack/session/abstract/id.rb:260:in `call'[0m
      [36m# /home/ec2-user/.rvm/gems/ruby-2.6.3/gems/railties-5.2.4.4/lib/rails/rack/logger.rb:38:in `call_app'[0m
      [36m# /home/ec2-user/.rvm/gems/ruby-2.6.3/gems/railties-5.2.4.4/lib/rails/rack/logger.rb:26:in `block in call'[0m
      [36m# /home/ec2-user/.rvm/gems/ruby-2.6.3/gems/railties-5.2.4.4/lib/rails/rack/logger.rb:26:in `call'[0m
      [36m# /home/ec2-user/.rvm/gems/ruby-2.6.3/gems/rack-2.2.3/lib/rack/method_override.rb:24:in `call'[0m
      [36m# /home/ec2-user/.rvm/gems/ruby-2.6.3/gems/rack-2.2.3/lib/rack/runtime.rb:22:in `call'[0m
      [36m# /home/ec2-user/.rvm/gems/ruby-2.6.3/gems/rack-2.2.3/lib/rack/sendfile.rb:110:in `call'[0m
      [36m# /home/ec2-user/.rvm/gems/ruby-2.6.3/gems/railties-5.2.4.4/lib/rails/engine.rb:524:in `call'[0m
      [36m# /home/ec2-user/.rvm/gems/ruby-2.6.3/gems/rack-2.2.3/lib/rack/urlmap.rb:74:in `block in call'[0m
      [36m# /home/ec2-user/.rvm/gems/ruby-2.6.3/gems/rack-2.2.3/lib/rack/urlmap.rb:58:in `each'[0m
      [36m# /home/ec2-user/.rvm/gems/ruby-2.6.3/gems/rack-2.2.3/lib/rack/urlmap.rb:58:in `call'[0m
      [36m# /home/ec2-user/.rvm/gems/ruby-2.6.3/gems/rack-2.2.3/lib/rack/builder.rb:244:in `call'[0m
      [36m# /home/ec2-user/.rvm/gems/ruby-2.6.3/gems/rack-test-1.1.0/lib/rack/mock_session.rb:29:in `request'[0m
      [36m# /home/ec2-user/.rvm/gems/ruby-2.6.3/gems/rack-test-1.1.0/lib/rack/test.rb:266:in `process_request'[0m
      [36m# /home/ec2-user/.rvm/gems/ruby-2.6.3/gems/rack-test-1.1.0/lib/rack/test.rb:129:in `custom_request'[0m
      [36m# /home/ec2-user/.rvm/gems/ruby-2.6.3/gems/rack-test-1.1.0/lib/rack/test.rb:58:in `get'[0m
      [36m# /home/ec2-user/.rvm/gems/ruby-2.6.3/gems/capybara-3.35.3/lib/capybara/rack_test/browser.rb:72:in `process'[0m
      [36m# /home/ec2-user/.rvm/gems/ruby-2.6.3/gems/capybara-3.35.3/lib/capybara/rack_test/browser.rb:56:in `block in process_and_follow_redirects'[0m
      [36m# /home/ec2-user/.rvm/gems/ruby-2.6.3/gems/capybara-3.35.3/lib/capybara/rack_test/browser.rb:51:in `times'[0m
      [36m# /home/ec2-user/.rvm/gems/ruby-2.6.3/gems/capybara-3.35.3/lib/capybara/rack_test/browser.rb:51:in `process_and_follow_redirects'[0m
      [36m# /home/ec2-user/.rvm/gems/ruby-2.6.3/gems/capybara-3.35.3/lib/capybara/rack_test/browser.rb:42:in `follow'[0m
      [36m# /home/ec2-user/.rvm/gems/ruby-2.6.3/gems/capybara-3.35.3/lib/capybara/rack_test/node.rb:246:in `follow_link'[0m
      [36m# /home/ec2-user/.rvm/gems/ruby-2.6.3/gems/capybara-3.35.3/lib/capybara/rack_test/node.rb:72:in `click'[0m
      [36m# /home/ec2-user/.rvm/gems/ruby-2.6.3/gems/capybara-3.35.3/lib/capybara/rack_test/node.rb:137:in `block (2 levels) in <class:Node>'[0m
      [36m# /home/ec2-user/.rvm/gems/ruby-2.6.3/gems/capybara-3.35.3/lib/capybara/node/element.rb:172:in `block in click'[0m
      [36m# /home/ec2-user/.rvm/gems/ruby-2.6.3/gems/capybara-3.35.3/lib/capybara/node/element.rb:597:in `block in perform_click_action'[0m
      [36m# /home/ec2-user/.rvm/gems/ruby-2.6.3/gems/capybara-3.35.3/lib/capybara/node/base.rb:83:in `synchronize'[0m
      [36m# /home/ec2-user/.rvm/gems/ruby-2.6.3/gems/capybara-3.35.3/lib/capybara/node/element.rb:597:in `perform_click_action'[0m
      [36m# /home/ec2-user/.rvm/gems/ruby-2.6.3/gems/capybara-3.35.3/lib/capybara/node/element.rb:171:in `click'[0m
      [36m# /home/ec2-user/.rvm/gems/ruby-2.6.3/gems/capybara-3.35.3/lib/capybara/node/actions.rb:42:in `click_link'[0m
      [36m# /home/ec2-user/.rvm/gems/ruby-2.6.3/gems/capybara-3.35.3/lib/capybara/session.rb:768:in `block (2 levels) in <class:Session>'[0m
      [36m# /home/ec2-user/.rvm/gems/ruby-2.6.3/gems/capybara-3.35.3/lib/capybara/dsl.rb:58:in `block (2 levels) in <module:DSL>'[0m
      [36m# ./spec/system/02_after_login_spec.rb:185:in `block (4 levels) in <main>'[0m

  46) [STEP2] ãƒ¦ãƒ¼ã‚¶ãƒ­ã‚°ã‚¤ãƒ³å¾Œã®ãƒ†ã‚¹ãƒˆ è‡ªåˆ†ã®æŠ•ç¨¿è©³ç´°ç”»é¢ã®ãƒ†ã‚¹ãƒˆ å‰Šé™¤ãƒªãƒ³ã‚¯ã®ãƒ†ã‚¹ãƒˆ ãƒªãƒ€ã‚¤ãƒ¬ã‚¯ãƒˆå…ˆãŒã€æŠ•ç¨¿ä¸€è¦§ç”»é¢ã«ãªã£ã¦ã„ã‚‹
      [31mFailure/Error: @user = User.find(params[:id])[0m
      [31m[0m
      [31mActiveRecord::RecordNotFound:[0m
      [31m  Couldn't find User without an ID[0m
      [36m# ./app/controllers/users_controller.rb:6:in `show'[0m
      [36m# /home/ec2-user/.rvm/gems/ruby-2.6.3/gems/warden-1.2.9/lib/warden/manager.rb:36:in `block in call'[0m
      [36m# /home/ec2-user/.rvm/gems/ruby-2.6.3/gems/warden-1.2.9/lib/warden/manager.rb:34:in `catch'[0m
      [36m# /home/ec2-user/.rvm/gems/ruby-2.6.3/gems/warden-1.2.9/lib/warden/manager.rb:34:in `call'[0m
      [36m# /home/ec2-user/.rvm/gems/ruby-2.6.3/gems/rack-2.2.3/lib/rack/tempfile_reaper.rb:15:in `call'[0m
      [36m# /home/ec2-user/.rvm/gems/ruby-2.6.3/gems/rack-2.2.3/lib/rack/etag.rb:27:in `call'[0m
      [36m# /home/ec2-user/.rvm/gems/ruby-2.6.3/gems/rack-2.2.3/lib/rack/conditional_get.rb:27:in `call'[0m
      [36m# /home/ec2-user/.rvm/gems/ruby-2.6.3/gems/rack-2.2.3/lib/rack/head.rb:12:in `call'[0m
      [36m# /home/ec2-user/.rvm/gems/ruby-2.6.3/gems/rack-2.2.3/lib/rack/session/abstract/id.rb:266:in `context'[0m
      [36m# /home/ec2-user/.rvm/gems/ruby-2.6.3/gems/rack-2.2.3/lib/rack/session/abstract/id.rb:260:in `call'[0m
      [36m# /home/ec2-user/.rvm/gems/ruby-2.6.3/gems/railties-5.2.4.4/lib/rails/rack/logger.rb:38:in `call_app'[0m
      [36m# /home/ec2-user/.rvm/gems/ruby-2.6.3/gems/railties-5.2.4.4/lib/rails/rack/logger.rb:26:in `block in call'[0m
      [36m# /home/ec2-user/.rvm/gems/ruby-2.6.3/gems/railties-5.2.4.4/lib/rails/rack/logger.rb:26:in `call'[0m
      [36m# /home/ec2-user/.rvm/gems/ruby-2.6.3/gems/rack-2.2.3/lib/rack/method_override.rb:24:in `call'[0m
      [36m# /home/ec2-user/.rvm/gems/ruby-2.6.3/gems/rack-2.2.3/lib/rack/runtime.rb:22:in `call'[0m
      [36m# /home/ec2-user/.rvm/gems/ruby-2.6.3/gems/rack-2.2.3/lib/rack/sendfile.rb:110:in `call'[0m
      [36m# /home/ec2-user/.rvm/gems/ruby-2.6.3/gems/railties-5.2.4.4/lib/rails/engine.rb:524:in `call'[0m
      [36m# /home/ec2-user/.rvm/gems/ruby-2.6.3/gems/rack-2.2.3/lib/rack/urlmap.rb:74:in `block in call'[0m
      [36m# /home/ec2-user/.rvm/gems/ruby-2.6.3/gems/rack-2.2.3/lib/rack/urlmap.rb:58:in `each'[0m
      [36m# /home/ec2-user/.rvm/gems/ruby-2.6.3/gems/rack-2.2.3/lib/rack/urlmap.rb:58:in `call'[0m
      [36m# /home/ec2-user/.rvm/gems/ruby-2.6.3/gems/rack-2.2.3/lib/rack/builder.rb:244:in `call'[0m
      [36m# /home/ec2-user/.rvm/gems/ruby-2.6.3/gems/rack-test-1.1.0/lib/rack/mock_session.rb:29:in `request'[0m
      [36m# /home/ec2-user/.rvm/gems/ruby-2.6.3/gems/rack-test-1.1.0/lib/rack/test.rb:266:in `process_request'[0m
      [36m# /home/ec2-user/.rvm/gems/ruby-2.6.3/gems/rack-test-1.1.0/lib/rack/test.rb:129:in `custom_request'[0m
      [36m# /home/ec2-user/.rvm/gems/ruby-2.6.3/gems/rack-test-1.1.0/lib/rack/test.rb:58:in `get'[0m
      [36m# /home/ec2-user/.rvm/gems/ruby-2.6.3/gems/capybara-3.35.3/lib/capybara/rack_test/browser.rb:72:in `process'[0m
      [36m# /home/ec2-user/.rvm/gems/ruby-2.6.3/gems/capybara-3.35.3/lib/capybara/rack_test/browser.rb:56:in `block in process_and_follow_redirects'[0m
      [36m# /home/ec2-user/.rvm/gems/ruby-2.6.3/gems/capybara-3.35.3/lib/capybara/rack_test/browser.rb:51:in `times'[0m
      [36m# /home/ec2-user/.rvm/gems/ruby-2.6.3/gems/capybara-3.35.3/lib/capybara/rack_test/browser.rb:51:in `process_and_follow_redirects'[0m
      [36m# /home/ec2-user/.rvm/gems/ruby-2.6.3/gems/capybara-3.35.3/lib/capybara/rack_test/browser.rb:42:in `follow'[0m
      [36m# /home/ec2-user/.rvm/gems/ruby-2.6.3/gems/capybara-3.35.3/lib/capybara/rack_test/node.rb:246:in `follow_link'[0m
      [36m# /home/ec2-user/.rvm/gems/ruby-2.6.3/gems/capybara-3.35.3/lib/capybara/rack_test/node.rb:72:in `click'[0m
      [36m# /home/ec2-user/.rvm/gems/ruby-2.6.3/gems/capybara-3.35.3/lib/capybara/rack_test/node.rb:137:in `block (2 levels) in <class:Node>'[0m
      [36m# /home/ec2-user/.rvm/gems/ruby-2.6.3/gems/capybara-3.35.3/lib/capybara/node/element.rb:172:in `block in click'[0m
      [36m# /home/ec2-user/.rvm/gems/ruby-2.6.3/gems/capybara-3.35.3/lib/capybara/node/element.rb:597:in `block in perform_click_action'[0m
      [36m# /home/ec2-user/.rvm/gems/ruby-2.6.3/gems/capybara-3.35.3/lib/capybara/node/base.rb:83:in `synchronize'[0m
      [36m# /home/ec2-user/.rvm/gems/ruby-2.6.3/gems/capybara-3.35.3/lib/capybara/node/element.rb:597:in `perform_click_action'[0m
      [36m# /home/ec2-user/.rvm/gems/ruby-2.6.3/gems/capybara-3.35.3/lib/capybara/node/element.rb:171:in `click'[0m
      [36m# /home/ec2-user/.rvm/gems/ruby-2.6.3/gems/capybara-3.35.3/lib/capybara/node/actions.rb:42:in `click_link'[0m
      [36m# /home/ec2-user/.rvm/gems/ruby-2.6.3/gems/capybara-3.35.3/lib/capybara/session.rb:768:in `block (2 levels) in <class:Session>'[0m
      [36m# /home/ec2-user/.rvm/gems/ruby-2.6.3/gems/capybara-3.35.3/lib/capybara/dsl.rb:58:in `block (2 levels) in <module:DSL>'[0m
      [36m# ./spec/system/02_after_login_spec.rb:185:in `block (4 levels) in <main>'[0m

  47) [STEP2] ãƒ¦ãƒ¼ã‚¶ãƒ­ã‚°ã‚¤ãƒ³å¾Œã®ãƒ†ã‚¹ãƒˆ è‡ªåˆ†ã®æŠ•ç¨¿ç·¨é›†ç”»é¢ã®ãƒ†ã‚¹ãƒˆ è¡¨ç¤ºã®ç¢ºèª ã€ŒEditing Bookã€ã¨è¡¨ç¤ºã•ã‚Œã‚‹
      [31mFailure/Error: expect(page).to have_content 'Editing Book'[0m
      [31m  expected to find text "Editing Book" in "Home Users Books logout\nEdit Book\ntitle opinion bwe0mdc434rykkidzwla"[0m
      [36m# ./spec/system/02_after_login_spec.rb:207:in `block (4 levels) in <main>'[0m

  48) [STEP2] ãƒ¦ãƒ¼ã‚¶ãƒ­ã‚°ã‚¤ãƒ³å¾Œã®ãƒ†ã‚¹ãƒˆ è‡ªåˆ†ã®æŠ•ç¨¿ç·¨é›†ç”»é¢ã®ãƒ†ã‚¹ãƒˆ è¡¨ç¤ºã®ç¢ºèª Update Bookãƒœã‚¿ãƒ³ãŒè¡¨ç¤ºã•ã‚Œã‚‹
      [31mFailure/Error: expect(page).to have_button 'Update Book'[0m
      [31m  expected to find button "Update Book" that is not disabled but there were no matches[0m
      [36m# ./spec/system/02_after_login_spec.rb:216:in `block (4 levels) in <main>'[0m

  49) [STEP2] ãƒ¦ãƒ¼ã‚¶ãƒ­ã‚°ã‚¤ãƒ³å¾Œã®ãƒ†ã‚¹ãƒˆ è‡ªåˆ†ã®æŠ•ç¨¿ç·¨é›†ç”»é¢ã®ãƒ†ã‚¹ãƒˆ è¡¨ç¤ºã®ç¢ºèª Showãƒªãƒ³ã‚¯ãŒè¡¨ç¤ºã•ã‚Œã‚‹
      [31mFailure/Error: expect(page).to have_link 'Show', href: book_path(book)[0m
      [31m  expected to find link "Show" with href "/books/1" but there were no matches[0m
      [36m# ./spec/system/02_after_login_spec.rb:219:in `block (4 levels) in <main>'[0m

  50) [STEP2] ãƒ¦ãƒ¼ã‚¶ãƒ­ã‚°ã‚¤ãƒ³å¾Œã®ãƒ†ã‚¹ãƒˆ è‡ªåˆ†ã®æŠ•ç¨¿ç·¨é›†ç”»é¢ã®ãƒ†ã‚¹ãƒˆ è¡¨ç¤ºã®ç¢ºèª Backãƒªãƒ³ã‚¯ãŒè¡¨ç¤ºã•ã‚Œã‚‹
      [31mFailure/Error: expect(page).to have_link 'Back', href: books_path[0m
      [31m  expected to find link "Back" with href "/books" but there were no matches[0m
      [36m# ./spec/system/02_after_login_spec.rb:222:in `block (4 levels) in <main>'[0m

  51) [STEP2] ãƒ¦ãƒ¼ã‚¶ãƒ­ã‚°ã‚¤ãƒ³å¾Œã®ãƒ†ã‚¹ãƒˆ è‡ªåˆ†ã®æŠ•ç¨¿ç·¨é›†ç”»é¢ã®ãƒ†ã‚¹ãƒˆ ç·¨é›†æˆåŠŸã®ãƒ†ã‚¹ãƒˆ titleãŒæ­£ã—ãæ›´æ–°ã•ã‚Œã‚‹
      [31mFailure/Error: click_button 'Update Book'[0m
      [31m[0m
      [31mCapybara::ElementNotFound:[0m
      [31m  Unable to find button "Update Book" that is not disabled[0m
      [36m# /home/ec2-user/.rvm/gems/ruby-2.6.3/gems/capybara-3.35.3/lib/capybara/node/finders.rb:303:in `block in synced_resolve'[0m
      [36m# /home/ec2-user/.rvm/gems/ruby-2.6.3/gems/capybara-3.35.3/lib/capybara/node/base.rb:83:in `synchronize'[0m
      [36m# /home/ec2-user/.rvm/gems/ruby-2.6.3/gems/capybara-3.35.3/lib/capybara/node/finders.rb:292:in `synced_resolve'[0m
      [36m# /home/ec2-user/.rvm/gems/ruby-2.6.3/gems/capybara-3.35.3/lib/capybara/node/finders.rb:53:in `find'[0m
      [36m# /home/ec2-user/.rvm/gems/ruby-2.6.3/gems/capybara-3.35.3/lib/capybara/node/actions.rb:58:in `click_button'[0m
      [36m# /home/ec2-user/.rvm/gems/ruby-2.6.3/gems/capybara-3.35.3/lib/capybara/session.rb:768:in `block (2 levels) in <class:Session>'[0m
      [36m# /home/ec2-user/.rvm/gems/ruby-2.6.3/gems/capybara-3.35.3/lib/capybara/dsl.rb:58:in `block (2 levels) in <module:DSL>'[0m
      [36m# ./spec/system/02_after_login_spec.rb:232:in `block (4 levels) in <main>'[0m

  52) [STEP2] ãƒ¦ãƒ¼ã‚¶ãƒ­ã‚°ã‚¤ãƒ³å¾Œã®ãƒ†ã‚¹ãƒˆ è‡ªåˆ†ã®æŠ•ç¨¿ç·¨é›†ç”»é¢ã®ãƒ†ã‚¹ãƒˆ ç·¨é›†æˆåŠŸã®ãƒ†ã‚¹ãƒˆ bodyãŒæ­£ã—ãæ›´æ–°ã•ã‚Œã‚‹
      [31mFailure/Error: click_button 'Update Book'[0m
      [31m[0m
      [31mCapybara::ElementNotFound:[0m
      [31m  Unable to find button "Update Book" that is not disabled[0m
      [36m# /home/ec2-user/.rvm/gems/ruby-2.6.3/gems/capybara-3.35.3/lib/capybara/node/finders.rb:303:in `block in synced_resolve'[0m
      [36m# /home/ec2-user/.rvm/gems/ruby-2.6.3/gems/capybara-3.35.3/lib/capybara/node/base.rb:83:in `synchronize'[0m
      [36m# /home/ec2-user/.rvm/gems/ruby-2.6.3/gems/capybara-3.35.3/lib/capybara/node/finders.rb:292:in `synced_resolve'[0m
      [36m# /home/ec2-user/.rvm/gems/ruby-2.6.3/gems/capybara-3.35.3/lib/capybara/node/finders.rb:53:in `find'[0m
      [36m# /home/ec2-user/.rvm/gems/ruby-2.6.3/gems/capybara-3.35.3/lib/capybara/node/actions.rb:58:in `click_button'[0m
      [36m# /home/ec2-user/.rvm/gems/ruby-2.6.3/gems/capybara-3.35.3/lib/capybara/session.rb:768:in `block (2 levels) in <class:Session>'[0m
      [36m# /home/ec2-user/.rvm/gems/ruby-2.6.3/gems/capybara-3.35.3/lib/capybara/dsl.rb:58:in `block (2 levels) in <module:DSL>'[0m
      [36m# ./spec/system/02_after_login_spec.rb:232:in `block (4 levels) in <main>'[0m

  53) [STEP2] ãƒ¦ãƒ¼ã‚¶ãƒ­ã‚°ã‚¤ãƒ³å¾Œã®ãƒ†ã‚¹ãƒˆ è‡ªåˆ†ã®æŠ•ç¨¿ç·¨é›†ç”»é¢ã®ãƒ†ã‚¹ãƒˆ ç·¨é›†æˆåŠŸã®ãƒ†ã‚¹ãƒˆ ãƒªãƒ€ã‚¤ãƒ¬ã‚¯ãƒˆå…ˆãŒã€æ›´æ–°ã—ãŸæŠ•ç¨¿ã®è©³ç´°ç”»é¢ã«ãªã£ã¦ã„ã‚‹
      [31mFailure/Error: click_button 'Update Book'[0m
      [31m[0m
      [31mCapybara::ElementNotFound:[0m
      [31m  Unable to find button "Update Book" that is not disabled[0m
      [36m# /home/ec2-user/.rvm/gems/ruby-2.6.3/gems/capybara-3.35.3/lib/capybara/node/finders.rb:303:in `block in synced_resolve'[0m
      [36m# /home/ec2-user/.rvm/gems/ruby-2.6.3/gems/capybara-3.35.3/lib/capybara/node/base.rb:83:in `synchronize'[0m
      [36m# /home/ec2-user/.rvm/gems/ruby-2.6.3/gems/capybara-3.35.3/lib/capybara/node/finders.rb:292:in `synced_resolve'[0m
      [36m# /home/ec2-user/.rvm/gems/ruby-2.6.3/gems/capybara-3.35.3/lib/capybara/node/finders.rb:53:in `find'[0m
      [36m# /home/ec2-user/.rvm/gems/ruby-2.6.3/gems/capybara-3.35.3/lib/capybara/node/actions.rb:58:in `click_button'[0m
      [36m# /home/ec2-user/.rvm/gems/ruby-2.6.3/gems/capybara-3.35.3/lib/capybara/session.rb:768:in `block (2 levels) in <class:Session>'[0m
      [36m# /home/ec2-user/.rvm/gems/ruby-2.6.3/gems/capybara-3.35.3/lib/capybara/dsl.rb:58:in `block (2 levels) in <module:DSL>'[0m
      [36m# ./spec/system/02_after_login_spec.rb:232:in `block (4 levels) in <main>'[0m

  54) [STEP2] ãƒ¦ãƒ¼ã‚¶ãƒ­ã‚°ã‚¤ãƒ³å¾Œã®ãƒ†ã‚¹ãƒˆ ãƒ¦ãƒ¼ã‚¶ä¸€è¦§ç”»é¢ã®ãƒ†ã‚¹ãƒˆ ã‚µã‚¤ãƒ‰ãƒãƒ¼ã®ç¢ºèª ã€ŒNew bookã€ã¨è¡¨ç¤ºã•ã‚Œã‚‹
      [31mFailure/Error: expect(page).to have_content 'New book'[0m
      [31m  expected to find text "New book" in "Home Users Books logout\nUsers Info\nnou512oru6 hpi44hsvpvk30h737u0f ç·¨é›†\nNew Book\ntitle opinion\n4ykwedjppq Show nou512oru6 Show". (However, it was found 1 time using a case insensitive search.)[0m
      [36m# ./spec/system/02_after_login_spec.rb:279:in `block (4 levels) in <main>'[0m

  55) [STEP2] ãƒ¦ãƒ¼ã‚¶ãƒ­ã‚°ã‚¤ãƒ³å¾Œã®ãƒ†ã‚¹ãƒˆ è‡ªåˆ†ã®ãƒ¦ãƒ¼ã‚¶è©³ç´°ç”»é¢ã®ãƒ†ã‚¹ãƒˆ ã‚µã‚¤ãƒ‰ãƒãƒ¼ã®ç¢ºèª ã€ŒNew bookã€ã¨è¡¨ç¤ºã•ã‚Œã‚‹
      [31mFailure/Error: expect(page).to have_content 'New book'[0m
      [31m  expected to find text "New book" in "Home Users Books logout\nUsers Info\ntgfysgt9f2 jbpt9fs0le1txi3okhuc ç·¨é›†\nNew Book\ntitle opinion\nBooks\nnyato 10b31h4j83cmye7ux0t7". (However, it was found 1 time using a case insensitive search.)[0m
      [36m# ./spec/system/02_after_login_spec.rb:333:in `block (4 levels) in <main>'[0m

  56) [STEP2] ãƒ¦ãƒ¼ã‚¶ãƒ­ã‚°ã‚¤ãƒ³å¾Œã®ãƒ†ã‚¹ãƒˆ è‡ªåˆ†ã®ãƒ¦ãƒ¼ã‚¶æƒ…å ±ç·¨é›†ç”»é¢ã®ãƒ†ã‚¹ãƒˆ è¡¨ç¤ºã®ç¢ºèª Update Userãƒœã‚¿ãƒ³ãŒè¡¨ç¤ºã•ã‚Œã‚‹
      [31mFailure/Error: expect(page).to have_button 'Update User'[0m
      [31m  expected to find button "Update User" that is not disabled but there were no matches[0m
      [36m# ./spec/system/02_after_login_spec.rb:372:in `block (4 levels) in <main>'[0m

  57) [STEP2] ãƒ¦ãƒ¼ã‚¶ãƒ­ã‚°ã‚¤ãƒ³å¾Œã®ãƒ†ã‚¹ãƒˆ è‡ªåˆ†ã®ãƒ¦ãƒ¼ã‚¶æƒ…å ±ç·¨é›†ç”»é¢ã®ãƒ†ã‚¹ãƒˆ æ›´æ–°æˆåŠŸã®ãƒ†ã‚¹ãƒˆ nameãŒæ­£ã—ãæ›´æ–°ã•ã‚Œã‚‹
      [31mFailure/Error: click_button 'Update User'[0m
      [31m[0m
      [31mCapybara::ElementNotFound:[0m
      [31m  Unable to find button "Update User" that is not disabled[0m
      [36m# /home/ec2-user/.rvm/gems/ruby-2.6.3/gems/capybara-3.35.3/lib/capybara/node/finders.rb:303:in `block in synced_resolve'[0m
      [36m# /home/ec2-user/.rvm/gems/ruby-2.6.3/gems/capybara-3.35.3/lib/capybara/node/base.rb:83:in `synchronize'[0m
      [36m# /home/ec2-user/.rvm/gems/ruby-2.6.3/gems/capybara-3.35.3/lib/capybara/node/finders.rb:292:in `synced_resolve'[0m
      [36m# /home/ec2-user/.rvm/gems/ruby-2.6.3/gems/capybara-3.35.3/lib/capybara/node/finders.rb:53:in `find'[0m
      [36m# /home/ec2-user/.rvm/gems/ruby-2.6.3/gems/capybara-3.35.3/lib/capybara/node/actions.rb:58:in `click_button'[0m
      [36m# /home/ec2-user/.rvm/gems/ruby-2.6.3/gems/capybara-3.35.3/lib/capybara/session.rb:768:in `block (2 levels) in <class:Session>'[0m
      [36m# /home/ec2-user/.rvm/gems/ruby-2.6.3/gems/capybara-3.35.3/lib/capybara/dsl.rb:58:in `block (2 levels) in <module:DSL>'[0m
      [36m# ./spec/system/02_after_login_spec.rb:382:in `block (4 levels) in <main>'[0m

  58) [STEP2] ãƒ¦ãƒ¼ã‚¶ãƒ­ã‚°ã‚¤ãƒ³å¾Œã®ãƒ†ã‚¹ãƒˆ è‡ªåˆ†ã®ãƒ¦ãƒ¼ã‚¶æƒ…å ±ç·¨é›†ç”»é¢ã®ãƒ†ã‚¹ãƒˆ æ›´æ–°æˆåŠŸã®ãƒ†ã‚¹ãƒˆ introductionãŒæ­£ã—ãæ›´æ–°ã•ã‚Œã‚‹
      [31mFailure/Error: click_button 'Update User'[0m
      [31m[0m
      [31mCapybara::ElementNotFound:[0m
      [31m  Unable to find button "Update User" that is not disabled[0m
      [36m# /home/ec2-user/.rvm/gems/ruby-2.6.3/gems/capybara-3.35.3/lib/capybara/node/finders.rb:303:in `block in synced_resolve'[0m
      [36m# /home/ec2-user/.rvm/gems/ruby-2.6.3/gems/capybara-3.35.3/lib/capybara/node/base.rb:83:in `synchronize'[0m
      [36m# /home/ec2-user/.rvm/gems/ruby-2.6.3/gems/capybara-3.35.3/lib/capybara/node/finders.rb:292:in `synced_resolve'[0m
      [36m# /home/ec2-user/.rvm/gems/ruby-2.6.3/gems/capybara-3.35.3/lib/capybara/node/finders.rb:53:in `find'[0m
      [36m# /home/ec2-user/.rvm/gems/ruby-2.6.3/gems/capybara-3.35.3/lib/capybara/node/actions.rb:58:in `click_button'[0m
      [36m# /home/ec2-user/.rvm/gems/ruby-2.6.3/gems/capybara-3.35.3/lib/capybara/session.rb:768:in `block (2 levels) in <class:Session>'[0m
      [36m# /home/ec2-user/.rvm/gems/ruby-2.6.3/gems/capybara-3.35.3/lib/capybara/dsl.rb:58:in `block (2 levels) in <module:DSL>'[0m
      [36m# ./spec/system/02_after_login_spec.rb:382:in `block (4 levels) in <main>'[0m

  59) [STEP2] ãƒ¦ãƒ¼ã‚¶ãƒ­ã‚°ã‚¤ãƒ³å¾Œã®ãƒ†ã‚¹ãƒˆ è‡ªåˆ†ã®ãƒ¦ãƒ¼ã‚¶æƒ…å ±ç·¨é›†ç”»é¢ã®ãƒ†ã‚¹ãƒˆ æ›´æ–°æˆåŠŸã®ãƒ†ã‚¹ãƒˆ ãƒªãƒ€ã‚¤ãƒ¬ã‚¯ãƒˆå…ˆãŒã€è‡ªåˆ†ã®ãƒ¦ãƒ¼ã‚¶è©³ç´°ç”»é¢ã«ãªã£ã¦ã„ã‚‹
      [31mFailure/Error: click_button 'Update User'[0m
      [31m[0m
      [31mCapybara::ElementNotFound:[0m
      [31m  Unable to find button "Update User" that is not disabled[0m
      [36m# /home/ec2-user/.rvm/gems/ruby-2.6.3/gems/capybara-3.35.3/lib/capybara/node/finders.rb:303:in `block in synced_resolve'[0m
      [36m# /home/ec2-user/.rvm/gems/ruby-2.6.3/gems/capybara-3.35.3/lib/capybara/node/base.rb:83:in `synchronize'[0m
      [36m# /home/ec2-user/.rvm/gems/ruby-2.6.3/gems/capybara-3.35.3/lib/capybara/node/finders.rb:292:in `synced_resolve'[0m
      [36m# /home/ec2-user/.rvm/gems/ruby-2.6.3/gems/capybara-3.35.3/lib/capybara/node/finders.rb:53:in `find'[0m
      [36m# /home/ec2-user/.rvm/gems/ruby-2.6.3/gems/capybara-3.35.3/lib/capybara/node/actions.rb:58:in `click_button'[0m
      [36m# /home/ec2-user/.rvm/gems/ruby-2.6.3/gems/capybara-3.35.3/lib/capybara/session.rb:768:in `block (2 levels) in <class:Session>'[0m
      [36m# /home/ec2-user/.rvm/gems/ruby-2.6.3/gems/capybara-3.35.3/lib/capybara/dsl.rb:58:in `block (2 levels) in <module:DSL>'[0m
      [36m# ./spec/system/02_after_login_spec.rb:382:in `block (4 levels) in <main>'[0m

  60) [STEP3] ä»•ä¸Šã’ã®ãƒ†ã‚¹ãƒˆ ã‚µã‚¯ã‚»ã‚¹ãƒ¡ãƒƒã‚»ãƒ¼ã‚¸ã®ãƒ†ã‚¹ãƒˆ ãƒ¦ãƒ¼ã‚¶ãƒ­ã‚°ã‚¢ã‚¦ãƒˆæˆåŠŸæ™‚
      [31mFailure/Error: is_expected.to have_content 'successfully'[0m
      [31m  expected to find text "successfully" in "Home Users Books logout\nName ProfileImage\nIntroduction k3kuble125pmciasr5qy"[0m
      [36m# ./spec/system/03_finishing_touches_spec.rb:36:in `block (3 levels) in <main>'[0m

  61) [STEP3] ä»•ä¸Šã’ã®ãƒ†ã‚¹ãƒˆ ã‚µã‚¯ã‚»ã‚¹ãƒ¡ãƒƒã‚»ãƒ¼ã‚¸ã®ãƒ†ã‚¹ãƒˆ ãƒ¦ãƒ¼ã‚¶ã®ãƒ—ãƒ­ãƒ•ã‚£ãƒ¼ãƒ«æƒ…å ±æ›´æ–°æˆåŠŸæ™‚
      [31mFailure/Error: click_button 'Update User'[0m
      [31m[0m
      [31mCapybara::ElementNotFound:[0m
      [31m  Unable to find button "Update User" that is not disabled[0m
      [36m# /home/ec2-user/.rvm/gems/ruby-2.6.3/gems/capybara-3.35.3/lib/capybara/node/finders.rb:303:in `block in synced_resolve'[0m
      [36m# /home/ec2-user/.rvm/gems/ruby-2.6.3/gems/capybara-3.35.3/lib/capybara/node/base.rb:83:in `synchronize'[0m
      [36m# /home/ec2-user/.rvm/gems/ruby-2.6.3/gems/capybara-3.35.3/lib/capybara/node/finders.rb:292:in `synced_resolve'[0m
      [36m# /home/ec2-user/.rvm/gems/ruby-2.6.3/gems/capybara-3.35.3/lib/capybara/node/finders.rb:53:in `find'[0m
      [36m# /home/ec2-user/.rvm/gems/ruby-2.6.3/gems/capybara-3.35.3/lib/capybara/node/actions.rb:58:in `click_button'[0m
      [36m# /home/ec2-user/.rvm/gems/ruby-2.6.3/gems/capybara-3.35.3/lib/capybara/session.rb:768:in `block (2 levels) in <class:Session>'[0m
      [36m# /home/ec2-user/.rvm/gems/ruby-2.6.3/gems/capybara-3.35.3/lib/capybara/dsl.rb:58:in `block (2 levels) in <module:DSL>'[0m
      [36m# ./spec/system/03_finishing_touches_spec.rb:44:in `block (3 levels) in <main>'[0m

  62) [STEP3] ä»•ä¸Šã’ã®ãƒ†ã‚¹ãƒˆ ã‚µã‚¯ã‚»ã‚¹ãƒ¡ãƒƒã‚»ãƒ¼ã‚¸ã®ãƒ†ã‚¹ãƒˆ æŠ•ç¨¿ãƒ‡ãƒ¼ã‚¿ã®æ–°è¦æŠ•ç¨¿æˆåŠŸæ™‚: æŠ•ç¨¿ä¸€è¦§ç”»é¢ã‹ã‚‰è¡Œã„ã¾ã™ã€‚
      [31mFailure/Error: @user = User.find(params[:id])[0m
      [31m[0m
      [31mActiveRecord::RecordNotFound:[0m
      [31m  Couldn't find User without an ID[0m
      [36m# ./app/controllers/books_controller.rb:25:in `index'[0m
      [36m# /home/ec2-user/.rvm/gems/ruby-2.6.3/gems/warden-1.2.9/lib/warden/manager.rb:36:in `block in call'[0m
      [36m# /home/ec2-user/.rvm/gems/ruby-2.6.3/gems/warden-1.2.9/lib/warden/manager.rb:34:in `catch'[0m
      [36m# /home/ec2-user/.rvm/gems/ruby-2.6.3/gems/warden-1.2.9/lib/warden/manager.rb:34:in `call'[0m
      [36m# /home/ec2-user/.rvm/gems/ruby-2.6.3/gems/rack-2.2.3/lib/rack/tempfile_reaper.rb:15:in `call'[0m
      [36m# /home/ec2-user/.rvm/gems/ruby-2.6.3/gems/rack-2.2.3/lib/rack/etag.rb:27:in `call'[0m
      [36m# /home/ec2-user/.rvm/gems/ruby-2.6.3/gems/rack-2.2.3/lib/rack/conditional_get.rb:27:in `call'[0m
      [36m# /home/ec2-user/.rvm/gems/ruby-2.6.3/gems/rack-2.2.3/lib/rack/head.rb:12:in `call'[0m
      [36m# /home/ec2-user/.rvm/gems/ruby-2.6.3/gems/rack-2.2.3/lib/rack/session/abstract/id.rb:266:in `context'[0m
      [36m# /home/ec2-user/.rvm/gems/ruby-2.6.3/gems/rack-2.2.3/lib/rack/session/abstract/id.rb:260:in `call'[0m
      [36m# /home/ec2-user/.rvm/gems/ruby-2.6.3/gems/railties-5.2.4.4/lib/rails/rack/logger.rb:38:in `call_app'[0m
      [36m# /home/ec2-user/.rvm/gems/ruby-2.6.3/gems/railties-5.2.4.4/lib/rails/rack/logger.rb:26:in `block in call'[0m
      [36m# /home/ec2-user/.rvm/gems/ruby-2.6.3/gems/railties-5.2.4.4/lib/rails/rack/logger.rb:26:in `call'[0m
      [36m# /home/ec2-user/.rvm/gems/ruby-2.6.3/gems/rack-2.2.3/lib/rack/method_override.rb:24:in `call'[0m
      [36m# /home/ec2-user/.rvm/gems/ruby-2.6.3/gems/rack-2.2.3/lib/rack/runtime.rb:22:in `call'[0m
      [36m# /home/ec2-user/.rvm/gems/ruby-2.6.3/gems/rack-2.2.3/lib/rack/sendfile.rb:110:in `call'[0m
      [36m# /home/ec2-user/.rvm/gems/ruby-2.6.3/gems/railties-5.2.4.4/lib/rails/engine.rb:524:in `call'[0m
      [36m# /home/ec2-user/.rvm/gems/ruby-2.6.3/gems/rack-2.2.3/lib/rack/urlmap.rb:74:in `block in call'[0m
      [36m# /home/ec2-user/.rvm/gems/ruby-2.6.3/gems/rack-2.2.3/lib/rack/urlmap.rb:58:in `each'[0m
      [36m# /home/ec2-user/.rvm/gems/ruby-2.6.3/gems/rack-2.2.3/lib/rack/urlmap.rb:58:in `call'[0m
      [36m# /home/ec2-user/.rvm/gems/ruby-2.6.3/gems/rack-2.2.3/lib/rack/builder.rb:244:in `call'[0m
      [36m# /home/ec2-user/.rvm/gems/ruby-2.6.3/gems/rack-test-1.1.0/lib/rack/mock_session.rb:29:in `request'[0m
      [36m# /home/ec2-user/.rvm/gems/ruby-2.6.3/gems/rack-test-1.1.0/lib/rack/test.rb:266:in `process_request'[0m
      [36m# /home/ec2-user/.rvm/gems/ruby-2.6.3/gems/rack-test-1.1.0/lib/rack/test.rb:129:in `custom_request'[0m
      [36m# /home/ec2-user/.rvm/gems/ruby-2.6.3/gems/rack-test-1.1.0/lib/rack/test.rb:58:in `get'[0m
      [36m# /home/ec2-user/.rvm/gems/ruby-2.6.3/gems/capybara-3.35.3/lib/capybara/rack_test/browser.rb:72:in `process'[0m
      [36m# /home/ec2-user/.rvm/gems/ruby-2.6.3/gems/capybara-3.35.3/lib/capybara/rack_test/browser.rb:47:in `process_and_follow_redirects'[0m
      [36m# /home/ec2-user/.rvm/gems/ruby-2.6.3/gems/capybara-3.35.3/lib/capybara/rack_test/browser.rb:24:in `visit'[0m
      [36m# /home/ec2-user/.rvm/gems/ruby-2.6.3/gems/capybara-3.35.3/lib/capybara/rack_test/driver.rb:46:in `visit'[0m
      [36m# /home/ec2-user/.rvm/gems/ruby-2.6.3/gems/capybara-3.35.3/lib/capybara/session.rb:278:in `visit'[0m
      [36m# /home/ec2-user/.rvm/gems/ruby-2.6.3/gems/capybara-3.35.3/lib/capybara/dsl.rb:58:in `block (2 levels) in <module:DSL>'[0m
      [36m# ./spec/system/03_finishing_touches_spec.rb:52:in `block (3 levels) in <main>'[0m

  63) [STEP3] ä»•ä¸Šã’ã®ãƒ†ã‚¹ãƒˆ ã‚µã‚¯ã‚»ã‚¹ãƒ¡ãƒƒã‚»ãƒ¼ã‚¸ã®ãƒ†ã‚¹ãƒˆ æŠ•ç¨¿ãƒ‡ãƒ¼ã‚¿ã®æ›´æ–°æˆåŠŸæ™‚
      [31mFailure/Error: click_button 'Update Book'[0m
      [31m[0m
      [31mCapybara::ElementNotFound:[0m
      [31m  Unable to find button "Update Book" that is not disabled[0m
      [36m# /home/ec2-user/.rvm/gems/ruby-2.6.3/gems/capybara-3.35.3/lib/capybara/node/finders.rb:303:in `block in synced_resolve'[0m
      [36m# /home/ec2-user/.rvm/gems/ruby-2.6.3/gems/capybara-3.35.3/lib/capybara/node/base.rb:83:in `synchronize'[0m
      [36m# /home/ec2-user/.rvm/gems/ruby-2.6.3/gems/capybara-3.35.3/lib/capybara/node/finders.rb:292:in `synced_resolve'[0m
      [36m# /home/ec2-user/.rvm/gems/ruby-2.6.3/gems/capybara-3.35.3/lib/capybara/node/finders.rb:53:in `find'[0m
      [36m# /home/ec2-user/.rvm/gems/ruby-2.6.3/gems/capybara-3.35.3/lib/capybara/node/actions.rb:58:in `click_button'[0m
      [36m# /home/ec2-user/.rvm/gems/ruby-2.6.3/gems/capybara-3.35.3/lib/capybara/session.rb:768:in `block (2 levels) in <class:Session>'[0m
      [36m# /home/ec2-user/.rvm/gems/ruby-2.6.3/gems/capybara-3.35.3/lib/capybara/dsl.rb:58:in `block (2 levels) in <module:DSL>'[0m
      [36m# ./spec/system/03_finishing_touches_spec.rb:64:in `block (3 levels) in <main>'[0m

  64) [STEP3] ä»•ä¸Šã’ã®ãƒ†ã‚¹ãƒˆ å‡¦ç†å¤±æ•—æ™‚ã®ãƒ†ã‚¹ãƒˆ ãƒ¦ãƒ¼ã‚¶ã®ãƒ—ãƒ­ãƒ•ã‚£ãƒ¼ãƒ«æƒ…å ±ç·¨é›†å¤±æ•—: nameã‚’1æ–‡å­—ã«ã™ã‚‹ æ›´æ–°ã•ã‚Œãªã„
      [31mFailure/Error: click_button 'Update User'[0m
      [31m[0m
      [31mCapybara::ElementNotFound:[0m
      [31m  Unable to find button "Update User" that is not disabled[0m
      [36m# /home/ec2-user/.rvm/gems/ruby-2.6.3/gems/capybara-3.35.3/lib/capybara/node/finders.rb:303:in `block in synced_resolve'[0m
      [36m# /home/ec2-user/.rvm/gems/ruby-2.6.3/gems/capybara-3.35.3/lib/capybara/node/base.rb:83:in `synchronize'[0m
      [36m# /home/ec2-user/.rvm/gems/ruby-2.6.3/gems/capybara-3.35.3/lib/capybara/node/finders.rb:292:in `synced_resolve'[0m
      [36m# /home/ec2-user/.rvm/gems/ruby-2.6.3/gems/capybara-3.35.3/lib/capybara/node/finders.rb:53:in `find'[0m
      [36m# /home/ec2-user/.rvm/gems/ruby-2.6.3/gems/capybara-3.35.3/lib/capybara/node/actions.rb:58:in `click_button'[0m
      [36m# /home/ec2-user/.rvm/gems/ruby-2.6.3/gems/capybara-3.35.3/lib/capybara/session.rb:768:in `block (2 levels) in <class:Session>'[0m
      [36m# /home/ec2-user/.rvm/gems/ruby-2.6.3/gems/capybara-3.35.3/lib/capybara/dsl.rb:58:in `block (2 levels) in <module:DSL>'[0m
      [36m# ./spec/system/03_finishing_touches_spec.rb:106:in `block (4 levels) in <main>'[0m

  65) [STEP3] ä»•ä¸Šã’ã®ãƒ†ã‚¹ãƒˆ å‡¦ç†å¤±æ•—æ™‚ã®ãƒ†ã‚¹ãƒˆ ãƒ¦ãƒ¼ã‚¶ã®ãƒ—ãƒ­ãƒ•ã‚£ãƒ¼ãƒ«æƒ…å ±ç·¨é›†å¤±æ•—: nameã‚’1æ–‡å­—ã«ã™ã‚‹ ãƒ¦ãƒ¼ã‚¶ç·¨é›†ç”»é¢ã‚’è¡¨ç¤ºã—ã¦ãŠã‚Šã€ãƒ•ã‚©ãƒ¼ãƒ ã®å†…å®¹ãŒæ­£ã—ã„
      [31mFailure/Error: click_button 'Update User'[0m
      [31m[0m
      [31mCapybara::ElementNotFound:[0m
      [31m  Unable to find button "Update User" that is not disabled[0m
      [36m# /home/ec2-user/.rvm/gems/ruby-2.6.3/gems/capybara-3.35.3/lib/capybara/node/finders.rb:303:in `block in synced_resolve'[0m
      [36m# /home/ec2-user/.rvm/gems/ruby-2.6.3/gems/capybara-3.35.3/lib/capybara/node/base.rb:83:in `synchronize'[0m
      [36m# /home/ec2-user/.rvm/gems/ruby-2.6.3/gems/capybara-3.35.3/lib/capybara/node/finders.rb:292:in `synced_resolve'[0m
      [36m# /home/ec2-user/.rvm/gems/ruby-2.6.3/gems/capybara-3.35.3/lib/capybara/node/finders.rb:53:in `find'[0m
      [36m# /home/ec2-user/.rvm/gems/ruby-2.6.3/gems/capybara-3.35.3/lib/capybara/node/actions.rb:58:in `click_button'[0m
      [36m# /home/ec2-user/.rvm/gems/ruby-2.6.3/gems/capybara-3.35.3/lib/capybara/session.rb:768:in `block (2 levels) in <class:Session>'[0m
      [36m# /home/ec2-user/.rvm/gems/ruby-2.6.3/gems/capybara-3.35.3/lib/capybara/dsl.rb:58:in `block (2 levels) in <module:DSL>'[0m
      [36m# ./spec/system/03_finishing_touches_spec.rb:106:in `block (4 levels) in <main>'[0m

  66) [STEP3] ä»•ä¸Šã’ã®ãƒ†ã‚¹ãƒˆ å‡¦ç†å¤±æ•—æ™‚ã®ãƒ†ã‚¹ãƒˆ ãƒ¦ãƒ¼ã‚¶ã®ãƒ—ãƒ­ãƒ•ã‚£ãƒ¼ãƒ«æƒ…å ±ç·¨é›†å¤±æ•—: nameã‚’1æ–‡å­—ã«ã™ã‚‹ ãƒãƒªãƒ‡ãƒ¼ã‚·ãƒ§ãƒ³ã‚¨ãƒ©ãƒ¼ãŒè¡¨ç¤ºã•ã‚Œã‚‹
      [31mFailure/Error: click_button 'Update User'[0m
      [31m[0m
      [31mCapybara::ElementNotFound:[0m
      [31m  Unable to find button "Update User" that is not disabled[0m
      [36m# /home/ec2-user/.rvm/gems/ruby-2.6.3/gems/capybara-3.35.3/lib/capybara/node/finders.rb:303:in `block in synced_resolve'[0m
      [36m# /home/ec2-user/.rvm/gems/ruby-2.6.3/gems/capybara-3.35.3/lib/capybara/node/base.rb:83:in `synchronize'[0m
      [36m# /home/ec2-user/.rvm/gems/ruby-2.6.3/gems/capybara-3.35.3/lib/capybara/node/finders.rb:292:in `synced_resolve'[0m
      [36m# /home/ec2-user/.rvm/gems/ruby-2.6.3/gems/capybara-3.35.3/lib/capybara/node/finders.rb:53:in `find'[0m
      [36m# /home/ec2-user/.rvm/gems/ruby-2.6.3/gems/capybara-3.35.3/lib/capybara/node/actions.rb:58:in `click_button'[0m
      [36m# /home/ec2-user/.rvm/gems/ruby-2.6.3/gems/capybara-3.35.3/lib/capybara/session.rb:768:in `block (2 levels) in <class:Session>'[0m
      [36m# /home/ec2-user/.rvm/gems/ruby-2.6.3/gems/capybara-3.35.3/lib/capybara/dsl.rb:58:in `block (2 levels) in <module:DSL>'[0m
      [36m# ./spec/system/03_finishing_touches_spec.rb:106:in `block (4 levels) in <main>'[0m

  67) [STEP3] ä»•ä¸Šã’ã®ãƒ†ã‚¹ãƒˆ å‡¦ç†å¤±æ•—æ™‚ã®ãƒ†ã‚¹ãƒˆ æŠ•ç¨¿ãƒ‡ãƒ¼ã‚¿ã®æ–°è¦æŠ•ç¨¿å¤±æ•—: æŠ•ç¨¿ä¸€è¦§ç”»é¢ã‹ã‚‰è¡Œã„ã€titleã‚’ç©ºã«ã™ã‚‹ æŠ•ç¨¿ãŒä¿å­˜ã•ã‚Œãªã„
      [31mFailure/Error: @user = User.find(params[:id])[0m
      [31m[0m
      [31mActiveRecord::RecordNotFound:[0m
      [31m  Couldn't find User without an ID[0m
      [36m# ./app/controllers/books_controller.rb:25:in `index'[0m
      [36m# /home/ec2-user/.rvm/gems/ruby-2.6.3/gems/warden-1.2.9/lib/warden/manager.rb:36:in `block in call'[0m
      [36m# /home/ec2-user/.rvm/gems/ruby-2.6.3/gems/warden-1.2.9/lib/warden/manager.rb:34:in `catch'[0m
      [36m# /home/ec2-user/.rvm/gems/ruby-2.6.3/gems/warden-1.2.9/lib/warden/manager.rb:34:in `call'[0m
      [36m# /home/ec2-user/.rvm/gems/ruby-2.6.3/gems/rack-2.2.3/lib/rack/tempfile_reaper.rb:15:in `call'[0m
      [36m# /home/ec2-user/.rvm/gems/ruby-2.6.3/gems/rack-2.2.3/lib/rack/etag.rb:27:in `call'[0m
      [36m# /home/ec2-user/.rvm/gems/ruby-2.6.3/gems/rack-2.2.3/lib/rack/conditional_get.rb:27:in `call'[0m
      [36m# /home/ec2-user/.rvm/gems/ruby-2.6.3/gems/rack-2.2.3/lib/rack/head.rb:12:in `call'[0m
      [36m# /home/ec2-user/.rvm/gems/ruby-2.6.3/gems/rack-2.2.3/lib/rack/session/abstract/id.rb:266:in `context'[0m
      [36m# /home/ec2-user/.rvm/gems/ruby-2.6.3/gems/rack-2.2.3/lib/rack/session/abstract/id.rb:260:in `call'[0m
      [36m# /home/ec2-user/.rvm/gems/ruby-2.6.3/gems/railties-5.2.4.4/lib/rails/rack/logger.rb:38:in `call_app'[0m
      [36m# /home/ec2-user/.rvm/gems/ruby-2.6.3/gems/railties-5.2.4.4/lib/rails/rack/logger.rb:26:in `block in call'[0m
      [36m# /home/ec2-user/.rvm/gems/ruby-2.6.3/gems/railties-5.2.4.4/lib/rails/rack/logger.rb:26:in `call'[0m
      [36m# /home/ec2-user/.rvm/gems/ruby-2.6.3/gems/rack-2.2.3/lib/rack/method_override.rb:24:in `call'[0m
      [36m# /home/ec2-user/.rvm/gems/ruby-2.6.3/gems/rack-2.2.3/lib/rack/runtime.rb:22:in `call'[0m
      [36m# /home/ec2-user/.rvm/gems/ruby-2.6.3/gems/rack-2.2.3/lib/rack/sendfile.rb:110:in `call'[0m
      [36m# /home/ec2-user/.rvm/gems/ruby-2.6.3/gems/railties-5.2.4.4/lib/rails/engine.rb:524:in `call'[0m
      [36m# /home/ec2-user/.rvm/gems/ruby-2.6.3/gems/rack-2.2.3/lib/rack/urlmap.rb:74:in `block in call'[0m
      [36m# /home/ec2-user/.rvm/gems/ruby-2.6.3/gems/rack-2.2.3/lib/rack/urlmap.rb:58:in `each'[0m
      [36m# /home/ec2-user/.rvm/gems/ruby-2.6.3/gems/rack-2.2.3/lib/rack/urlmap.rb:58:in `call'[0m
      [36m# /home/ec2-user/.rvm/gems/ruby-2.6.3/gems/rack-2.2.3/lib/rack/builder.rb:244:in `call'[0m
      [36m# /home/ec2-user/.rvm/gems/ruby-2.6.3/gems/rack-test-1.1.0/lib/rack/mock_session.rb:29:in `request'[0m
      [36m# /home/ec2-user/.rvm/gems/ruby-2.6.3/gems/rack-test-1.1.0/lib/rack/test.rb:266:in `process_request'[0m
      [36m# /home/ec2-user/.rvm/gems/ruby-2.6.3/gems/rack-test-1.1.0/lib/rack/test.rb:129:in `custom_request'[0m
      [36m# /home/ec2-user/.rvm/gems/ruby-2.6.3/gems/rack-test-1.1.0/lib/rack/test.rb:58:in `get'[0m
      [36m# /home/ec2-user/.rvm/gems/ruby-2.6.3/gems/capybara-3.35.3/lib/capybara/rack_test/browser.rb:72:in `process'[0m
      [36m# /home/ec2-user/.rvm/gems/ruby-2.6.3/gems/capybara-3.35.3/lib/capybara/rack_test/browser.rb:47:in `process_and_follow_redirects'[0m
      [36m# /home/ec2-user/.rvm/gems/ruby-2.6.3/gems/capybara-3.35.3/lib/capybara/rack_test/browser.rb:24:in `visit'[0m
      [36m# /home/ec2-user/.rvm/gems/ruby-2.6.3/gems/capybara-3.35.3/lib/capybara/rack_test/driver.rb:46:in `visit'[0m
      [36m# /home/ec2-user/.rvm/gems/ruby-2.6.3/gems/capybara-3.35.3/lib/capybara/session.rb:278:in `visit'[0m
      [36m# /home/ec2-user/.rvm/gems/ruby-2.6.3/gems/capybara-3.35.3/lib/capybara/dsl.rb:58:in `block (2 levels) in <module:DSL>'[0m
      [36m# ./spec/system/03_finishing_touches_spec.rb:126:in `block (4 levels) in <main>'[0m

  68) [STEP3] ä»•ä¸Šã’ã®ãƒ†ã‚¹ãƒˆ å‡¦ç†å¤±æ•—æ™‚ã®ãƒ†ã‚¹ãƒˆ æŠ•ç¨¿ãƒ‡ãƒ¼ã‚¿ã®æ–°è¦æŠ•ç¨¿å¤±æ•—: æŠ•ç¨¿ä¸€è¦§ç”»é¢ã‹ã‚‰è¡Œã„ã€titleã‚’ç©ºã«ã™ã‚‹ æŠ•ç¨¿ä¸€è¦§ç”»é¢ã‚’è¡¨ç¤ºã—ã¦ã„ã‚‹
      [31mFailure/Error: @user = User.find(params[:id])[0m
      [31m[0m
      [31mActiveRecord::RecordNotFound:[0m
      [31m  Couldn't find User without an ID[0m
      [36m# ./app/controllers/books_controller.rb:25:in `index'[0m
      [36m# /home/ec2-user/.rvm/gems/ruby-2.6.3/gems/warden-1.2.9/lib/warden/manager.rb:36:in `block in call'[0m
      [36m# /home/ec2-user/.rvm/gems/ruby-2.6.3/gems/warden-1.2.9/lib/warden/manager.rb:34:in `catch'[0m
      [36m# /home/ec2-user/.rvm/gems/ruby-2.6.3/gems/warden-1.2.9/lib/warden/manager.rb:34:in `call'[0m
      [36m# /home/ec2-user/.rvm/gems/ruby-2.6.3/gems/rack-2.2.3/lib/rack/tempfile_reaper.rb:15:in `call'[0m
      [36m# /home/ec2-user/.rvm/gems/ruby-2.6.3/gems/rack-2.2.3/lib/rack/etag.rb:27:in `call'[0m
      [36m# /home/ec2-user/.rvm/gems/ruby-2.6.3/gems/rack-2.2.3/lib/rack/conditional_get.rb:27:in `call'[0m
      [36m# /home/ec2-user/.rvm/gems/ruby-2.6.3/gems/rack-2.2.3/lib/rack/head.rb:12:in `call'[0m
      [36m# /home/ec2-user/.rvm/gems/ruby-2.6.3/gems/rack-2.2.3/lib/rack/session/abstract/id.rb:266:in `context'[0m
      [36m# /home/ec2-user/.rvm/gems/ruby-2.6.3/gems/rack-2.2.3/lib/rack/session/abstract/id.rb:260:in `call'[0m
      [36m# /home/ec2-user/.rvm/gems/ruby-2.6.3/gems/railties-5.2.4.4/lib/rails/rack/logger.rb:38:in `call_app'[0m
      [36m# /home/ec2-user/.rvm/gems/ruby-2.6.3/gems/railties-5.2.4.4/lib/rails/rack/logger.rb:26:in `block in call'[0m
      [36m# /home/ec2-user/.rvm/gems/ruby-2.6.3/gems/railties-5.2.4.4/lib/rails/rack/logger.rb:26:in `call'[0m
      [36m# /home/ec2-user/.rvm/gems/ruby-2.6.3/gems/rack-2.2.3/lib/rack/method_override.rb:24:in `call'[0m
      [36m# /home/ec2-user/.rvm/gems/ruby-2.6.3/gems/rack-2.2.3/lib/rack/runtime.rb:22:in `call'[0m
      [36m# /home/ec2-user/.rvm/gems/ruby-2.6.3/gems/rack-2.2.3/lib/rack/sendfile.rb:110:in `call'[0m
      [36m# /home/ec2-user/.rvm/gems/ruby-2.6.3/gems/railties-5.2.4.4/lib/rails/engine.rb:524:in `call'[0m
      [36m# /home/ec2-user/.rvm/gems/ruby-2.6.3/gems/rack-2.2.3/lib/rack/urlmap.rb:74:in `block in call'[0m
      [36m# /home/ec2-user/.rvm/gems/ruby-2.6.3/gems/rack-2.2.3/lib/rack/urlmap.rb:58:in `each'[0m
      [36m# /home/ec2-user/.rvm/gems/ruby-2.6.3/gems/rack-2.2.3/lib/rack/urlmap.rb:58:in `call'[0m
      [36m# /home/ec2-user/.rvm/gems/ruby-2.6.3/gems/rack-2.2.3/lib/rack/builder.rb:244:in `call'[0m
      [36m# /home/ec2-user/.rvm/gems/ruby-2.6.3/gems/rack-test-1.1.0/lib/rack/mock_session.rb:29:in `request'[0m
      [36m# /home/ec2-user/.rvm/gems/ruby-2.6.3/gems/rack-test-1.1.0/lib/rack/test.rb:266:in `process_request'[0m
      [36m# /home/ec2-user/.rvm/gems/ruby-2.6.3/gems/rack-test-1.1.0/lib/rack/test.rb:129:in `custom_request'[0m
      [36m# /home/ec2-user/.rvm/gems/ruby-2.6.3/gems/rack-test-1.1.0/lib/rack/test.rb:58:in `get'[0m
      [36m# /home/ec2-user/.rvm/gems/ruby-2.6.3/gems/capybara-3.35.3/lib/capybara/rack_test/browser.rb:72:in `process'[0m
      [36m# /home/ec2-user/.rvm/gems/ruby-2.6.3/gems/capybara-3.35.3/lib/capybara/rack_test/browser.rb:47:in `process_and_follow_redirects'[0m
      [36m# /home/ec2-user/.rvm/gems/ruby-2.6.3/gems/capybara-3.35.3/lib/capybara/rack_test/browser.rb:24:in `visit'[0m
      [36m# /home/ec2-user/.rvm/gems/ruby-2.6.3/gems/capybara-3.35.3/lib/capybara/rack_test/driver.rb:46:in `visit'[0m
      [36m# /home/ec2-user/.rvm/gems/ruby-2.6.3/gems/capybara-3.35.3/lib/capybara/session.rb:278:in `visit'[0m
      [36m# /home/ec2-user/.rvm/gems/ruby-2.6.3/gems/capybara-3.35.3/lib/capybara/dsl.rb:58:in `block (2 levels) in <module:DSL>'[0m
      [36m# ./spec/system/03_finishing_touches_spec.rb:126:in `block (4 levels) in <main>'[0m

  69) [STEP3] ä»•ä¸Šã’ã®ãƒ†ã‚¹ãƒˆ å‡¦ç†å¤±æ•—æ™‚ã®ãƒ†ã‚¹ãƒˆ æŠ•ç¨¿ãƒ‡ãƒ¼ã‚¿ã®æ–°è¦æŠ•ç¨¿å¤±æ•—: æŠ•ç¨¿ä¸€è¦§ç”»é¢ã‹ã‚‰è¡Œã„ã€titleã‚’ç©ºã«ã™ã‚‹ æ–°è¦æŠ•ç¨¿ãƒ•ã‚©ãƒ¼ãƒ ã®å†…å®¹ãŒæ­£ã—ã„
      [31mFailure/Error: @user = User.find(params[:id])[0m
      [31m[0m
      [31mActiveRecord::RecordNotFound:[0m
      [31m  Couldn't find User without an ID[0m
      [36m# ./app/controllers/books_controller.rb:25:in `index'[0m
      [36m# /home/ec2-user/.rvm/gems/ruby-2.6.3/gems/warden-1.2.9/lib/warden/manager.rb:36:in `block in call'[0m
      [36m# /home/ec2-user/.rvm/gems/ruby-2.6.3/gems/warden-1.2.9/lib/warden/manager.rb:34:in `catch'[0m
      [36m# /home/ec2-user/.rvm/gems/ruby-2.6.3/gems/warden-1.2.9/lib/warden/manager.rb:34:in `call'[0m
      [36m# /home/ec2-user/.rvm/gems/ruby-2.6.3/gems/rack-2.2.3/lib/rack/tempfile_reaper.rb:15:in `call'[0m
      [36m# /home/ec2-user/.rvm/gems/ruby-2.6.3/gems/rack-2.2.3/lib/rack/etag.rb:27:in `call'[0m
      [36m# /home/ec2-user/.rvm/gems/ruby-2.6.3/gems/rack-2.2.3/lib/rack/conditional_get.rb:27:in `call'[0m
      [36m# /home/ec2-user/.rvm/gems/ruby-2.6.3/gems/rack-2.2.3/lib/rack/head.rb:12:in `call'[0m
      [36m# /home/ec2-user/.rvm/gems/ruby-2.6.3/gems/rack-2.2.3/lib/rack/session/abstract/id.rb:266:in `context'[0m
      [36m# /home/ec2-user/.rvm/gems/ruby-2.6.3/gems/rack-2.2.3/lib/rack/session/abstract/id.rb:260:in `call'[0m
      [36m# /home/ec2-user/.rvm/gems/ruby-2.6.3/gems/railties-5.2.4.4/lib/rails/rack/logger.rb:38:in `call_app'[0m
      [36m# /home/ec2-user/.rvm/gems/ruby-2.6.3/gems/railties-5.2.4.4/lib/rails/rack/logger.rb:26:in `block in call'[0m
      [36m# /home/ec2-user/.rvm/gems/ruby-2.6.3/gems/railties-5.2.4.4/lib/rails/rack/logger.rb:26:in `call'[0m
      [36m# /home/ec2-user/.rvm/gems/ruby-2.6.3/gems/rack-2.2.3/lib/rack/method_override.rb:24:in `call'[0m
      [36m# /home/ec2-user/.rvm/gems/ruby-2.6.3/gems/rack-2.2.3/lib/rack/runtime.rb:22:in `call'[0m
      [36m# /home/ec2-user/.rvm/gems/ruby-2.6.3/gems/rack-2.2.3/lib/rack/sendfile.rb:110:in `call'[0m
      [36m# /home/ec2-user/.rvm/gems/ruby-2.6.3/gems/railties-5.2.4.4/lib/rails/engine.rb:524:in `call'[0m
      [36m# /home/ec2-user/.rvm/gems/ruby-2.6.3/gems/rack-2.2.3/lib/rack/urlmap.rb:74:in `block in call'[0m
      [36m# /home/ec2-user/.rvm/gems/ruby-2.6.3/gems/rack-2.2.3/lib/rack/urlmap.rb:58:in `each'[0m
      [36m# /home/ec2-user/.rvm/gems/ruby-2.6.3/gems/rack-2.2.3/lib/rack/urlmap.rb:58:in `call'[0m
      [36m# /home/ec2-user/.rvm/gems/ruby-2.6.3/gems/rack-2.2.3/lib/rack/builder.rb:244:in `call'[0m
      [36m# /home/ec2-user/.rvm/gems/ruby-2.6.3/gems/rack-test-1.1.0/lib/rack/mock_session.rb:29:in `request'[0m
      [36m# /home/ec2-user/.rvm/gems/ruby-2.6.3/gems/rack-test-1.1.0/lib/rack/test.rb:266:in `process_request'[0m
      [36m# /home/ec2-user/.rvm/gems/ruby-2.6.3/gems/rack-test-1.1.0/lib/rack/test.rb:129:in `custom_request'[0m
      [36m# /home/ec2-user/.rvm/gems/ruby-2.6.3/gems/rack-test-1.1.0/lib/rack/test.rb:58:in `get'[0m
      [36m# /home/ec2-user/.rvm/gems/ruby-2.6.3/gems/capybara-3.35.3/lib/capybara/rack_test/browser.rb:72:in `process'[0m
      [36m# /home/ec2-user/.rvm/gems/ruby-2.6.3/gems/capybara-3.35.3/lib/capybara/rack_test/browser.rb:47:in `process_and_follow_redirects'[0m
      [36m# /home/ec2-user/.rvm/gems/ruby-2.6.3/gems/capybara-3.35.3/lib/capybara/rack_test/browser.rb:24:in `visit'[0m
      [36m# /home/ec2-user/.rvm/gems/ruby-2.6.3/gems/capybara-3.35.3/lib/capybara/rack_test/driver.rb:46:in `visit'[0m
      [36m# /home/ec2-user/.rvm/gems/ruby-2.6.3/gems/capybara-3.35.3/lib/capybara/session.rb:278:in `visit'[0m
      [36m# /home/ec2-user/.rvm/gems/ruby-2.6.3/gems/capybara-3.35.3/lib/capybara/dsl.rb:58:in `block (2 levels) in <module:DSL>'[0m
      [36m# ./spec/system/03_finishing_touches_spec.rb:126:in `block (4 levels) in <main>'[0m

  70) [STEP3] ä»•ä¸Šã’ã®ãƒ†ã‚¹ãƒˆ å‡¦ç†å¤±æ•—æ™‚ã®ãƒ†ã‚¹ãƒˆ æŠ•ç¨¿ãƒ‡ãƒ¼ã‚¿ã®æ–°è¦æŠ•ç¨¿å¤±æ•—: æŠ•ç¨¿ä¸€è¦§ç”»é¢ã‹ã‚‰è¡Œã„ã€titleã‚’ç©ºã«ã™ã‚‹ ãƒãƒªãƒ‡ãƒ¼ã‚·ãƒ§ãƒ³ã‚¨ãƒ©ãƒ¼ãŒè¡¨ç¤ºã•ã‚Œã‚‹
      [31mFailure/Error: @user = User.find(params[:id])[0m
      [31m[0m
      [31mActiveRecord::RecordNotFound:[0m
      [31m  Couldn't find User without an ID[0m
      [36m# ./app/controllers/books_controller.rb:25:in `index'[0m
      [36m# /home/ec2-user/.rvm/gems/ruby-2.6.3/gems/warden-1.2.9/lib/warden/manager.rb:36:in `block in call'[0m
      [36m# /home/ec2-user/.rvm/gems/ruby-2.6.3/gems/warden-1.2.9/lib/warden/manager.rb:34:in `catch'[0m
      [36m# /home/ec2-user/.rvm/gems/ruby-2.6.3/gems/warden-1.2.9/lib/warden/manager.rb:34:in `call'[0m
      [36m# /home/ec2-user/.rvm/gems/ruby-2.6.3/gems/rack-2.2.3/lib/rack/tempfile_reaper.rb:15:in `call'[0m
      [36m# /home/ec2-user/.rvm/gems/ruby-2.6.3/gems/rack-2.2.3/lib/rack/etag.rb:27:in `call'[0m
      [36m# /home/ec2-user/.rvm/gems/ruby-2.6.3/gems/rack-2.2.3/lib/rack/conditional_get.rb:27:in `call'[0m
      [36m# /home/ec2-user/.rvm/gems/ruby-2.6.3/gems/rack-2.2.3/lib/rack/head.rb:12:in `call'[0m
      [36m# /home/ec2-user/.rvm/gems/ruby-2.6.3/gems/rack-2.2.3/lib/rack/session/abstract/id.rb:266:in `context'[0m
      [36m# /home/ec2-user/.rvm/gems/ruby-2.6.3/gems/rack-2.2.3/lib/rack/session/abstract/id.rb:260:in `call'[0m
      [36m# /home/ec2-user/.rvm/gems/ruby-2.6.3/gems/railties-5.2.4.4/lib/rails/rack/logger.rb:38:in `call_app'[0m
      [36m# /home/ec2-user/.rvm/gems/ruby-2.6.3/gems/railties-5.2.4.4/lib/rails/rack/logger.rb:26:in `block in call'[0m
      [36m# /home/ec2-user/.rvm/gems/ruby-2.6.3/gems/railties-5.2.4.4/lib/rails/rack/logger.rb:26:in `call'[0m
      [36m# /home/ec2-user/.rvm/gems/ruby-2.6.3/gems/rack-2.2.3/lib/rack/method_override.rb:24:in `call'[0m
      [36m# /home/ec2-user/.rvm/gems/ruby-2.6.3/gems/rack-2.2.3/lib/rack/runtime.rb:22:in `call'[0m
      [36m# /home/ec2-user/.rvm/gems/ruby-2.6.3/gems/rack-2.2.3/lib/rack/sendfile.rb:110:in `call'[0m
      [36m# /home/ec2-user/.rvm/gems/ruby-2.6.3/gems/railties-5.2.4.4/lib/rails/engine.rb:524:in `call'[0m
      [36m# /home/ec2-user/.rvm/gems/ruby-2.6.3/gems/rack-2.2.3/lib/rack/urlmap.rb:74:in `block in call'[0m
      [36m# /home/ec2-user/.rvm/gems/ruby-2.6.3/gems/rack-2.2.3/lib/rack/urlmap.rb:58:in `each'[0m
      [36m# /home/ec2-user/.rvm/gems/ruby-2.6.3/gems/rack-2.2.3/lib/rack/urlmap.rb:58:in `call'[0m
      [36m# /home/ec2-user/.rvm/gems/ruby-2.6.3/gems/rack-2.2.3/lib/rack/builder.rb:244:in `call'[0m
      [36m# /home/ec2-user/.rvm/gems/ruby-2.6.3/gems/rack-test-1.1.0/lib/rack/mock_session.rb:29:in `request'[0m
      [36m# /home/ec2-user/.rvm/gems/ruby-2.6.3/gems/rack-test-1.1.0/lib/rack/test.rb:266:in `process_request'[0m
      [36m# /home/ec2-user/.rvm/gems/ruby-2.6.3/gems/rack-test-1.1.0/lib/rack/test.rb:129:in `custom_request'[0m
      [36m# /home/ec2-user/.rvm/gems/ruby-2.6.3/gems/rack-test-1.1.0/lib/rack/test.rb:58:in `get'[0m
      [36m# /home/ec2-user/.rvm/gems/ruby-2.6.3/gems/capybara-3.35.3/lib/capybara/rack_test/browser.rb:72:in `process'[0m
      [36m# /home/ec2-user/.rvm/gems/ruby-2.6.3/gems/capybara-3.35.3/lib/capybara/rack_test/browser.rb:47:in `process_and_follow_redirects'[0m
      [36m# /home/ec2-user/.rvm/gems/ruby-2.6.3/gems/capybara-3.35.3/lib/capybara/rack_test/browser.rb:24:in `visit'[0m
      [36m# /home/ec2-user/.rvm/gems/ruby-2.6.3/gems/capybara-3.35.3/lib/capybara/rack_test/driver.rb:46:in `visit'[0m
      [36m# /home/ec2-user/.rvm/gems/ruby-2.6.3/gems/capybara-3.35.3/lib/capybara/session.rb:278:in `visit'[0m
      [36m# /home/ec2-user/.rvm/gems/ruby-2.6.3/gems/capybara-3.35.3/lib/capybara/dsl.rb:58:in `block (2 levels) in <module:DSL>'[0m
      [36m# ./spec/system/03_finishing_touches_spec.rb:126:in `block (4 levels) in <main>'[0m

  71) [STEP3] ä»•ä¸Šã’ã®ãƒ†ã‚¹ãƒˆ å‡¦ç†å¤±æ•—æ™‚ã®ãƒ†ã‚¹ãƒˆ æŠ•ç¨¿ãƒ‡ãƒ¼ã‚¿ã®æ›´æ–°å¤±æ•—: titleã‚’ç©ºã«ã™ã‚‹ æŠ•ç¨¿ãŒæ›´æ–°ã•ã‚Œãªã„
      [31mFailure/Error: click_button 'Update Book'[0m
      [31m[0m
      [31mCapybara::ElementNotFound:[0m
      [31m  Unable to find button "Update Book" that is not disabled[0m
      [36m# /home/ec2-user/.rvm/gems/ruby-2.6.3/gems/capybara-3.35.3/lib/capybara/node/finders.rb:303:in `block in synced_resolve'[0m
      [36m# /home/ec2-user/.rvm/gems/ruby-2.6.3/gems/capybara-3.35.3/lib/capybara/node/base.rb:83:in `synchronize'[0m
      [36m# /home/ec2-user/.rvm/gems/ruby-2.6.3/gems/capybara-3.35.3/lib/capybara/node/finders.rb:292:in `synced_resolve'[0m
      [36m# /home/ec2-user/.rvm/gems/ruby-2.6.3/gems/capybara-3.35.3/lib/capybara/node/finders.rb:53:in `find'[0m
      [36m# /home/ec2-user/.rvm/gems/ruby-2.6.3/gems/capybara-3.35.3/lib/capybara/node/actions.rb:58:in `click_button'[0m
      [36m# /home/ec2-user/.rvm/gems/ruby-2.6.3/gems/capybara-3.35.3/lib/capybara/session.rb:768:in `block (2 levels) in <class:Session>'[0m
      [36m# /home/ec2-user/.rvm/gems/ruby-2.6.3/gems/capybara-3.35.3/lib/capybara/dsl.rb:58:in `block (2 levels) in <module:DSL>'[0m
      [36m# ./spec/system/03_finishing_touches_spec.rb:159:in `block (4 levels) in <main>'[0m

  72) [STEP3] ä»•ä¸Šã’ã®ãƒ†ã‚¹ãƒˆ å‡¦ç†å¤±æ•—æ™‚ã®ãƒ†ã‚¹ãƒˆ æŠ•ç¨¿ãƒ‡ãƒ¼ã‚¿ã®æ›´æ–°å¤±æ•—: titleã‚’ç©ºã«ã™ã‚‹ æŠ•ç¨¿ç·¨é›†ç”»é¢ã‚’è¡¨ç¤ºã—ã¦ãŠã‚Šã€ãƒ•ã‚©ãƒ¼ãƒ ã®å†…å®¹ãŒæ­£ã—ã„
      [31mFailure/Error: click_button 'Update Book'[0m
      [31m[0m
      [31mCapybara::ElementNotFound:[0m
      [31m  Unable to find button "Update Book" that is not disabled[0m
      [36m# /home/ec2-user/.rvm/gems/ruby-2.6.3/gems/capybara-3.35.3/lib/capybara/node/finders.rb:303:in `block in synced_resolve'[0m
      [36m# /home/ec2-user/.rvm/gems/ruby-2.6.3/gems/capybara-3.35.3/lib/capybara/node/base.rb:83:in `synchronize'[0m
      [36m# /home/ec2-user/.rvm/gems/ruby-2.6.3/gems/capybara-3.35.3/lib/capybara/node/finders.rb:292:in `synced_resolve'[0m
      [36m# /home/ec2-user/.rvm/gems/ruby-2.6.3/gems/capybara-3.35.3/lib/capybara/node/finders.rb:53:in `find'[0m
      [36m# /home/ec2-user/.rvm/gems/ruby-2.6.3/gems/capybara-3.35.3/lib/capybara/node/actions.rb:58:in `click_button'[0m
      [36m# /home/ec2-user/.rvm/gems/ruby-2.6.3/gems/capybara-3.35.3/lib/capybara/session.rb:768:in `block (2 levels) in <class:Session>'[0m
      [36m# /home/ec2-user/.rvm/gems/ruby-2.6.3/gems/capybara-3.35.3/lib/capybara/dsl.rb:58:in `block (2 levels) in <module:DSL>'[0m
      [36m# ./spec/system/03_finishing_touches_spec.rb:159:in `block (4 levels) in <main>'[0m

  73) [STEP3] ä»•ä¸Šã’ã®ãƒ†ã‚¹ãƒˆ å‡¦ç†å¤±æ•—æ™‚ã®ãƒ†ã‚¹ãƒˆ æŠ•ç¨¿ãƒ‡ãƒ¼ã‚¿ã®æ›´æ–°å¤±æ•—: titleã‚’ç©ºã«ã™ã‚‹ ã‚¨ãƒ©ãƒ¼ãƒ¡ãƒƒã‚»ãƒ¼ã‚¸ãŒè¡¨ç¤ºã•ã‚Œã‚‹
      [31mFailure/Error: click_button 'Update Book'[0m
      [31m[0m
      [31mCapybara::ElementNotFound:[0m
      [31m  Unable to find button "Update Book" that is not disabled[0m
      [36m# /home/ec2-user/.rvm/gems/ruby-2.6.3/gems/capybara-3.35.3/lib/capybara/node/finders.rb:303:in `block in synced_resolve'[0m
      [36m# /home/ec2-user/.rvm/gems/ruby-2.6.3/gems/capybara-3.35.3/lib/capybara/node/base.rb:83:in `synchronize'[0m
      [36m# /home/ec2-user/.rvm/gems/ruby-2.6.3/gems/capybara-3.35.3/lib/capybara/node/finders.rb:292:in `synced_resolve'[0m
      [36m# /home/ec2-user/.rvm/gems/ruby-2.6.3/gems/capybara-3.35.3/lib/capybara/node/finders.rb:53:in `find'[0m
      [36m# /home/ec2-user/.rvm/gems/ruby-2.6.3/gems/capybara-3.35.3/lib/capybara/node/actions.rb:58:in `click_button'[0m
      [36m# /home/ec2-user/.rvm/gems/ruby-2.6.3/gems/capybara-3.35.3/lib/capybara/session.rb:768:in `block (2 levels) in <class:Session>'[0m
      [36m# /home/ec2-user/.rvm/gems/ruby-2.6.3/gems/capybara-3.35.3/lib/capybara/dsl.rb:58:in `block (2 levels) in <module:DSL>'[0m
      [36m# ./spec/system/03_finishing_touches_spec.rb:159:in `block (4 levels) in <main>'[0m

  74) [STEP3] ä»•ä¸Šã’ã®ãƒ†ã‚¹ãƒˆ ä»–äººã®ç”»é¢ã®ãƒ†ã‚¹ãƒˆ ä»–äººã®æŠ•ç¨¿è©³ç´°ç”»é¢ã®ãƒ†ã‚¹ãƒˆ è¡¨ç¤ºå†…å®¹ã®ç¢ºèª ã€ŒBook detailã€ã¨è¡¨ç¤ºã•ã‚Œã‚‹
      [31mFailure/Error: expect(page).to have_content 'Book detail'[0m
      [31m  expected to find text "Book detail" in "Home Users Books logout zevq85pedh yhwhh 0mdxnwqwgvn46ex9huim"[0m
      [36m# ./spec/system/03_finishing_touches_spec.rb:223:in `block (5 levels) in <main>'[0m

  75) [STEP3] ä»•ä¸Šã’ã®ãƒ†ã‚¹ãƒˆ ä»–äººã®ç”»é¢ã®ãƒ†ã‚¹ãƒˆ ä»–äººã®æŠ•ç¨¿è©³ç´°ç”»é¢ã®ãƒ†ã‚¹ãƒˆ ã‚µã‚¤ãƒ‰ãƒãƒ¼ã®ç¢ºèª ä»–äººã®åå‰ã¨ç´¹ä»‹æ–‡ãŒè¡¨ç¤ºã•ã‚Œã‚‹
      [31mFailure/Error: expect(page).to have_content other_user.introduction[0m
      [31m  expected to find text "zg2nm8jkh7auijq2g5ei" in "Home Users Books logout 33s0xbo6pu 262b6 3puy9h8bwus8sw1g47ct"[0m
      [36m# ./spec/system/03_finishing_touches_spec.rb:245:in `block (5 levels) in <main>'[0m

  76) [STEP3] ä»•ä¸Šã’ã®ãƒ†ã‚¹ãƒˆ ä»–äººã®ç”»é¢ã®ãƒ†ã‚¹ãƒˆ ä»–äººã®æŠ•ç¨¿è©³ç´°ç”»é¢ã®ãƒ†ã‚¹ãƒˆ ã‚µã‚¤ãƒ‰ãƒãƒ¼ã®ç¢ºèª ä»–äººã®ãƒ¦ãƒ¼ã‚¶ç·¨é›†ç”»é¢ã¸ã®ãƒªãƒ³ã‚¯ãŒå­˜åœ¨ã™ã‚‹
      [31mFailure/Error: expect(page).to have_link '', href: edit_user_path(other_user)[0m
      [31m  expected to find link "" with href "/users/1/edit" but there were no matches[0m
      [36m# ./spec/system/03_finishing_touches_spec.rb:248:in `block (5 levels) in <main>'[0m

  77) [STEP3] ä»•ä¸Šã’ã®ãƒ†ã‚¹ãƒˆ ä»–äººã®ç”»é¢ã®ãƒ†ã‚¹ãƒˆ ä»–äººã®æŠ•ç¨¿ç·¨é›†ç”»é¢ é·ç§»ã§ããšã€æŠ•ç¨¿ä¸€è¦§ç”»é¢ã«ãƒªãƒ€ã‚¤ãƒ¬ã‚¯ãƒˆã•ã‚Œã‚‹
      [31mFailure/Error: expect(current_path).to eq '/books'[0m
      [31m[0m
      [31m  expected: "/books"[0m
      [31m       got: "/users/2"[0m
      [31m[0m
      [31m  (compared using ==)[0m
      [36m# ./spec/system/03_finishing_touches_spec.rb:263:in `block (4 levels) in <main>'[0m

  78) [STEP3] ä»•ä¸Šã’ã®ãƒ†ã‚¹ãƒˆ ä»–äººã®ç”»é¢ã®ãƒ†ã‚¹ãƒˆ ä»–äººã®ãƒ¦ãƒ¼ã‚¶è©³ç´°ç”»é¢ã®ãƒ†ã‚¹ãƒˆ è¡¨ç¤ºã®ç¢ºèª æŠ•ç¨¿ä¸€è¦§ã®ãƒ¦ãƒ¼ã‚¶ç”»åƒã®ãƒªãƒ³ã‚¯å…ˆãŒæ­£ã—ã„
      [31mFailure/Error: expect(page).to have_link '', href: user_path(other_user)[0m
      [31m  expected to find link "" with href "/users/1" but there were no matches[0m
      [36m# ./spec/system/03_finishing_touches_spec.rb:277:in `block (5 levels) in <main>'[0m

  79) [STEP3] ä»•ä¸Šã’ã®ãƒ†ã‚¹ãƒˆ ä»–äººã®ç”»é¢ã®ãƒ†ã‚¹ãƒˆ ä»–äººã®ãƒ¦ãƒ¼ã‚¶è©³ç´°ç”»é¢ã®ãƒ†ã‚¹ãƒˆ ã‚µã‚¤ãƒ‰ãƒãƒ¼ã®ç¢ºèª ä»–äººã®ãƒ¦ãƒ¼ã‚¶ç·¨é›†ç”»é¢ã¸ã®ãƒªãƒ³ã‚¯ãŒå­˜åœ¨ã™ã‚‹
      [31mFailure/Error: expect(page).to have_link '', href: edit_user_path(other_user)[0m
      [31m  expected to find link "" with href "/users/1/edit" but there were no matches[0m
      [36m# ./spec/system/03_finishing_touches_spec.rb:297:in `block (5 levels) in <main>'[0m

  80) [STEP3] ä»•ä¸Šã’ã®ãƒ†ã‚¹ãƒˆ ã‚°ãƒªãƒƒãƒ‰ã‚·ã‚¹ãƒ†ãƒ ã®ãƒ†ã‚¹ãƒˆ: container, row, col-md-ã€‡ã‚’æ­£ã—ãä½¿ãˆã¦ã„ã‚‹ ãƒ¦ãƒ¼ã‚¶ä¸€è¦§ç”»é¢
      [31mFailure/Error: is_expected.to have_selector '.container .row .col-md-3'[0m
      [31m  expected to find css ".container .row .col-md-3" but there were no matches[0m
      [36m# ./spec/system/03_finishing_touches_spec.rb:329:in `block (3 levels) in <main>'[0m

  81) [STEP3] ä»•ä¸Šã’ã®ãƒ†ã‚¹ãƒˆ ã‚°ãƒªãƒƒãƒ‰ã‚·ã‚¹ãƒ†ãƒ ã®ãƒ†ã‚¹ãƒˆ: container, row, col-md-ã€‡ã‚’æ­£ã—ãä½¿ãˆã¦ã„ã‚‹ ãƒ¦ãƒ¼ã‚¶è©³ç´°ç”»é¢
      [31mFailure/Error: is_expected.to have_selector '.container .row .col-md-3'[0m
      [31m  expected to find css ".container .row .col-md-3" but there were no matches[0m
      [36m# ./spec/system/03_finishing_touches_spec.rb:334:in `block (3 levels) in <main>'[0m

  82) [STEP3] ä»•ä¸Šã’ã®ãƒ†ã‚¹ãƒˆ ã‚°ãƒªãƒƒãƒ‰ã‚·ã‚¹ãƒ†ãƒ ã®ãƒ†ã‚¹ãƒˆ: container, row, col-md-ã€‡ã‚’æ­£ã—ãä½¿ãˆã¦ã„ã‚‹ æŠ•ç¨¿ä¸€è¦§ç”»é¢
      [31mFailure/Error: @user = User.find(params[:id])[0m
      [31m[0m
      [31mActiveRecord::RecordNotFound:[0m
      [31m  Couldn't find User without an ID[0m
      [36m# ./app/controllers/books_controller.rb:25:in `index'[0m
      [36m# /home/ec2-user/.rvm/gems/ruby-2.6.3/gems/warden-1.2.9/lib/warden/manager.rb:36:in `block in call'[0m
      [36m# /home/ec2-user/.rvm/gems/ruby-2.6.3/gems/warden-1.2.9/lib/warden/manager.rb:34:in `catch'[0m
      [36m# /home/ec2-user/.rvm/gems/ruby-2.6.3/gems/warden-1.2.9/lib/warden/manager.rb:34:in `call'[0m
      [36m# /home/ec2-user/.rvm/gems/ruby-2.6.3/gems/rack-2.2.3/lib/rack/tempfile_reaper.rb:15:in `call'[0m
      [36m# /home/ec2-user/.rvm/gems/ruby-2.6.3/gems/rack-2.2.3/lib/rack/etag.rb:27:in `call'[0m
      [36m# /home/ec2-user/.rvm/gems/ruby-2.6.3/gems/rack-2.2.3/lib/rack/conditional_get.rb:27:in `call'[0m
      [36m# /home/ec2-user/.rvm/gems/ruby-2.6.3/gems/rack-2.2.3/lib/rack/head.rb:12:in `call'[0m
      [36m# /home/ec2-user/.rvm/gems/ruby-2.6.3/gems/rack-2.2.3/lib/rack/session/abstract/id.rb:266:in `context'[0m
      [36m# /home/ec2-user/.rvm/gems/ruby-2.6.3/gems/rack-2.2.3/lib/rack/session/abstract/id.rb:260:in `call'[0m
      [36m# /home/ec2-user/.rvm/gems/ruby-2.6.3/gems/railties-5.2.4.4/lib/rails/rack/logger.rb:38:in `call_app'[0m
      [36m# /home/ec2-user/.rvm/gems/ruby-2.6.3/gems/railties-5.2.4.4/lib/rails/rack/logger.rb:26:in `block in call'[0m
      [36m# /home/ec2-user/.rvm/gems/ruby-2.6.3/gems/railties-5.2.4.4/lib/rails/rack/logger.rb:26:in `call'[0m
      [36m# /home/ec2-user/.rvm/gems/ruby-2.6.3/gems/rack-2.2.3/lib/rack/method_override.rb:24:in `call'[0m
      [36m# /home/ec2-user/.rvm/gems/ruby-2.6.3/gems/rack-2.2.3/lib/rack/runtime.rb:22:in `call'[0m
      [36m# /home/ec2-user/.rvm/gems/ruby-2.6.3/gems/rack-2.2.3/lib/rack/sendfile.rb:110:in `call'[0m
      [36m# /home/ec2-user/.rvm/gems/ruby-2.6.3/gems/railties-5.2.4.4/lib/rails/engine.rb:524:in `call'[0m
      [36m# /home/ec2-user/.rvm/gems/ruby-2.6.3/gems/rack-2.2.3/lib/rack/urlmap.rb:74:in `block in call'[0m
      [36m# /home/ec2-user/.rvm/gems/ruby-2.6.3/gems/rack-2.2.3/lib/rack/urlmap.rb:58:in `each'[0m
      [36m# /home/ec2-user/.rvm/gems/ruby-2.6.3/gems/rack-2.2.3/lib/rack/urlmap.rb:58:in `call'[0m
      [36m# /home/ec2-user/.rvm/gems/ruby-2.6.3/gems/rack-2.2.3/lib/rack/builder.rb:244:in `call'[0m
      [36m# /home/ec2-user/.rvm/gems/ruby-2.6.3/gems/rack-test-1.1.0/lib/rack/mock_session.rb:29:in `request'[0m
      [36m# /home/ec2-user/.rvm/gems/ruby-2.6.3/gems/rack-test-1.1.0/lib/rack/test.rb:266:in `process_request'[0m
      [36m# /home/ec2-user/.rvm/gems/ruby-2.6.3/gems/rack-test-1.1.0/lib/rack/test.rb:129:in `custom_request'[0m
      [36m# /home/ec2-user/.rvm/gems/ruby-2.6.3/gems/rack-test-1.1.0/lib/rack/test.rb:58:in `get'[0m
      [36m# /home/ec2-user/.rvm/gems/ruby-2.6.3/gems/capybara-3.35.3/lib/capybara/rack_test/browser.rb:72:in `process'[0m
      [36m# /home/ec2-user/.rvm/gems/ruby-2.6.3/gems/capybara-3.35.3/lib/capybara/rack_test/browser.rb:47:in `process_and_follow_redirects'[0m
      [36m# /home/ec2-user/.rvm/gems/ruby-2.6.3/gems/capybara-3.35.3/lib/capybara/rack_test/browser.rb:24:in `visit'[0m
      [36m# /home/ec2-user/.rvm/gems/ruby-2.6.3/gems/capybara-3.35.3/lib/capybara/rack_test/driver.rb:46:in `visit'[0m
      [36m# /home/ec2-user/.rvm/gems/ruby-2.6.3/gems/capybara-3.35.3/lib/capybara/session.rb:278:in `visit'[0m
      [36m# /home/ec2-user/.rvm/gems/ruby-2.6.3/gems/capybara-3.35.3/lib/capybara/dsl.rb:58:in `block (2 levels) in <module:DSL>'[0m
      [36m# ./spec/system/03_finishing_touches_spec.rb:338:in `block (3 levels) in <main>'[0m

  83) [STEP3] ä»•ä¸Šã’ã®ãƒ†ã‚¹ãƒˆ ã‚°ãƒªãƒƒãƒ‰ã‚·ã‚¹ãƒ†ãƒ ã®ãƒ†ã‚¹ãƒˆ: container, row, col-md-ã€‡ã‚’æ­£ã—ãä½¿ãˆã¦ã„ã‚‹ æŠ•ç¨¿è©³ç´°ç”»é¢
      [31mFailure/Error: is_expected.to have_selector '.container .row .col-md-3'[0m
      [31m  expected to find css ".container .row .col-md-3" but there were no matches[0m
      [36m# ./spec/system/03_finishing_touches_spec.rb:344:in `block (3 levels) in <main>'[0m

  84) [STEP3] ä»•ä¸Šã’ã®ãƒ†ã‚¹ãƒˆ ã‚¢ã‚¤ã‚³ãƒ³ã®ãƒ†ã‚¹ãƒˆ ãƒˆãƒƒãƒ—ç”»é¢ æœ¬ã®ã‚¢ã‚¤ã‚³ãƒ³ãŒè¡¨ç¤ºã•ã‚Œã‚‹
      [31mFailure/Error: is_expected.to have_selector '.fas.fa-book'[0m
      [31m  expected to find css ".fas.fa-book" but there were no matches[0m
      [36m# ./spec/system/03_finishing_touches_spec.rb:358:in `block (4 levels) in <main>'[0m

  85) [STEP3] ä»•ä¸Šã’ã®ãƒ†ã‚¹ãƒˆ ã‚¢ã‚¤ã‚³ãƒ³ã®ãƒ†ã‚¹ãƒˆ ã‚¢ãƒã‚¦ãƒˆç”»é¢ æœ¬ã®ã‚¢ã‚¤ã‚³ãƒ³ãŒè¡¨ç¤ºã•ã‚Œã‚‹
      [31mFailure/Error: is_expected.to have_selector '.fas.fa-book'[0m
      [31m  expected to find css ".fas.fa-book" but there were no matches[0m
      [36m# ./spec/system/03_finishing_touches_spec.rb:370:in `block (4 levels) in <main>'[0m

  86) [STEP3] ä»•ä¸Šã’ã®ãƒ†ã‚¹ãƒˆ ã‚¢ã‚¤ã‚³ãƒ³ã®ãƒ†ã‚¹ãƒˆ ãƒ˜ãƒƒãƒ€ãƒ¼: ãƒ­ã‚°ã‚¤ãƒ³ã—ã¦ã„ãªã„å ´åˆ Homeãƒªãƒ³ã‚¯ã®ã‚¢ã‚¤ã‚³ãƒ³ãŒè¡¨ç¤ºã•ã‚Œã‚‹
      [31mFailure/Error: is_expected.to have_selector '.fas.fa-home'[0m
      [31m  expected to find css ".fas.fa-home" but there were no matches[0m
      [36m# ./spec/system/03_finishing_touches_spec.rb:382:in `block (4 levels) in <main>'[0m

  87) [STEP3] ä»•ä¸Šã’ã®ãƒ†ã‚¹ãƒˆ ã‚¢ã‚¤ã‚³ãƒ³ã®ãƒ†ã‚¹ãƒˆ ãƒ˜ãƒƒãƒ€ãƒ¼: ãƒ­ã‚°ã‚¤ãƒ³ã—ã¦ã„ãªã„å ´åˆ Aboutãƒªãƒ³ã‚¯ã®ã‚¢ã‚¤ã‚³ãƒ³ãŒè¡¨ç¤ºã•ã‚Œã‚‹
      [31mFailure/Error: is_expected.to have_selector '.fas.fa-link'[0m
      [31m  expected to find css ".fas.fa-link" but there were no matches[0m
      [36m# ./spec/system/03_finishing_touches_spec.rb:385:in `block (4 levels) in <main>'[0m

  88) [STEP3] ä»•ä¸Šã’ã®ãƒ†ã‚¹ãƒˆ ã‚¢ã‚¤ã‚³ãƒ³ã®ãƒ†ã‚¹ãƒˆ ãƒ˜ãƒƒãƒ€ãƒ¼: ãƒ­ã‚°ã‚¤ãƒ³ã—ã¦ã„ãªã„å ´åˆ sign upãƒªãƒ³ã‚¯ã®ã‚¢ã‚¤ã‚³ãƒ³ãŒè¡¨ç¤ºã•ã‚Œã‚‹
      [31mFailure/Error: is_expected.to have_selector '.fas.fa-user-plus'[0m
      [31m  expected to find css ".fas.fa-user-plus" but there were no matches[0m
      [36m# ./spec/system/03_finishing_touches_spec.rb:388:in `block (4 levels) in <main>'[0m

  89) [STEP3] ä»•ä¸Šã’ã®ãƒ†ã‚¹ãƒˆ ã‚¢ã‚¤ã‚³ãƒ³ã®ãƒ†ã‚¹ãƒˆ ãƒ˜ãƒƒãƒ€ãƒ¼: ãƒ­ã‚°ã‚¤ãƒ³ã—ã¦ã„ãªã„å ´åˆ loginãƒªãƒ³ã‚¯ã®ã‚¢ã‚¤ã‚³ãƒ³ãŒè¡¨ç¤ºã•ã‚Œã‚‹
      [31mFailure/Error: is_expected.to have_selector '.fas.fa-sign-in-alt'[0m
      [31m  expected to find css ".fas.fa-sign-in-alt" but there were no matches[0m
      [36m# ./spec/system/03_finishing_touches_spec.rb:391:in `block (4 levels) in <main>'[0m

  90) [STEP3] ä»•ä¸Šã’ã®ãƒ†ã‚¹ãƒˆ ã‚¢ã‚¤ã‚³ãƒ³ã®ãƒ†ã‚¹ãƒˆ ãƒ˜ãƒƒãƒ€ãƒ¼: ãƒ­ã‚°ã‚¤ãƒ³ã—ã¦ã„ã‚‹å ´åˆ Homeãƒªãƒ³ã‚¯ã®ã‚¢ã‚¤ã‚³ãƒ³ãŒè¡¨ç¤ºã•ã‚Œã‚‹
      [31mFailure/Error: is_expected.to have_selector '.fas.fa-home'[0m
      [31m  expected to find css ".fas.fa-home" but there were no matches[0m
      [36m# ./spec/system/03_finishing_touches_spec.rb:406:in `block (4 levels) in <main>'[0m

  91) [STEP3] ä»•ä¸Šã’ã®ãƒ†ã‚¹ãƒˆ ã‚¢ã‚¤ã‚³ãƒ³ã®ãƒ†ã‚¹ãƒˆ ãƒ˜ãƒƒãƒ€ãƒ¼: ãƒ­ã‚°ã‚¤ãƒ³ã—ã¦ã„ã‚‹å ´åˆ Usersãƒªãƒ³ã‚¯ã®ã‚¢ã‚¤ã‚³ãƒ³ãŒè¡¨ç¤ºã•ã‚Œã‚‹
      [31mFailure/Error: is_expected.to have_selector '.fas.fa-users'[0m
      [31m  expected to find css ".fas.fa-users" but there were no matches[0m
      [36m# ./spec/system/03_finishing_touches_spec.rb:409:in `block (4 levels) in <main>'[0m

  92) [STEP3] ä»•ä¸Šã’ã®ãƒ†ã‚¹ãƒˆ ã‚¢ã‚¤ã‚³ãƒ³ã®ãƒ†ã‚¹ãƒˆ ãƒ˜ãƒƒãƒ€ãƒ¼: ãƒ­ã‚°ã‚¤ãƒ³ã—ã¦ã„ã‚‹å ´åˆ Booksãƒªãƒ³ã‚¯ã®ã‚¢ã‚¤ã‚³ãƒ³ãŒè¡¨ç¤ºã•ã‚Œã‚‹
      [31mFailure/Error: is_expected.to have_selector '.fas.fa-book-open'[0m
      [31m  expected to find css ".fas.fa-book-open" but there were no matches[0m
      [36m# ./spec/system/03_finishing_touches_spec.rb:412:in `block (4 levels) in <main>'[0m

  93) [STEP3] ä»•ä¸Šã’ã®ãƒ†ã‚¹ãƒˆ ã‚¢ã‚¤ã‚³ãƒ³ã®ãƒ†ã‚¹ãƒˆ ãƒ˜ãƒƒãƒ€ãƒ¼: ãƒ­ã‚°ã‚¤ãƒ³ã—ã¦ã„ã‚‹å ´åˆ log outãƒªãƒ³ã‚¯ã®ã‚¢ã‚¤ã‚³ãƒ³ãŒè¡¨ç¤ºã•ã‚Œã‚‹
      [31mFailure/Error: is_expected.to have_selector '.fas.fa-sign-out-alt'[0m
      [31m  expected to find css ".fas.fa-sign-out-alt" but there were no matches[0m
      [36m# ./spec/system/03_finishing_touches_spec.rb:415:in `block (4 levels) in <main>'[0m

  94) [STEP3] ä»•ä¸Šã’ã®ãƒ†ã‚¹ãƒˆ ã‚¢ã‚¤ã‚³ãƒ³ã®ãƒ†ã‚¹ãƒˆ ã‚µã‚¤ãƒ‰ãƒãƒ¼ ãƒ¦ãƒ¼ã‚¶ä¸€è¦§ç”»é¢ã§ãƒ¬ãƒ³ãƒã‚¢ã‚¤ã‚³ãƒ³ãŒè¡¨ç¤ºã•ã‚Œã‚‹
      [31mFailure/Error: is_expected.to have_selector '.fas.fa-user-cog'[0m
      [31m  expected to find css ".fas.fa-user-cog" but there were no matches[0m
      [36m# ./spec/system/03_finishing_touches_spec.rb:431:in `block (4 levels) in <main>'[0m

  95) [STEP3] ä»•ä¸Šã’ã®ãƒ†ã‚¹ãƒˆ ã‚¢ã‚¤ã‚³ãƒ³ã®ãƒ†ã‚¹ãƒˆ ã‚µã‚¤ãƒ‰ãƒãƒ¼ ãƒ¦ãƒ¼ã‚¶è©³ç´°ç”»é¢ã§ãƒ¬ãƒ³ãƒã‚¢ã‚¤ã‚³ãƒ³ãŒè¡¨ç¤ºã•ã‚Œã‚‹
      [31mFailure/Error: is_expected.to have_selector '.fas.fa-user-cog'[0m
      [31m  expected to find css ".fas.fa-user-cog" but there were no matches[0m
      [36m# ./spec/system/03_finishing_touches_spec.rb:435:in `block (4 levels) in <main>'[0m

  96) [STEP3] ä»•ä¸Šã’ã®ãƒ†ã‚¹ãƒˆ ã‚¢ã‚¤ã‚³ãƒ³ã®ãƒ†ã‚¹ãƒˆ ã‚µã‚¤ãƒ‰ãƒãƒ¼ æŠ•ç¨¿ä¸€è¦§ç”»é¢ã§ãƒ¬ãƒ³ãƒã‚¢ã‚¤ã‚³ãƒ³ãŒè¡¨ç¤ºã•ã‚Œã‚‹
      [31mFailure/Error: @user = User.find(params[:id])[0m
      [31m[0m
      [31mActiveRecord::RecordNotFound:[0m
      [31m  Couldn't find User without an ID[0m
      [36m# ./app/controllers/books_controller.rb:25:in `index'[0m
      [36m# /home/ec2-user/.rvm/gems/ruby-2.6.3/gems/warden-1.2.9/lib/warden/manager.rb:36:in `block in call'[0m
      [36m# /home/ec2-user/.rvm/gems/ruby-2.6.3/gems/warden-1.2.9/lib/warden/manager.rb:34:in `catch'[0m
      [36m# /home/ec2-user/.rvm/gems/ruby-2.6.3/gems/warden-1.2.9/lib/warden/manager.rb:34:in `call'[0m
      [36m# /home/ec2-user/.rvm/gems/ruby-2.6.3/gems/rack-2.2.3/lib/rack/tempfile_reaper.rb:15:in `call'[0m
      [36m# /home/ec2-user/.rvm/gems/ruby-2.6.3/gems/rack-2.2.3/lib/rack/etag.rb:27:in `call'[0m
      [36m# /home/ec2-user/.rvm/gems/ruby-2.6.3/gems/rack-2.2.3/lib/rack/conditional_get.rb:27:in `call'[0m
      [36m# /home/ec2-user/.rvm/gems/ruby-2.6.3/gems/rack-2.2.3/lib/rack/head.rb:12:in `call'[0m
      [36m# /home/ec2-user/.rvm/gems/ruby-2.6.3/gems/rack-2.2.3/lib/rack/session/abstract/id.rb:266:in `context'[0m
      [36m# /home/ec2-user/.rvm/gems/ruby-2.6.3/gems/rack-2.2.3/lib/rack/session/abstract/id.rb:260:in `call'[0m
      [36m# /home/ec2-user/.rvm/gems/ruby-2.6.3/gems/railties-5.2.4.4/lib/rails/rack/logger.rb:38:in `call_app'[0m
      [36m# /home/ec2-user/.rvm/gems/ruby-2.6.3/gems/railties-5.2.4.4/lib/rails/rack/logger.rb:26:in `block in call'[0m
      [36m# /home/ec2-user/.rvm/gems/ruby-2.6.3/gems/railties-5.2.4.4/lib/rails/rack/logger.rb:26:in `call'[0m
      [36m# /home/ec2-user/.rvm/gems/ruby-2.6.3/gems/rack-2.2.3/lib/rack/method_override.rb:24:in `call'[0m
      [36m# /home/ec2-user/.rvm/gems/ruby-2.6.3/gems/rack-2.2.3/lib/rack/runtime.rb:22:in `call'[0m
      [36m# /home/ec2-user/.rvm/gems/ruby-2.6.3/gems/rack-2.2.3/lib/rack/sendfile.rb:110:in `call'[0m
      [36m# /home/ec2-user/.rvm/gems/ruby-2.6.3/gems/railties-5.2.4.4/lib/rails/engine.rb:524:in `call'[0m
      [36m# /home/ec2-user/.rvm/gems/ruby-2.6.3/gems/rack-2.2.3/lib/rack/urlmap.rb:74:in `block in call'[0m
      [36m# /home/ec2-user/.rvm/gems/ruby-2.6.3/gems/rack-2.2.3/lib/rack/urlmap.rb:58:in `each'[0m
      [36m# /home/ec2-user/.rvm/gems/ruby-2.6.3/gems/rack-2.2.3/lib/rack/urlmap.rb:58:in `call'[0m
      [36m# /home/ec2-user/.rvm/gems/ruby-2.6.3/gems/rack-2.2.3/lib/rack/builder.rb:244:in `call'[0m
      [36m# /home/ec2-user/.rvm/gems/ruby-2.6.3/gems/rack-test-1.1.0/lib/rack/mock_session.rb:29:in `request'[0m
      [36m# /home/ec2-user/.rvm/gems/ruby-2.6.3/gems/rack-test-1.1.0/lib/rack/test.rb:266:in `process_request'[0m
      [36m# /home/ec2-user/.rvm/gems/ruby-2.6.3/gems/rack-test-1.1.0/lib/rack/test.rb:129:in `custom_request'[0m
      [36m# /home/ec2-user/.rvm/gems/ruby-2.6.3/gems/rack-test-1.1.0/lib/rack/test.rb:58:in `get'[0m
      [36m# /home/ec2-user/.rvm/gems/ruby-2.6.3/gems/capybara-3.35.3/lib/capybara/rack_test/browser.rb:72:in `process'[0m
      [36m# /home/ec2-user/.rvm/gems/ruby-2.6.3/gems/capybara-3.35.3/lib/capybara/rack_test/browser.rb:47:in `process_and_follow_redirects'[0m
      [36m# /home/ec2-user/.rvm/gems/ruby-2.6.3/gems/capybara-3.35.3/lib/capybara/rack_test/browser.rb:24:in `visit'[0m
      [36m# /home/ec2-user/.rvm/gems/ruby-2.6.3/gems/capybara-3.35.3/lib/capybara/rack_test/driver.rb:46:in `visit'[0m
      [36m# /home/ec2-user/.rvm/gems/ruby-2.6.3/gems/capybara-3.35.3/lib/capybara/session.rb:278:in `visit'[0m
      [36m# /home/ec2-user/.rvm/gems/ruby-2.6.3/gems/capybara-3.35.3/lib/capybara/dsl.rb:58:in `block (2 levels) in <module:DSL>'[0m
      [36m# ./spec/system/03_finishing_touches_spec.rb:438:in `block (4 levels) in <main>'[0m

  97) [STEP3] ä»•ä¸Šã’ã®ãƒ†ã‚¹ãƒˆ ã‚¢ã‚¤ã‚³ãƒ³ã®ãƒ†ã‚¹ãƒˆ ã‚µã‚¤ãƒ‰ãƒãƒ¼ æŠ•ç¨¿è©³ç´°ç”»é¢ã§ãƒ¬ãƒ³ãƒã‚¢ã‚¤ã‚³ãƒ³ãŒè¡¨ç¤ºã•ã‚Œã‚‹
      [31mFailure/Error: is_expected.to have_selector '.fas.fa-user-cog'[0m
      [31m  expected to find css ".fas.fa-user-cog" but there were no matches[0m
      [36m# ./spec/system/03_finishing_touches_spec.rb:443:in `block (4 levels) in <main>'[0m

Finished in 14.75 seconds (files took 1.45 seconds to load)
[31m197 examples, 97 failures[0m

Failed examples:

[31mrspec ./spec/system/01_before_login_spec.rb:21[0m [36m# [STEP1] ãƒ¦ãƒ¼ã‚¶ãƒ­ã‚°ã‚¤ãƒ³å‰ã®ãƒ†ã‚¹ãƒˆ ãƒˆãƒƒãƒ—ç”»é¢ã®ãƒ†ã‚¹ãƒˆ è¡¨ç¤ºå†…å®¹ã®ç¢ºèª Sign Upãƒªãƒ³ã‚¯ãŒè¡¨ç¤ºã•ã‚Œã‚‹: å·¦ä¸Šã‹ã‚‰6ç•ªç›®ã®ãƒªãƒ³ã‚¯ãŒã€ŒSign Upã€ã§ã‚ã‚‹[0m
[31mrspec ./spec/system/01_before_login_spec.rb:25[0m [36m# [STEP1] ãƒ¦ãƒ¼ã‚¶ãƒ­ã‚°ã‚¤ãƒ³å‰ã®ãƒ†ã‚¹ãƒˆ ãƒˆãƒƒãƒ—ç”»é¢ã®ãƒ†ã‚¹ãƒˆ è¡¨ç¤ºå†…å®¹ã®ç¢ºèª Sign Upãƒªãƒ³ã‚¯ã®å†…å®¹ãŒæ­£ã—ã„[0m
[31mrspec ./spec/system/01_before_login_spec.rb:53[0m [36m# [STEP1] ãƒ¦ãƒ¼ã‚¶ãƒ­ã‚°ã‚¤ãƒ³å‰ã®ãƒ†ã‚¹ãƒˆ ãƒ˜ãƒƒãƒ€ãƒ¼ã®ãƒ†ã‚¹ãƒˆ: ãƒ­ã‚°ã‚¤ãƒ³ã—ã¦ã„ãªã„å ´åˆ è¡¨ç¤ºå†…å®¹ã®ç¢ºèª Homeãƒªãƒ³ã‚¯ãŒè¡¨ç¤ºã•ã‚Œã‚‹: å·¦ä¸Šã‹ã‚‰1ç•ªç›®ã®ãƒªãƒ³ã‚¯ãŒã€ŒHomeã€ã§ã‚ã‚‹[0m
[31mrspec ./spec/system/01_before_login_spec.rb:57[0m [36m# [STEP1] ãƒ¦ãƒ¼ã‚¶ãƒ­ã‚°ã‚¤ãƒ³å‰ã®ãƒ†ã‚¹ãƒˆ ãƒ˜ãƒƒãƒ€ãƒ¼ã®ãƒ†ã‚¹ãƒˆ: ãƒ­ã‚°ã‚¤ãƒ³ã—ã¦ã„ãªã„å ´åˆ è¡¨ç¤ºå†…å®¹ã®ç¢ºèª Aboutãƒªãƒ³ã‚¯ãŒè¡¨ç¤ºã•ã‚Œã‚‹: å·¦ä¸Šã‹ã‚‰2ç•ªç›®ã®ãƒªãƒ³ã‚¯ãŒã€ŒAboutã€ã§ã‚ã‚‹[0m
[31mrspec ./spec/system/01_before_login_spec.rb:61[0m [36m# [STEP1] ãƒ¦ãƒ¼ã‚¶ãƒ­ã‚°ã‚¤ãƒ³å‰ã®ãƒ†ã‚¹ãƒˆ ãƒ˜ãƒƒãƒ€ãƒ¼ã®ãƒ†ã‚¹ãƒˆ: ãƒ­ã‚°ã‚¤ãƒ³ã—ã¦ã„ãªã„å ´åˆ è¡¨ç¤ºå†…å®¹ã®ç¢ºèª sign upãƒªãƒ³ã‚¯ãŒè¡¨ç¤ºã•ã‚Œã‚‹: å·¦ä¸Šã‹ã‚‰3ç•ªç›®ã®ãƒªãƒ³ã‚¯ãŒã€Œsign upã€ã§ã‚ã‚‹[0m
[31mrspec ./spec/system/01_before_login_spec.rb:65[0m [36m# [STEP1] ãƒ¦ãƒ¼ã‚¶ãƒ­ã‚°ã‚¤ãƒ³å‰ã®ãƒ†ã‚¹ãƒˆ ãƒ˜ãƒƒãƒ€ãƒ¼ã®ãƒ†ã‚¹ãƒˆ: ãƒ­ã‚°ã‚¤ãƒ³ã—ã¦ã„ãªã„å ´åˆ è¡¨ç¤ºå†…å®¹ã®ç¢ºèª loginãƒªãƒ³ã‚¯ãŒè¡¨ç¤ºã•ã‚Œã‚‹: å·¦ä¸Šã‹ã‚‰4ç•ªç›®ã®ãƒªãƒ³ã‚¯ãŒã€Œloginã€ã§ã‚ã‚‹[0m
[31mrspec ./spec/system/01_before_login_spec.rb:74[0m [36m# [STEP1] ãƒ¦ãƒ¼ã‚¶ãƒ­ã‚°ã‚¤ãƒ³å‰ã®ãƒ†ã‚¹ãƒˆ ãƒ˜ãƒƒãƒ€ãƒ¼ã®ãƒ†ã‚¹ãƒˆ: ãƒ­ã‚°ã‚¤ãƒ³ã—ã¦ã„ãªã„å ´åˆ ãƒªãƒ³ã‚¯ã®å†…å®¹ã‚’ç¢ºèª Homeã‚’æŠ¼ã™ã¨ã€ãƒˆãƒƒãƒ—ç”»é¢ã«é·ç§»ã™ã‚‹[0m
[31mrspec ./spec/system/01_before_login_spec.rb:81[0m [36m# [STEP1] ãƒ¦ãƒ¼ã‚¶ãƒ­ã‚°ã‚¤ãƒ³å‰ã®ãƒ†ã‚¹ãƒˆ ãƒ˜ãƒƒãƒ€ãƒ¼ã®ãƒ†ã‚¹ãƒˆ: ãƒ­ã‚°ã‚¤ãƒ³ã—ã¦ã„ãªã„å ´åˆ ãƒªãƒ³ã‚¯ã®å†…å®¹ã‚’ç¢ºèª Aboutã‚’æŠ¼ã™ã¨ã€ã‚¢ãƒã‚¦ãƒˆç”»é¢ã«é·ç§»ã™ã‚‹[0m
[31mrspec ./spec/system/01_before_login_spec.rb:87[0m [36m# [STEP1] ãƒ¦ãƒ¼ã‚¶ãƒ­ã‚°ã‚¤ãƒ³å‰ã®ãƒ†ã‚¹ãƒˆ ãƒ˜ãƒƒãƒ€ãƒ¼ã®ãƒ†ã‚¹ãƒˆ: ãƒ­ã‚°ã‚¤ãƒ³ã—ã¦ã„ãªã„å ´åˆ ãƒªãƒ³ã‚¯ã®å†…å®¹ã‚’ç¢ºèª sign upã‚’æŠ¼ã™ã¨ã€æ–°è¦ç™»éŒ²ç”»é¢ã«é·ç§»ã™ã‚‹[0m
[31mrspec ./spec/system/01_before_login_spec.rb:93[0m [36m# [STEP1] ãƒ¦ãƒ¼ã‚¶ãƒ­ã‚°ã‚¤ãƒ³å‰ã®ãƒ†ã‚¹ãƒˆ ãƒ˜ãƒƒãƒ€ãƒ¼ã®ãƒ†ã‚¹ãƒˆ: ãƒ­ã‚°ã‚¤ãƒ³ã—ã¦ã„ãªã„å ´åˆ ãƒªãƒ³ã‚¯ã®å†…å®¹ã‚’ç¢ºèª loginã‚’æŠ¼ã™ã¨ã€ãƒ­ã‚°ã‚¤ãƒ³ç”»é¢ã«é·ç§»ã™ã‚‹[0m
[31mrspec ./spec/system/01_before_login_spec.rb:213[0m [36m# [STEP1] ãƒ¦ãƒ¼ã‚¶ãƒ­ã‚°ã‚¤ãƒ³å‰ã®ãƒ†ã‚¹ãƒˆ ãƒ˜ãƒƒãƒ€ãƒ¼ã®ãƒ†ã‚¹ãƒˆ: ãƒ­ã‚°ã‚¤ãƒ³ã—ã¦ã„ã‚‹å ´åˆ ãƒ˜ãƒƒãƒ€ãƒ¼ã®è¡¨ç¤ºã‚’ç¢ºèª ã‚¿ã‚¤ãƒˆãƒ«ãŒè¡¨ç¤ºã•ã‚Œã‚‹[0m
[31mrspec ./spec/system/01_before_login_spec.rb:216[0m [36m# [STEP1] ãƒ¦ãƒ¼ã‚¶ãƒ­ã‚°ã‚¤ãƒ³å‰ã®ãƒ†ã‚¹ãƒˆ ãƒ˜ãƒƒãƒ€ãƒ¼ã®ãƒ†ã‚¹ãƒˆ: ãƒ­ã‚°ã‚¤ãƒ³ã—ã¦ã„ã‚‹å ´åˆ ãƒ˜ãƒƒãƒ€ãƒ¼ã®è¡¨ç¤ºã‚’ç¢ºèª Homeãƒªãƒ³ã‚¯ãŒè¡¨ç¤ºã•ã‚Œã‚‹: å·¦ä¸Šã‹ã‚‰1ç•ªç›®ã®ãƒªãƒ³ã‚¯ãŒã€ŒHomeã€ã§ã‚ã‚‹[0m
[31mrspec ./spec/system/01_before_login_spec.rb:220[0m [36m# [STEP1] ãƒ¦ãƒ¼ã‚¶ãƒ­ã‚°ã‚¤ãƒ³å‰ã®ãƒ†ã‚¹ãƒˆ ãƒ˜ãƒƒãƒ€ãƒ¼ã®ãƒ†ã‚¹ãƒˆ: ãƒ­ã‚°ã‚¤ãƒ³ã—ã¦ã„ã‚‹å ´åˆ ãƒ˜ãƒƒãƒ€ãƒ¼ã®è¡¨ç¤ºã‚’ç¢ºèª Usersãƒªãƒ³ã‚¯ãŒè¡¨ç¤ºã•ã‚Œã‚‹: å·¦ä¸Šã‹ã‚‰2ç•ªç›®ã®ãƒªãƒ³ã‚¯ãŒã€ŒUsersã€ã§ã‚ã‚‹[0m
[31mrspec ./spec/system/01_before_login_spec.rb:224[0m [36m# [STEP1] ãƒ¦ãƒ¼ã‚¶ãƒ­ã‚°ã‚¤ãƒ³å‰ã®ãƒ†ã‚¹ãƒˆ ãƒ˜ãƒƒãƒ€ãƒ¼ã®ãƒ†ã‚¹ãƒˆ: ãƒ­ã‚°ã‚¤ãƒ³ã—ã¦ã„ã‚‹å ´åˆ ãƒ˜ãƒƒãƒ€ãƒ¼ã®è¡¨ç¤ºã‚’ç¢ºèª Booksãƒªãƒ³ã‚¯ãŒè¡¨ç¤ºã•ã‚Œã‚‹: å·¦ä¸Šã‹ã‚‰3ç•ªç›®ã®ãƒªãƒ³ã‚¯ãŒã€ŒBooksã€ã§ã‚ã‚‹[0m
[31mrspec ./spec/system/01_before_login_spec.rb:228[0m [36m# [STEP1] ãƒ¦ãƒ¼ã‚¶ãƒ­ã‚°ã‚¤ãƒ³å‰ã®ãƒ†ã‚¹ãƒˆ ãƒ˜ãƒƒãƒ€ãƒ¼ã®ãƒ†ã‚¹ãƒˆ: ãƒ­ã‚°ã‚¤ãƒ³ã—ã¦ã„ã‚‹å ´åˆ ãƒ˜ãƒƒãƒ€ãƒ¼ã®è¡¨ç¤ºã‚’ç¢ºèª log outãƒªãƒ³ã‚¯ãŒè¡¨ç¤ºã•ã‚Œã‚‹: å·¦ä¸Šã‹ã‚‰4ç•ªç›®ã®ãƒªãƒ³ã‚¯ãŒã€Œlogoutã€ã§ã‚ã‚‹[0m
[31mrspec ./spec/system/01_before_login_spec.rb:249[0m [36m# [STEP1] ãƒ¦ãƒ¼ã‚¶ãƒ­ã‚°ã‚¤ãƒ³å‰ã®ãƒ†ã‚¹ãƒˆ ãƒ¦ãƒ¼ã‚¶ãƒ­ã‚°ã‚¢ã‚¦ãƒˆã®ãƒ†ã‚¹ãƒˆ ãƒ­ã‚°ã‚¢ã‚¦ãƒˆæ©Ÿèƒ½ã®ãƒ†ã‚¹ãƒˆ æ­£ã—ããƒ­ã‚°ã‚¢ã‚¦ãƒˆã§ãã¦ã„ã‚‹: ãƒ­ã‚°ã‚¢ã‚¦ãƒˆå¾Œã®ãƒªãƒ€ã‚¤ãƒ¬ã‚¯ãƒˆå…ˆã«ãŠã„ã¦Aboutç”»é¢ã¸ã®ãƒªãƒ³ã‚¯ãŒå­˜åœ¨ã™ã‚‹[0m
[31mrspec ./spec/system/01_before_login_spec.rb:252[0m [36m# [STEP1] ãƒ¦ãƒ¼ã‚¶ãƒ­ã‚°ã‚¤ãƒ³å‰ã®ãƒ†ã‚¹ãƒˆ ãƒ¦ãƒ¼ã‚¶ãƒ­ã‚°ã‚¢ã‚¦ãƒˆã®ãƒ†ã‚¹ãƒˆ ãƒ­ã‚°ã‚¢ã‚¦ãƒˆæ©Ÿèƒ½ã®ãƒ†ã‚¹ãƒˆ ãƒ­ã‚°ã‚¢ã‚¦ãƒˆå¾Œã®ãƒªãƒ€ã‚¤ãƒ¬ã‚¯ãƒˆå…ˆãŒã€ãƒˆãƒƒãƒ—ã«ãªã£ã¦ã„ã‚‹[0m
[31mrspec ./spec/system/02_after_login_spec.rb:20[0m [36m# [STEP2] ãƒ¦ãƒ¼ã‚¶ãƒ­ã‚°ã‚¤ãƒ³å¾Œã®ãƒ†ã‚¹ãƒˆ ãƒ˜ãƒƒãƒ€ãƒ¼ã®ãƒ†ã‚¹ãƒˆ: ãƒ­ã‚°ã‚¤ãƒ³ã—ã¦ã„ã‚‹å ´åˆ ãƒªãƒ³ã‚¯ã®å†…å®¹ã‚’ç¢ºèª: â€»logoutã¯ã€ãƒ¦ãƒ¼ã‚¶ãƒ­ã‚°ã‚¢ã‚¦ãƒˆã®ãƒ†ã‚¹ãƒˆã€ã§ãƒ†ã‚¹ãƒˆæ¸ˆã¿ã«ãªã‚Šã¾ã™ã€‚ Homeã‚’æŠ¼ã™ã¨ã€è‡ªåˆ†ã®ãƒ¦ãƒ¼ã‚¶è©³ç´°ç”»é¢ã«é·ç§»ã™ã‚‹[0m
[31mrspec ./spec/system/02_after_login_spec.rb:26[0m [36m# [STEP2] ãƒ¦ãƒ¼ã‚¶ãƒ­ã‚°ã‚¤ãƒ³å¾Œã®ãƒ†ã‚¹ãƒˆ ãƒ˜ãƒƒãƒ€ãƒ¼ã®ãƒ†ã‚¹ãƒˆ: ãƒ­ã‚°ã‚¤ãƒ³ã—ã¦ã„ã‚‹å ´åˆ ãƒªãƒ³ã‚¯ã®å†…å®¹ã‚’ç¢ºèª: â€»logoutã¯ã€ãƒ¦ãƒ¼ã‚¶ãƒ­ã‚°ã‚¢ã‚¦ãƒˆã®ãƒ†ã‚¹ãƒˆã€ã§ãƒ†ã‚¹ãƒˆæ¸ˆã¿ã«ãªã‚Šã¾ã™ã€‚ Usersã‚’æŠ¼ã™ã¨ã€ãƒ¦ãƒ¼ã‚¶ä¸€è¦§ç”»é¢ã«é·ç§»ã™ã‚‹[0m
[31mrspec ./spec/system/02_after_login_spec.rb:32[0m [36m# [STEP2] ãƒ¦ãƒ¼ã‚¶ãƒ­ã‚°ã‚¤ãƒ³å¾Œã®ãƒ†ã‚¹ãƒˆ ãƒ˜ãƒƒãƒ€ãƒ¼ã®ãƒ†ã‚¹ãƒˆ: ãƒ­ã‚°ã‚¤ãƒ³ã—ã¦ã„ã‚‹å ´åˆ ãƒªãƒ³ã‚¯ã®å†…å®¹ã‚’ç¢ºèª: â€»logoutã¯ã€ãƒ¦ãƒ¼ã‚¶ãƒ­ã‚°ã‚¢ã‚¦ãƒˆã®ãƒ†ã‚¹ãƒˆã€ã§ãƒ†ã‚¹ãƒˆæ¸ˆã¿ã«ãªã‚Šã¾ã™ã€‚ Booksã‚’æŠ¼ã™ã¨ã€æŠ•ç¨¿ä¸€è¦§ç”»é¢ã«é·ç§»ã™ã‚‹[0m
[31mrspec ./spec/system/02_after_login_spec.rb:47[0m [36m# [STEP2] ãƒ¦ãƒ¼ã‚¶ãƒ­ã‚°ã‚¤ãƒ³å¾Œã®ãƒ†ã‚¹ãƒˆ æŠ•ç¨¿ä¸€è¦§ç”»é¢ã®ãƒ†ã‚¹ãƒˆ è¡¨ç¤ºå†…å®¹ã®ç¢ºèª URLãŒæ­£ã—ã„[0m
[31mrspec ./spec/system/02_after_login_spec.rb:50[0m [36m# [STEP2] ãƒ¦ãƒ¼ã‚¶ãƒ­ã‚°ã‚¤ãƒ³å¾Œã®ãƒ†ã‚¹ãƒˆ æŠ•ç¨¿ä¸€è¦§ç”»é¢ã®ãƒ†ã‚¹ãƒˆ è¡¨ç¤ºå†…å®¹ã®ç¢ºèª è‡ªåˆ†ã¨ä»–äººã®ç”»åƒã®ãƒªãƒ³ã‚¯å…ˆãŒæ­£ã—ã„[0m
[31mrspec ./spec/system/02_after_login_spec.rb:54[0m [36m# [STEP2] ãƒ¦ãƒ¼ã‚¶ãƒ­ã‚°ã‚¤ãƒ³å¾Œã®ãƒ†ã‚¹ãƒˆ æŠ•ç¨¿ä¸€è¦§ç”»é¢ã®ãƒ†ã‚¹ãƒˆ è¡¨ç¤ºå†…å®¹ã®ç¢ºèª è‡ªåˆ†ã®æŠ•ç¨¿ã¨ä»–äººã®æŠ•ç¨¿ã®ã‚¿ã‚¤ãƒˆãƒ«ã®ãƒªãƒ³ã‚¯å…ˆãŒãã‚Œãã‚Œæ­£ã—ã„[0m
[31mrspec ./spec/system/02_after_login_spec.rb:58[0m [36m# [STEP2] ãƒ¦ãƒ¼ã‚¶ãƒ­ã‚°ã‚¤ãƒ³å¾Œã®ãƒ†ã‚¹ãƒˆ æŠ•ç¨¿ä¸€è¦§ç”»é¢ã®ãƒ†ã‚¹ãƒˆ è¡¨ç¤ºå†…å®¹ã®ç¢ºèª è‡ªåˆ†ã®æŠ•ç¨¿ã¨ä»–äººã®æŠ•ç¨¿ã®ã‚ªãƒ”ãƒ‹ã‚ªãƒ³ãŒè¡¨ç¤ºã•ã‚Œã‚‹[0m
[31mrspec ./spec/system/02_after_login_spec.rb:65[0m [36m# [STEP2] ãƒ¦ãƒ¼ã‚¶ãƒ­ã‚°ã‚¤ãƒ³å¾Œã®ãƒ†ã‚¹ãƒˆ æŠ•ç¨¿ä¸€è¦§ç”»é¢ã®ãƒ†ã‚¹ãƒˆ ã‚µã‚¤ãƒ‰ãƒãƒ¼ã®ç¢ºèª è‡ªåˆ†ã®åå‰ã¨ç´¹ä»‹æ–‡ãŒè¡¨ç¤ºã•ã‚Œã‚‹[0m
[31mrspec ./spec/system/02_after_login_spec.rb:69[0m [36m# [STEP2] ãƒ¦ãƒ¼ã‚¶ãƒ­ã‚°ã‚¤ãƒ³å¾Œã®ãƒ†ã‚¹ãƒˆ æŠ•ç¨¿ä¸€è¦§ç”»é¢ã®ãƒ†ã‚¹ãƒˆ ã‚µã‚¤ãƒ‰ãƒãƒ¼ã®ç¢ºèª è‡ªåˆ†ã®ãƒ¦ãƒ¼ã‚¶ç·¨é›†ç”»é¢ã¸ã®ãƒªãƒ³ã‚¯ãŒå­˜åœ¨ã™ã‚‹[0m
[31mrspec ./spec/system/02_after_login_spec.rb:72[0m [36m# [STEP2] ãƒ¦ãƒ¼ã‚¶ãƒ­ã‚°ã‚¤ãƒ³å¾Œã®ãƒ†ã‚¹ãƒˆ æŠ•ç¨¿ä¸€è¦§ç”»é¢ã®ãƒ†ã‚¹ãƒˆ ã‚µã‚¤ãƒ‰ãƒãƒ¼ã®ç¢ºèª ã€ŒNew bookã€ã¨è¡¨ç¤ºã•ã‚Œã‚‹[0m
[31mrspec ./spec/system/02_after_login_spec.rb:75[0m [36m# [STEP2] ãƒ¦ãƒ¼ã‚¶ãƒ­ã‚°ã‚¤ãƒ³å¾Œã®ãƒ†ã‚¹ãƒˆ æŠ•ç¨¿ä¸€è¦§ç”»é¢ã®ãƒ†ã‚¹ãƒˆ ã‚µã‚¤ãƒ‰ãƒãƒ¼ã®ç¢ºèª titleãƒ•ã‚©ãƒ¼ãƒ ãŒè¡¨ç¤ºã•ã‚Œã‚‹[0m
[31mrspec ./spec/system/02_after_login_spec.rb:78[0m [36m# [STEP2] ãƒ¦ãƒ¼ã‚¶ãƒ­ã‚°ã‚¤ãƒ³å¾Œã®ãƒ†ã‚¹ãƒˆ æŠ•ç¨¿ä¸€è¦§ç”»é¢ã®ãƒ†ã‚¹ãƒˆ ã‚µã‚¤ãƒ‰ãƒãƒ¼ã®ç¢ºèª titleãƒ•ã‚©ãƒ¼ãƒ ã«å€¤ãŒå…¥ã£ã¦ã„ãªã„[0m
[31mrspec ./spec/system/02_after_login_spec.rb:81[0m [36m# [STEP2] ãƒ¦ãƒ¼ã‚¶ãƒ­ã‚°ã‚¤ãƒ³å¾Œã®ãƒ†ã‚¹ãƒˆ æŠ•ç¨¿ä¸€è¦§ç”»é¢ã®ãƒ†ã‚¹ãƒˆ ã‚µã‚¤ãƒ‰ãƒãƒ¼ã®ç¢ºèª opinionãƒ•ã‚©ãƒ¼ãƒ ãŒè¡¨ç¤ºã•ã‚Œã‚‹[0m
[31mrspec ./spec/system/02_after_login_spec.rb:84[0m [36m# [STEP2] ãƒ¦ãƒ¼ã‚¶ãƒ­ã‚°ã‚¤ãƒ³å¾Œã®ãƒ†ã‚¹ãƒˆ æŠ•ç¨¿ä¸€è¦§ç”»é¢ã®ãƒ†ã‚¹ãƒˆ ã‚µã‚¤ãƒ‰ãƒãƒ¼ã®ç¢ºèª opinionãƒ•ã‚©ãƒ¼ãƒ ã«å€¤ãŒå…¥ã£ã¦ã„ãªã„[0m
[31mrspec ./spec/system/02_after_login_spec.rb:87[0m [36m# [STEP2] ãƒ¦ãƒ¼ã‚¶ãƒ­ã‚°ã‚¤ãƒ³å¾Œã®ãƒ†ã‚¹ãƒˆ æŠ•ç¨¿ä¸€è¦§ç”»é¢ã®ãƒ†ã‚¹ãƒˆ ã‚µã‚¤ãƒ‰ãƒãƒ¼ã®ç¢ºèª Create Bookãƒœã‚¿ãƒ³ãŒè¡¨ç¤ºã•ã‚Œã‚‹[0m
[31mrspec ./spec/system/02_after_login_spec.rb:98[0m [36m# [STEP2] ãƒ¦ãƒ¼ã‚¶ãƒ­ã‚°ã‚¤ãƒ³å¾Œã®ãƒ†ã‚¹ãƒˆ æŠ•ç¨¿ä¸€è¦§ç”»é¢ã®ãƒ†ã‚¹ãƒˆ æŠ•ç¨¿æˆåŠŸã®ãƒ†ã‚¹ãƒˆ è‡ªåˆ†ã®æ–°ã—ã„æŠ•ç¨¿ãŒæ­£ã—ãä¿å­˜ã•ã‚Œã‚‹[0m
[31mrspec ./spec/system/02_after_login_spec.rb:101[0m [36m# [STEP2] ãƒ¦ãƒ¼ã‚¶ãƒ­ã‚°ã‚¤ãƒ³å¾Œã®ãƒ†ã‚¹ãƒˆ æŠ•ç¨¿ä¸€è¦§ç”»é¢ã®ãƒ†ã‚¹ãƒˆ æŠ•ç¨¿æˆåŠŸã®ãƒ†ã‚¹ãƒˆ ãƒªãƒ€ã‚¤ãƒ¬ã‚¯ãƒˆå…ˆãŒã€ä¿å­˜ã§ããŸæŠ•ç¨¿ã®è©³ç´°ç”»é¢ã«ãªã£ã¦ã„ã‚‹[0m
[31mrspec ./spec/system/02_after_login_spec.rb:117[0m [36m# [STEP2] ãƒ¦ãƒ¼ã‚¶ãƒ­ã‚°ã‚¤ãƒ³å¾Œã®ãƒ†ã‚¹ãƒˆ è‡ªåˆ†ã®æŠ•ç¨¿è©³ç´°ç”»é¢ã®ãƒ†ã‚¹ãƒˆ è¡¨ç¤ºå†…å®¹ã®ç¢ºèª ã€ŒBook detailã€ã¨è¡¨ç¤ºã•ã‚Œã‚‹[0m
[31mrspec ./spec/system/02_after_login_spec.rb:138[0m [36m# [STEP2] ãƒ¦ãƒ¼ã‚¶ãƒ­ã‚°ã‚¤ãƒ³å¾Œã®ãƒ†ã‚¹ãƒˆ è‡ªåˆ†ã®æŠ•ç¨¿è©³ç´°ç”»é¢ã®ãƒ†ã‚¹ãƒˆ ã‚µã‚¤ãƒ‰ãƒãƒ¼ã®ç¢ºèª è‡ªåˆ†ã®åå‰ã¨ç´¹ä»‹æ–‡ãŒè¡¨ç¤ºã•ã‚Œã‚‹[0m
[31mrspec ./spec/system/02_after_login_spec.rb:142[0m [36m# [STEP2] ãƒ¦ãƒ¼ã‚¶ãƒ­ã‚°ã‚¤ãƒ³å¾Œã®ãƒ†ã‚¹ãƒˆ è‡ªåˆ†ã®æŠ•ç¨¿è©³ç´°ç”»é¢ã®ãƒ†ã‚¹ãƒˆ ã‚µã‚¤ãƒ‰ãƒãƒ¼ã®ç¢ºèª è‡ªåˆ†ã®ãƒ¦ãƒ¼ã‚¶ç·¨é›†ç”»é¢ã¸ã®ãƒªãƒ³ã‚¯ãŒå­˜åœ¨ã™ã‚‹[0m
[31mrspec ./spec/system/02_after_login_spec.rb:145[0m [36m# [STEP2] ãƒ¦ãƒ¼ã‚¶ãƒ­ã‚°ã‚¤ãƒ³å¾Œã®ãƒ†ã‚¹ãƒˆ è‡ªåˆ†ã®æŠ•ç¨¿è©³ç´°ç”»é¢ã®ãƒ†ã‚¹ãƒˆ ã‚µã‚¤ãƒ‰ãƒãƒ¼ã®ç¢ºèª ã€ŒNew bookã€ã¨è¡¨ç¤ºã•ã‚Œã‚‹[0m
[31mrspec ./spec/system/02_after_login_spec.rb:148[0m [36m# [STEP2] ãƒ¦ãƒ¼ã‚¶ãƒ­ã‚°ã‚¤ãƒ³å¾Œã®ãƒ†ã‚¹ãƒˆ è‡ªåˆ†ã®æŠ•ç¨¿è©³ç´°ç”»é¢ã®ãƒ†ã‚¹ãƒˆ ã‚µã‚¤ãƒ‰ãƒãƒ¼ã®ç¢ºèª titleãƒ•ã‚©ãƒ¼ãƒ ãŒè¡¨ç¤ºã•ã‚Œã‚‹[0m
[31mrspec ./spec/system/02_after_login_spec.rb:151[0m [36m# [STEP2] ãƒ¦ãƒ¼ã‚¶ãƒ­ã‚°ã‚¤ãƒ³å¾Œã®ãƒ†ã‚¹ãƒˆ è‡ªåˆ†ã®æŠ•ç¨¿è©³ç´°ç”»é¢ã®ãƒ†ã‚¹ãƒˆ ã‚µã‚¤ãƒ‰ãƒãƒ¼ã®ç¢ºèª titleãƒ•ã‚©ãƒ¼ãƒ ã«å€¤ãŒå…¥ã£ã¦ã„ãªã„[0m
[31mrspec ./spec/system/02_after_login_spec.rb:154[0m [36m# [STEP2] ãƒ¦ãƒ¼ã‚¶ãƒ­ã‚°ã‚¤ãƒ³å¾Œã®ãƒ†ã‚¹ãƒˆ è‡ªåˆ†ã®æŠ•ç¨¿è©³ç´°ç”»é¢ã®ãƒ†ã‚¹ãƒˆ ã‚µã‚¤ãƒ‰ãƒãƒ¼ã®ç¢ºèª opinionãƒ•ã‚©ãƒ¼ãƒ ãŒè¡¨ç¤ºã•ã‚Œã‚‹[0m
[31mrspec ./spec/system/02_after_login_spec.rb:157[0m [36m# [STEP2] ãƒ¦ãƒ¼ã‚¶ãƒ­ã‚°ã‚¤ãƒ³å¾Œã®ãƒ†ã‚¹ãƒˆ è‡ªåˆ†ã®æŠ•ç¨¿è©³ç´°ç”»é¢ã®ãƒ†ã‚¹ãƒˆ ã‚µã‚¤ãƒ‰ãƒãƒ¼ã®ç¢ºèª opinionãƒ•ã‚©ãƒ¼ãƒ ã«å€¤ãŒå…¥ã£ã¦ã„ãªã„[0m
[31mrspec ./spec/system/02_after_login_spec.rb:160[0m [36m# [STEP2] ãƒ¦ãƒ¼ã‚¶ãƒ­ã‚°ã‚¤ãƒ³å¾Œã®ãƒ†ã‚¹ãƒˆ è‡ªåˆ†ã®æŠ•ç¨¿è©³ç´°ç”»é¢ã®ãƒ†ã‚¹ãƒˆ ã‚µã‚¤ãƒ‰ãƒãƒ¼ã®ç¢ºèª Create Bookãƒœã‚¿ãƒ³ãŒè¡¨ç¤ºã•ã‚Œã‚‹[0m
[31mrspec ./spec/system/02_after_login_spec.rb:171[0m [36m# [STEP2] ãƒ¦ãƒ¼ã‚¶ãƒ­ã‚°ã‚¤ãƒ³å¾Œã®ãƒ†ã‚¹ãƒˆ è‡ªåˆ†ã®æŠ•ç¨¿è©³ç´°ç”»é¢ã®ãƒ†ã‚¹ãƒˆ æŠ•ç¨¿æˆåŠŸã®ãƒ†ã‚¹ãƒˆ è‡ªåˆ†ã®æ–°ã—ã„æŠ•ç¨¿ãŒæ­£ã—ãä¿å­˜ã•ã‚Œã‚‹[0m
[31mrspec ./spec/system/02_after_login_spec.rb:188[0m [36m# [STEP2] ãƒ¦ãƒ¼ã‚¶ãƒ­ã‚°ã‚¤ãƒ³å¾Œã®ãƒ†ã‚¹ãƒˆ è‡ªåˆ†ã®æŠ•ç¨¿è©³ç´°ç”»é¢ã®ãƒ†ã‚¹ãƒˆ å‰Šé™¤ãƒªãƒ³ã‚¯ã®ãƒ†ã‚¹ãƒˆ æ­£ã—ãå‰Šé™¤ã•ã‚Œã‚‹[0m
[31mrspec ./spec/system/02_after_login_spec.rb:191[0m [36m# [STEP2] ãƒ¦ãƒ¼ã‚¶ãƒ­ã‚°ã‚¤ãƒ³å¾Œã®ãƒ†ã‚¹ãƒˆ è‡ªåˆ†ã®æŠ•ç¨¿è©³ç´°ç”»é¢ã®ãƒ†ã‚¹ãƒˆ å‰Šé™¤ãƒªãƒ³ã‚¯ã®ãƒ†ã‚¹ãƒˆ ãƒªãƒ€ã‚¤ãƒ¬ã‚¯ãƒˆå…ˆãŒã€æŠ•ç¨¿ä¸€è¦§ç”»é¢ã«ãªã£ã¦ã„ã‚‹[0m
[31mrspec ./spec/system/02_after_login_spec.rb:206[0m [36m# [STEP2] ãƒ¦ãƒ¼ã‚¶ãƒ­ã‚°ã‚¤ãƒ³å¾Œã®ãƒ†ã‚¹ãƒˆ è‡ªåˆ†ã®æŠ•ç¨¿ç·¨é›†ç”»é¢ã®ãƒ†ã‚¹ãƒˆ è¡¨ç¤ºã®ç¢ºèª ã€ŒEditing Bookã€ã¨è¡¨ç¤ºã•ã‚Œã‚‹[0m
[31mrspec ./spec/system/02_after_login_spec.rb:215[0m [36m# [STEP2] ãƒ¦ãƒ¼ã‚¶ãƒ­ã‚°ã‚¤ãƒ³å¾Œã®ãƒ†ã‚¹ãƒˆ è‡ªåˆ†ã®æŠ•ç¨¿ç·¨é›†ç”»é¢ã®ãƒ†ã‚¹ãƒˆ è¡¨ç¤ºã®ç¢ºèª Update Bookãƒœã‚¿ãƒ³ãŒè¡¨ç¤ºã•ã‚Œã‚‹[0m
[31mrspec ./spec/system/02_after_login_spec.rb:218[0m [36m# [STEP2] ãƒ¦ãƒ¼ã‚¶ãƒ­ã‚°ã‚¤ãƒ³å¾Œã®ãƒ†ã‚¹ãƒˆ è‡ªåˆ†ã®æŠ•ç¨¿ç·¨é›†ç”»é¢ã®ãƒ†ã‚¹ãƒˆ è¡¨ç¤ºã®ç¢ºèª Showãƒªãƒ³ã‚¯ãŒè¡¨ç¤ºã•ã‚Œã‚‹[0m
[31mrspec ./spec/system/02_after_login_spec.rb:221[0m [36m# [STEP2] ãƒ¦ãƒ¼ã‚¶ãƒ­ã‚°ã‚¤ãƒ³å¾Œã®ãƒ†ã‚¹ãƒˆ è‡ªåˆ†ã®æŠ•ç¨¿ç·¨é›†ç”»é¢ã®ãƒ†ã‚¹ãƒˆ è¡¨ç¤ºã®ç¢ºèª Backãƒªãƒ³ã‚¯ãŒè¡¨ç¤ºã•ã‚Œã‚‹[0m
[31mrspec ./spec/system/02_after_login_spec.rb:235[0m [36m# [STEP2] ãƒ¦ãƒ¼ã‚¶ãƒ­ã‚°ã‚¤ãƒ³å¾Œã®ãƒ†ã‚¹ãƒˆ è‡ªåˆ†ã®æŠ•ç¨¿ç·¨é›†ç”»é¢ã®ãƒ†ã‚¹ãƒˆ ç·¨é›†æˆåŠŸã®ãƒ†ã‚¹ãƒˆ titleãŒæ­£ã—ãæ›´æ–°ã•ã‚Œã‚‹[0m
[31mrspec ./spec/system/02_after_login_spec.rb:238[0m [36m# [STEP2] ãƒ¦ãƒ¼ã‚¶ãƒ­ã‚°ã‚¤ãƒ³å¾Œã®ãƒ†ã‚¹ãƒˆ è‡ªåˆ†ã®æŠ•ç¨¿ç·¨é›†ç”»é¢ã®ãƒ†ã‚¹ãƒˆ ç·¨é›†æˆåŠŸã®ãƒ†ã‚¹ãƒˆ bodyãŒæ­£ã—ãæ›´æ–°ã•ã‚Œã‚‹[0m
[31mrspec ./spec/system/02_after_login_spec.rb:241[0m [36m# [STEP2] ãƒ¦ãƒ¼ã‚¶ãƒ­ã‚°ã‚¤ãƒ³å¾Œã®ãƒ†ã‚¹ãƒˆ è‡ªåˆ†ã®æŠ•ç¨¿ç·¨é›†ç”»é¢ã®ãƒ†ã‚¹ãƒˆ ç·¨é›†æˆåŠŸã®ãƒ†ã‚¹ãƒˆ ãƒªãƒ€ã‚¤ãƒ¬ã‚¯ãƒˆå…ˆãŒã€æ›´æ–°ã—ãŸæŠ•ç¨¿ã®è©³ç´°ç”»é¢ã«ãªã£ã¦ã„ã‚‹[0m
[31mrspec ./spec/system/02_after_login_spec.rb:278[0m [36m# [STEP2] ãƒ¦ãƒ¼ã‚¶ãƒ­ã‚°ã‚¤ãƒ³å¾Œã®ãƒ†ã‚¹ãƒˆ ãƒ¦ãƒ¼ã‚¶ä¸€è¦§ç”»é¢ã®ãƒ†ã‚¹ãƒˆ ã‚µã‚¤ãƒ‰ãƒãƒ¼ã®ç¢ºèª ã€ŒNew bookã€ã¨è¡¨ç¤ºã•ã‚Œã‚‹[0m
[31mrspec ./spec/system/02_after_login_spec.rb:332[0m [36m# [STEP2] ãƒ¦ãƒ¼ã‚¶ãƒ­ã‚°ã‚¤ãƒ³å¾Œã®ãƒ†ã‚¹ãƒˆ è‡ªåˆ†ã®ãƒ¦ãƒ¼ã‚¶è©³ç´°ç”»é¢ã®ãƒ†ã‚¹ãƒˆ ã‚µã‚¤ãƒ‰ãƒãƒ¼ã®ç¢ºèª ã€ŒNew bookã€ã¨è¡¨ç¤ºã•ã‚Œã‚‹[0m
[31mrspec ./spec/system/02_after_login_spec.rb:371[0m [36m# [STEP2] ãƒ¦ãƒ¼ã‚¶ãƒ­ã‚°ã‚¤ãƒ³å¾Œã®ãƒ†ã‚¹ãƒˆ è‡ªåˆ†ã®ãƒ¦ãƒ¼ã‚¶æƒ…å ±ç·¨é›†ç”»é¢ã®ãƒ†ã‚¹ãƒˆ è¡¨ç¤ºã®ç¢ºèª Update Userãƒœã‚¿ãƒ³ãŒè¡¨ç¤ºã•ã‚Œã‚‹[0m
[31mrspec ./spec/system/02_after_login_spec.rb:385[0m [36m# [STEP2] ãƒ¦ãƒ¼ã‚¶ãƒ­ã‚°ã‚¤ãƒ³å¾Œã®ãƒ†ã‚¹ãƒˆ è‡ªåˆ†ã®ãƒ¦ãƒ¼ã‚¶æƒ…å ±ç·¨é›†ç”»é¢ã®ãƒ†ã‚¹ãƒˆ æ›´æ–°æˆåŠŸã®ãƒ†ã‚¹ãƒˆ nameãŒæ­£ã—ãæ›´æ–°ã•ã‚Œã‚‹[0m
[31mrspec ./spec/system/02_after_login_spec.rb:388[0m [36m# [STEP2] ãƒ¦ãƒ¼ã‚¶ãƒ­ã‚°ã‚¤ãƒ³å¾Œã®ãƒ†ã‚¹ãƒˆ è‡ªåˆ†ã®ãƒ¦ãƒ¼ã‚¶æƒ…å ±ç·¨é›†ç”»é¢ã®ãƒ†ã‚¹ãƒˆ æ›´æ–°æˆåŠŸã®ãƒ†ã‚¹ãƒˆ introductionãŒæ­£ã—ãæ›´æ–°ã•ã‚Œã‚‹[0m
[31mrspec ./spec/system/02_after_login_spec.rb:391[0m [36m# [STEP2] ãƒ¦ãƒ¼ã‚¶ãƒ­ã‚°ã‚¤ãƒ³å¾Œã®ãƒ†ã‚¹ãƒˆ è‡ªåˆ†ã®ãƒ¦ãƒ¼ã‚¶æƒ…å ±ç·¨é›†ç”»é¢ã®ãƒ†ã‚¹ãƒˆ æ›´æ–°æˆåŠŸã®ãƒ†ã‚¹ãƒˆ ãƒªãƒ€ã‚¤ãƒ¬ã‚¯ãƒˆå…ˆãŒã€è‡ªåˆ†ã®ãƒ¦ãƒ¼ã‚¶è©³ç´°ç”»é¢ã«ãªã£ã¦ã„ã‚‹[0m
[31mrspec ./spec/system/03_finishing_touches_spec.rb:28[0m [36m# [STEP3] ä»•ä¸Šã’ã®ãƒ†ã‚¹ãƒˆ ã‚µã‚¯ã‚»ã‚¹ãƒ¡ãƒƒã‚»ãƒ¼ã‚¸ã®ãƒ†ã‚¹ãƒˆ ãƒ¦ãƒ¼ã‚¶ãƒ­ã‚°ã‚¢ã‚¦ãƒˆæˆåŠŸæ™‚[0m
[31mrspec ./spec/system/03_finishing_touches_spec.rb:38[0m [36m# [STEP3] ä»•ä¸Šã’ã®ãƒ†ã‚¹ãƒˆ ã‚µã‚¯ã‚»ã‚¹ãƒ¡ãƒƒã‚»ãƒ¼ã‚¸ã®ãƒ†ã‚¹ãƒˆ ãƒ¦ãƒ¼ã‚¶ã®ãƒ—ãƒ­ãƒ•ã‚£ãƒ¼ãƒ«æƒ…å ±æ›´æ–°æˆåŠŸæ™‚[0m
[31mrspec ./spec/system/03_finishing_touches_spec.rb:47[0m [36m# [STEP3] ä»•ä¸Šã’ã®ãƒ†ã‚¹ãƒˆ ã‚µã‚¯ã‚»ã‚¹ãƒ¡ãƒƒã‚»ãƒ¼ã‚¸ã®ãƒ†ã‚¹ãƒˆ æŠ•ç¨¿ãƒ‡ãƒ¼ã‚¿ã®æ–°è¦æŠ•ç¨¿æˆåŠŸæ™‚: æŠ•ç¨¿ä¸€è¦§ç”»é¢ã‹ã‚‰è¡Œã„ã¾ã™ã€‚[0m
[31mrspec ./spec/system/03_finishing_touches_spec.rb:58[0m [36m# [STEP3] ä»•ä¸Šã’ã®ãƒ†ã‚¹ãƒˆ ã‚µã‚¯ã‚»ã‚¹ãƒ¡ãƒƒã‚»ãƒ¼ã‚¸ã®ãƒ†ã‚¹ãƒˆ æŠ•ç¨¿ãƒ‡ãƒ¼ã‚¿ã®æ›´æ–°æˆåŠŸæ™‚[0m
[31mrspec ./spec/system/03_finishing_touches_spec.rb:109[0m [36m# [STEP3] ä»•ä¸Šã’ã®ãƒ†ã‚¹ãƒˆ å‡¦ç†å¤±æ•—æ™‚ã®ãƒ†ã‚¹ãƒˆ ãƒ¦ãƒ¼ã‚¶ã®ãƒ—ãƒ­ãƒ•ã‚£ãƒ¼ãƒ«æƒ…å ±ç·¨é›†å¤±æ•—: nameã‚’1æ–‡å­—ã«ã™ã‚‹ æ›´æ–°ã•ã‚Œãªã„[0m
[31mrspec ./spec/system/03_finishing_touches_spec.rb:112[0m [36m# [STEP3] ä»•ä¸Šã’ã®ãƒ†ã‚¹ãƒˆ å‡¦ç†å¤±æ•—æ™‚ã®ãƒ†ã‚¹ãƒˆ ãƒ¦ãƒ¼ã‚¶ã®ãƒ—ãƒ­ãƒ•ã‚£ãƒ¼ãƒ«æƒ…å ±ç·¨é›†å¤±æ•—: nameã‚’1æ–‡å­—ã«ã™ã‚‹ ãƒ¦ãƒ¼ã‚¶ç·¨é›†ç”»é¢ã‚’è¡¨ç¤ºã—ã¦ãŠã‚Šã€ãƒ•ã‚©ãƒ¼ãƒ ã®å†…å®¹ãŒæ­£ã—ã„[0m
[31mrspec ./spec/system/03_finishing_touches_spec.rb:115[0m [36m# [STEP3] ä»•ä¸Šã’ã®ãƒ†ã‚¹ãƒˆ å‡¦ç†å¤±æ•—æ™‚ã®ãƒ†ã‚¹ãƒˆ ãƒ¦ãƒ¼ã‚¶ã®ãƒ—ãƒ­ãƒ•ã‚£ãƒ¼ãƒ«æƒ…å ±ç·¨é›†å¤±æ•—: nameã‚’1æ–‡å­—ã«ã™ã‚‹ ãƒãƒªãƒ‡ãƒ¼ã‚·ãƒ§ãƒ³ã‚¨ãƒ©ãƒ¼ãŒè¡¨ç¤ºã•ã‚Œã‚‹[0m
[31mrspec ./spec/system/03_finishing_touches_spec.rb:131[0m [36m# [STEP3] ä»•ä¸Šã’ã®ãƒ†ã‚¹ãƒˆ å‡¦ç†å¤±æ•—æ™‚ã®ãƒ†ã‚¹ãƒˆ æŠ•ç¨¿ãƒ‡ãƒ¼ã‚¿ã®æ–°è¦æŠ•ç¨¿å¤±æ•—: æŠ•ç¨¿ä¸€è¦§ç”»é¢ã‹ã‚‰è¡Œã„ã€titleã‚’ç©ºã«ã™ã‚‹ æŠ•ç¨¿ãŒä¿å­˜ã•ã‚Œãªã„[0m
[31mrspec ./spec/system/03_finishing_touches_spec.rb:134[0m [36m# [STEP3] ä»•ä¸Šã’ã®ãƒ†ã‚¹ãƒˆ å‡¦ç†å¤±æ•—æ™‚ã®ãƒ†ã‚¹ãƒˆ æŠ•ç¨¿ãƒ‡ãƒ¼ã‚¿ã®æ–°è¦æŠ•ç¨¿å¤±æ•—: æŠ•ç¨¿ä¸€è¦§ç”»é¢ã‹ã‚‰è¡Œã„ã€titleã‚’ç©ºã«ã™ã‚‹ æŠ•ç¨¿ä¸€è¦§ç”»é¢ã‚’è¡¨ç¤ºã—ã¦ã„ã‚‹[0m
[31mrspec ./spec/system/03_finishing_touches_spec.rb:140[0m [36m# [STEP3] ä»•ä¸Šã’ã®ãƒ†ã‚¹ãƒˆ å‡¦ç†å¤±æ•—æ™‚ã®ãƒ†ã‚¹ãƒˆ æŠ•ç¨¿ãƒ‡ãƒ¼ã‚¿ã®æ–°è¦æŠ•ç¨¿å¤±æ•—: æŠ•ç¨¿ä¸€è¦§ç”»é¢ã‹ã‚‰è¡Œã„ã€titleã‚’ç©ºã«ã™ã‚‹ æ–°è¦æŠ•ç¨¿ãƒ•ã‚©ãƒ¼ãƒ ã®å†…å®¹ãŒæ­£ã—ã„[0m
[31mrspec ./spec/system/03_finishing_touches_spec.rb:144[0m [36m# [STEP3] ä»•ä¸Šã’ã®ãƒ†ã‚¹ãƒˆ å‡¦ç†å¤±æ•—æ™‚ã®ãƒ†ã‚¹ãƒˆ æŠ•ç¨¿ãƒ‡ãƒ¼ã‚¿ã®æ–°è¦æŠ•ç¨¿å¤±æ•—: æŠ•ç¨¿ä¸€è¦§ç”»é¢ã‹ã‚‰è¡Œã„ã€titleã‚’ç©ºã«ã™ã‚‹ ãƒãƒªãƒ‡ãƒ¼ã‚·ãƒ§ãƒ³ã‚¨ãƒ©ãƒ¼ãŒè¡¨ç¤ºã•ã‚Œã‚‹[0m
[31mrspec ./spec/system/03_finishing_touches_spec.rb:162[0m [36m# [STEP3] ä»•ä¸Šã’ã®ãƒ†ã‚¹ãƒˆ å‡¦ç†å¤±æ•—æ™‚ã®ãƒ†ã‚¹ãƒˆ æŠ•ç¨¿ãƒ‡ãƒ¼ã‚¿ã®æ›´æ–°å¤±æ•—: titleã‚’ç©ºã«ã™ã‚‹ æŠ•ç¨¿ãŒæ›´æ–°ã•ã‚Œãªã„[0m
[31mrspec ./spec/system/03_finishing_touches_spec.rb:165[0m [36m# [STEP3] ä»•ä¸Šã’ã®ãƒ†ã‚¹ãƒˆ å‡¦ç†å¤±æ•—æ™‚ã®ãƒ†ã‚¹ãƒˆ æŠ•ç¨¿ãƒ‡ãƒ¼ã‚¿ã®æ›´æ–°å¤±æ•—: titleã‚’ç©ºã«ã™ã‚‹ æŠ•ç¨¿ç·¨é›†ç”»é¢ã‚’è¡¨ç¤ºã—ã¦ãŠã‚Šã€ãƒ•ã‚©ãƒ¼ãƒ ã®å†…å®¹ãŒæ­£ã—ã„[0m
[31mrspec ./spec/system/03_finishing_touches_spec.rb:170[0m [36m# [STEP3] ä»•ä¸Šã’ã®ãƒ†ã‚¹ãƒˆ å‡¦ç†å¤±æ•—æ™‚ã®ãƒ†ã‚¹ãƒˆ æŠ•ç¨¿ãƒ‡ãƒ¼ã‚¿ã®æ›´æ–°å¤±æ•—: titleã‚’ç©ºã«ã™ã‚‹ ã‚¨ãƒ©ãƒ¼ãƒ¡ãƒƒã‚»ãƒ¼ã‚¸ãŒè¡¨ç¤ºã•ã‚Œã‚‹[0m
[31mrspec ./spec/system/03_finishing_touches_spec.rb:222[0m [36m# [STEP3] ä»•ä¸Šã’ã®ãƒ†ã‚¹ãƒˆ ä»–äººã®ç”»é¢ã®ãƒ†ã‚¹ãƒˆ ä»–äººã®æŠ•ç¨¿è©³ç´°ç”»é¢ã®ãƒ†ã‚¹ãƒˆ è¡¨ç¤ºå†…å®¹ã®ç¢ºèª ã€ŒBook detailã€ã¨è¡¨ç¤ºã•ã‚Œã‚‹[0m
[31mrspec ./spec/system/03_finishing_touches_spec.rb:243[0m [36m# [STEP3] ä»•ä¸Šã’ã®ãƒ†ã‚¹ãƒˆ ä»–äººã®ç”»é¢ã®ãƒ†ã‚¹ãƒˆ ä»–äººã®æŠ•ç¨¿è©³ç´°ç”»é¢ã®ãƒ†ã‚¹ãƒˆ ã‚µã‚¤ãƒ‰ãƒãƒ¼ã®ç¢ºèª ä»–äººã®åå‰ã¨ç´¹ä»‹æ–‡ãŒè¡¨ç¤ºã•ã‚Œã‚‹[0m
[31mrspec ./spec/system/03_finishing_touches_spec.rb:247[0m [36m# [STEP3] ä»•ä¸Šã’ã®ãƒ†ã‚¹ãƒˆ ä»–äººã®ç”»é¢ã®ãƒ†ã‚¹ãƒˆ ä»–äººã®æŠ•ç¨¿è©³ç´°ç”»é¢ã®ãƒ†ã‚¹ãƒˆ ã‚µã‚¤ãƒ‰ãƒãƒ¼ã®ç¢ºèª ä»–äººã®ãƒ¦ãƒ¼ã‚¶ç·¨é›†ç”»é¢ã¸ã®ãƒªãƒ³ã‚¯ãŒå­˜åœ¨ã™ã‚‹[0m
[31mrspec ./spec/system/03_finishing_touches_spec.rb:261[0m [36m# [STEP3] ä»•ä¸Šã’ã®ãƒ†ã‚¹ãƒˆ ä»–äººã®ç”»é¢ã®ãƒ†ã‚¹ãƒˆ ä»–äººã®æŠ•ç¨¿ç·¨é›†ç”»é¢ é·ç§»ã§ããšã€æŠ•ç¨¿ä¸€è¦§ç”»é¢ã«ãƒªãƒ€ã‚¤ãƒ¬ã‚¯ãƒˆã•ã‚Œã‚‹[0m
[31mrspec ./spec/system/03_finishing_touches_spec.rb:276[0m [36m# [STEP3] ä»•ä¸Šã’ã®ãƒ†ã‚¹ãƒˆ ä»–äººã®ç”»é¢ã®ãƒ†ã‚¹ãƒˆ ä»–äººã®ãƒ¦ãƒ¼ã‚¶è©³ç´°ç”»é¢ã®ãƒ†ã‚¹ãƒˆ è¡¨ç¤ºã®ç¢ºèª æŠ•ç¨¿ä¸€è¦§ã®ãƒ¦ãƒ¼ã‚¶ç”»åƒã®ãƒªãƒ³ã‚¯å…ˆãŒæ­£ã—ã„[0m
[31mrspec ./spec/system/03_finishing_touches_spec.rb:296[0m [36m# [STEP3] ä»•ä¸Šã’ã®ãƒ†ã‚¹ãƒˆ ä»–äººã®ç”»é¢ã®ãƒ†ã‚¹ãƒˆ ä»–äººã®ãƒ¦ãƒ¼ã‚¶è©³ç´°ç”»é¢ã®ãƒ†ã‚¹ãƒˆ ã‚µã‚¤ãƒ‰ãƒãƒ¼ã®ç¢ºèª ä»–äººã®ãƒ¦ãƒ¼ã‚¶ç·¨é›†ç”»é¢ã¸ã®ãƒªãƒ³ã‚¯ãŒå­˜åœ¨ã™ã‚‹[0m
[31mrspec ./spec/system/03_finishing_touches_spec.rb:327[0m [36m# [STEP3] ä»•ä¸Šã’ã®ãƒ†ã‚¹ãƒˆ ã‚°ãƒªãƒƒãƒ‰ã‚·ã‚¹ãƒ†ãƒ ã®ãƒ†ã‚¹ãƒˆ: container, row, col-md-ã€‡ã‚’æ­£ã—ãä½¿ãˆã¦ã„ã‚‹ ãƒ¦ãƒ¼ã‚¶ä¸€è¦§ç”»é¢[0m
[31mrspec ./spec/system/03_finishing_touches_spec.rb:332[0m [36m# [STEP3] ä»•ä¸Šã’ã®ãƒ†ã‚¹ãƒˆ ã‚°ãƒªãƒƒãƒ‰ã‚·ã‚¹ãƒ†ãƒ ã®ãƒ†ã‚¹ãƒˆ: container, row, col-md-ã€‡ã‚’æ­£ã—ãä½¿ãˆã¦ã„ã‚‹ ãƒ¦ãƒ¼ã‚¶è©³ç´°ç”»é¢[0m
[31mrspec ./spec/system/03_finishing_touches_spec.rb:337[0m [36m# [STEP3] ä»•ä¸Šã’ã®ãƒ†ã‚¹ãƒˆ ã‚°ãƒªãƒƒãƒ‰ã‚·ã‚¹ãƒ†ãƒ ã®ãƒ†ã‚¹ãƒˆ: container, row, col-md-ã€‡ã‚’æ­£ã—ãä½¿ãˆã¦ã„ã‚‹ æŠ•ç¨¿ä¸€è¦§ç”»é¢[0m
[31mrspec ./spec/system/03_finishing_touches_spec.rb:342[0m [36m# [STEP3] ä»•ä¸Šã’ã®ãƒ†ã‚¹ãƒˆ ã‚°ãƒªãƒƒãƒ‰ã‚·ã‚¹ãƒ†ãƒ ã®ãƒ†ã‚¹ãƒˆ: container, row, col-md-ã€‡ã‚’æ­£ã—ãä½¿ãˆã¦ã„ã‚‹ æŠ•ç¨¿è©³ç´°ç”»é¢[0m
[31mrspec ./spec/system/03_finishing_touches_spec.rb:357[0m [36m# [STEP3] ä»•ä¸Šã’ã®ãƒ†ã‚¹ãƒˆ ã‚¢ã‚¤ã‚³ãƒ³ã®ãƒ†ã‚¹ãƒˆ ãƒˆãƒƒãƒ—ç”»é¢ æœ¬ã®ã‚¢ã‚¤ã‚³ãƒ³ãŒè¡¨ç¤ºã•ã‚Œã‚‹[0m
[31mrspec ./spec/system/03_finishing_touches_spec.rb:369[0m [36m# [STEP3] ä»•ä¸Šã’ã®ãƒ†ã‚¹ãƒˆ ã‚¢ã‚¤ã‚³ãƒ³ã®ãƒ†ã‚¹ãƒˆ ã‚¢ãƒã‚¦ãƒˆç”»é¢ æœ¬ã®ã‚¢ã‚¤ã‚³ãƒ³ãŒè¡¨ç¤ºã•ã‚Œã‚‹[0m
[31mrspec ./spec/system/03_finishing_touches_spec.rb:381[0m [36m# [STEP3] ä»•ä¸Šã’ã®ãƒ†ã‚¹ãƒˆ ã‚¢ã‚¤ã‚³ãƒ³ã®ãƒ†ã‚¹ãƒˆ ãƒ˜ãƒƒãƒ€ãƒ¼: ãƒ­ã‚°ã‚¤ãƒ³ã—ã¦ã„ãªã„å ´åˆ Homeãƒªãƒ³ã‚¯ã®ã‚¢ã‚¤ã‚³ãƒ³ãŒè¡¨ç¤ºã•ã‚Œã‚‹[0m
[31mrspec ./spec/system/03_finishing_touches_spec.rb:384[0m [36m# [STEP3] ä»•ä¸Šã’ã®ãƒ†ã‚¹ãƒˆ ã‚¢ã‚¤ã‚³ãƒ³ã®ãƒ†ã‚¹ãƒˆ ãƒ˜ãƒƒãƒ€ãƒ¼: ãƒ­ã‚°ã‚¤ãƒ³ã—ã¦ã„ãªã„å ´åˆ Aboutãƒªãƒ³ã‚¯ã®ã‚¢ã‚¤ã‚³ãƒ³ãŒè¡¨ç¤ºã•ã‚Œã‚‹[0m
[31mrspec ./spec/system/03_finishing_touches_spec.rb:387[0m [36m# [STEP3] ä»•ä¸Šã’ã®ãƒ†ã‚¹ãƒˆ ã‚¢ã‚¤ã‚³ãƒ³ã®ãƒ†ã‚¹ãƒˆ ãƒ˜ãƒƒãƒ€ãƒ¼: ãƒ­ã‚°ã‚¤ãƒ³ã—ã¦ã„ãªã„å ´åˆ sign upãƒªãƒ³ã‚¯ã®ã‚¢ã‚¤ã‚³ãƒ³ãŒè¡¨ç¤ºã•ã‚Œã‚‹[0m
[31mrspec ./spec/system/03_finishing_touches_spec.rb:390[0m [36m# [STEP3] ä»•ä¸Šã’ã®ãƒ†ã‚¹ãƒˆ ã‚¢ã‚¤ã‚³ãƒ³ã®ãƒ†ã‚¹ãƒˆ ãƒ˜ãƒƒãƒ€ãƒ¼: ãƒ­ã‚°ã‚¤ãƒ³ã—ã¦ã„ãªã„å ´åˆ loginãƒªãƒ³ã‚¯ã®ã‚¢ã‚¤ã‚³ãƒ³ãŒè¡¨ç¤ºã•ã‚Œã‚‹[0m
[31mrspec ./spec/system/03_finishing_touches_spec.rb:405[0m [36m# [STEP3] ä»•ä¸Šã’ã®ãƒ†ã‚¹ãƒˆ ã‚¢ã‚¤ã‚³ãƒ³ã®ãƒ†ã‚¹ãƒˆ ãƒ˜ãƒƒãƒ€ãƒ¼: ãƒ­ã‚°ã‚¤ãƒ³ã—ã¦ã„ã‚‹å ´åˆ Homeãƒªãƒ³ã‚¯ã®ã‚¢ã‚¤ã‚³ãƒ³ãŒè¡¨ç¤ºã•ã‚Œã‚‹[0m
[31mrspec ./spec/system/03_finishing_touches_spec.rb:408[0m [36m# [STEP3] ä»•ä¸Šã’ã®ãƒ†ã‚¹ãƒˆ ã‚¢ã‚¤ã‚³ãƒ³ã®ãƒ†ã‚¹ãƒˆ ãƒ˜ãƒƒãƒ€ãƒ¼: ãƒ­ã‚°ã‚¤ãƒ³ã—ã¦ã„ã‚‹å ´åˆ Usersãƒªãƒ³ã‚¯ã®ã‚¢ã‚¤ã‚³ãƒ³ãŒè¡¨ç¤ºã•ã‚Œã‚‹[0m
[31mrspec ./spec/system/03_finishing_touches_spec.rb:411[0m [36m# [STEP3] ä»•ä¸Šã’ã®ãƒ†ã‚¹ãƒˆ ã‚¢ã‚¤ã‚³ãƒ³ã®ãƒ†ã‚¹ãƒˆ ãƒ˜ãƒƒãƒ€ãƒ¼: ãƒ­ã‚°ã‚¤ãƒ³ã—ã¦ã„ã‚‹å ´åˆ Booksãƒªãƒ³ã‚¯ã®ã‚¢ã‚¤ã‚³ãƒ³ãŒè¡¨ç¤ºã•ã‚Œã‚‹[0m
[31mrspec ./spec/system/03_finishing_touches_spec.rb:414[0m [36m# [STEP3] ä»•ä¸Šã’ã®ãƒ†ã‚¹ãƒˆ ã‚¢ã‚¤ã‚³ãƒ³ã®ãƒ†ã‚¹ãƒˆ ãƒ˜ãƒƒãƒ€ãƒ¼: ãƒ­ã‚°ã‚¤ãƒ³ã—ã¦ã„ã‚‹å ´åˆ log outãƒªãƒ³ã‚¯ã®ã‚¢ã‚¤ã‚³ãƒ³ãŒè¡¨ç¤ºã•ã‚Œã‚‹[0m
[31mrspec ./spec/system/03_finishing_touches_spec.rb:429[0m [36m# [STEP3] ä»•ä¸Šã’ã®ãƒ†ã‚¹ãƒˆ ã‚¢ã‚¤ã‚³ãƒ³ã®ãƒ†ã‚¹ãƒˆ ã‚µã‚¤ãƒ‰ãƒãƒ¼ ãƒ¦ãƒ¼ã‚¶ä¸€è¦§ç”»é¢ã§ãƒ¬ãƒ³ãƒã‚¢ã‚¤ã‚³ãƒ³ãŒè¡¨ç¤ºã•ã‚Œã‚‹[0m
[31mrspec ./spec/system/03_finishing_touches_spec.rb:433[0m [36m# [STEP3] ä»•ä¸Šã’ã®ãƒ†ã‚¹ãƒˆ ã‚¢ã‚¤ã‚³ãƒ³ã®ãƒ†ã‚¹ãƒˆ ã‚µã‚¤ãƒ‰ãƒãƒ¼ ãƒ¦ãƒ¼ã‚¶è©³ç´°ç”»é¢ã§ãƒ¬ãƒ³ãƒã‚¢ã‚¤ã‚³ãƒ³ãŒè¡¨ç¤ºã•ã‚Œã‚‹[0m
[31mrspec ./spec/system/03_finishing_touches_spec.rb:437[0m [36m# [STEP3] ä»•ä¸Šã’ã®ãƒ†ã‚¹ãƒˆ ã‚¢ã‚¤ã‚³ãƒ³ã®ãƒ†ã‚¹ãƒˆ ã‚µã‚¤ãƒ‰ãƒãƒ¼ æŠ•ç¨¿ä¸€è¦§ç”»é¢ã§ãƒ¬ãƒ³ãƒã‚¢ã‚¤ã‚³ãƒ³ãŒè¡¨ç¤ºã•ã‚Œã‚‹[0m
[31mrspec ./spec/system/03_finishing_touches_spec.rb:441[0m [36m# [STEP3] ä»•ä¸Šã’ã®ãƒ†ã‚¹ãƒˆ ã‚¢ã‚¤ã‚³ãƒ³ã®ãƒ†ã‚¹ãƒˆ ã‚µã‚¤ãƒ‰ãƒãƒ¼ æŠ•ç¨¿è©³ç´°ç”»é¢ã§ãƒ¬ãƒ³ãƒã‚¢ã‚¤ã‚³ãƒ³ãŒè¡¨ç¤ºã•ã‚Œã‚‹[0m

